Initializing document watcher...
Document watcher initialized
gabrielblucas/functions/index.js: {}
gabrielblucas/functions/index.js: {}
gabrielblucas/functions/index.js: {}
gabrielblucas/functions/index.js: {}
gabrielblucas/functions/index.js: Using EditorConfig core...
gabrielblucas/functions/index.js: {}
gabrielblucas/functions/index.js: {}
gabrielblucas/functions/index.js: {}
gabrielblucas/functions/index.js: {}
No more open editors.
No more open editors.
gabrielblucas/functions/index.js: {}
gabrielblucas/functions/index.js: {}
gabrielblucas/public/profile.html: {}
gabrielblucas/public/profile.js: {}
gabrielblucas/public/profile.html: Using EditorConfig core...
gabrielblucas/public/profile.js: Using EditorConfig core...
gabrielblucas/public/profile.js: {}
gabrielblucas/public/profile.html: {}
gabrielblucas/public/profile.js: {}
gabrielblucas/public/app.js: {}
gabrielblucas/public/app.js: {}
gabrielblucas/public/profile.js: {}
gabrielblucas/public/profile.js: Using EditorConfig core...
gabrielblucas/public/profile.js: Using EditorConfig core...
gabrielblucas/public/profile.js: Using EditorConfig core...
gabrielblucas/public/profile.js: Using EditorConfig core...
gabrielblucas/public/profile.js: Using EditorConfig core...
gabrielblucas/public/profile.js: Using EditorConfig core...
gabrielblucas/public/profile.js: Using EditorConfig core...
gabrielblucas/public/profile.js: Using EditorConfig core...
gabrielblucas/public/profile.js: Using EditorConfig core...
gabrielblucas/public/profile.js: Using EditorConfig core...
gabrielblucas/public/app.js: {}
gabrielblucas/public/profile.js: {}
gabrielblucas/public/profile.js: Using EditorConfig core...
gabrielblucas/public/profile.js: Using EditorConfig core...
gabrielblucas/public/profile.js: Using EditorConfig core...
gabrielblucas/public/profile.js: Using EditorConfig core...
gabrielblucas/public/profile.js: Using EditorConfig core...
gabrielblucas/public/profile.js: Using EditorConfig core...
gabrielblucas/public/profile.js: Using EditorConfig core...
gabrielblucas/public/profile.js: Using EditorConfig core...
gabrielblucas/public/profile.js: {}
gabrielblucas/public/app.js: {}
gabrielblucas/public/app.js: Using EditorConfig core...
gabrielblucas/public/app.js: {}
gabrielblucas/public/profile.html: {}
gabrielblucas/public/profile.js: {}
gabrielblucas/public/profile.html: Using EditorConfig core...
gabrielblucas/public/profile.js: Using EditorConfig core...
gabrielblucas/public/profile.js: {}
gabrielblucas/public/profile.html: {}
gabrielblucas/public/profile.html: {}
gabrielblucas/public/profile.js: {}
gabrielblucas/public/profile.js: {}
gabrielblucas/functions/index.js: {}
gabrielblucas/functions/index.js: {}
gabrielblucas/functions/index.js: {}
gabrielblucas/functions/index.js: {}
gabrielblucas/functions/index.js: {}
gabrielblucas/functions/index.js: {}
gabrielblucas/functions/index.js: {}
gabrielblucas/functions/index.js: {}
gabrielblucas/functions/index.js: {}
gabrielblucas/functions/index.js: {}
gabrielblucas/public/app.js: {}
gabrielblucas/public/profile.js: {}
gabrielblucas/public/app.js: Using EditorConfig core...
gabrielblucas/public/profile.js: Using EditorConfig core...
gabrielblucas/public/profile.js: {}
gabrielblucas/public/app.js: {}
gabrielblucas/public/profile.js: {}
gabrielblucas/functions/index.js: {}
gabrielblucas/functions/index.js: {}
gabrielblucas/functions/index.js: {}
gabrielblucas/functions/index.js: {}
gabrielblucas/functions/index.js: {}
gabrielblucas/public/profile.js: {}
gabrielblucas/public/profile.js: {}
gabrielblucas/functions/index.js: {}
gabrielblucas/functions/index.js: {}
gabrielblucas/functions/index.js: Using EditorConfig core...
gabrielblucas/functions/index.js: Using EditorConfig core...
gabrielblucas/functions/.eslintrc.js: {}
gabrielblucas/functions/.eslintrc.js: Using EditorConfig core...
gabrielblucas/functions/.eslintrc.js: {}
gabrielblucas/public/app.js: {}
gabrielblucas/public/profile.js: {}
gabrielblucas/public/app.js: Using EditorConfig core...
gabrielblucas/public/profile.js: Using EditorConfig core...
gabrielblucas/public/profile.js: {}
gabrielblucas/public/app.js: {}
gabrielblucas/public/profile.js: {}
gabrielblucas/public/profile.html: {}
gabrielblucas/public/profile.html: {}
gabrielblucas/public/profile.html: Using EditorConfig core...
gabrielblucas/public/profile.html: {}
gabrielblucas/public/profile.html: Using EditorConfig core...
gabrielblucas/public/profile.html: {}
gabrielblucas/public/profile.html: Using EditorConfig core...
gabrielblucas/public/profile.html: {}
gabrielblucas/public/profile.html: {}
gabrielblucas/public/profile.html: {}
gabrielblucas/public/profile.js: {}
gabrielblucas/public/profile.js: Using EditorConfig core...
gabrielblucas/public/app.js: {}
gabrielblucas/public/app.js: Using EditorConfig core...
gabrielblucas/public/app.js: {}
gabrielblucas/public/profile.js: {}
gabrielblucas/public/app.js: {}
gabrielblucas/public/profile.html: {}
gabrielblucas/public/profile.html: {}
gabrielblucas/public/profile.html: Using EditorConfig core...
gabrielblucas/public/profile.js: {}
gabrielblucas/public/profile.js: Using EditorConfig core...
gabrielblucas/public/profile.html: {}
gabrielblucas/public/profile.js: {}
gabrielblucas/public/firebase-config.js: {}
gabrielblucas/public/firebase-config.js: Using EditorConfig core...
gabrielblucas/public/firebase-config.js: {}
gabrielblucas/public/firebase-config.js: {}
gabrielblucas/public/firebase-config.js: {}
gabrielblucas/public/auth.js: {}
gabrielblucas/public/auth.js: {}
gabrielblucas/public/auth.js: Using EditorConfig core...
gabrielblucas/public/auth.js: {}
gabrielblucas/public/auth.js: Using EditorConfig core...
gabrielblucas/public/auth.js: {}
gabrielblucas/public/auth.js: {}
gabrielblucas/functions/index.js: {}
gabrielblucas/functions/index.js: {}
gabrielblucas/public/login.html: {}
gabrielblucas/public/index.html: {}
gabrielblucas/public/profile.html: {}
gabrielblucas/public/profile.js: {}
gabrielblucas/public/profile.html: {}
gabrielblucas/public/index.html: {}
gabrielblucas/functions/index.js: {}
gabrielblucas/public/profile.html: {}
gabrielblucas/public/profile.js: {}
gabrielblucas/functions/package.json: {}
gabrielblucas/public/profile.js: {}
gabrielblucas/public/profile.html: {}
No more open editors.
gabrielblucas/functions/middleware/authenticate.js: {}
gabrielblucas/functions/middleware/authenticate.js: Using EditorConfig core...
gabrielblucas/users.js: {}
gabrielblucas/functions/middleware/authenticate.js: {}
gabrielblucas/functions/middleware/authenticate.js: Using EditorConfig core...
gabrielblucas/patients.js: {}
gabrielblucas/functions/middleware/authenticate.js: {}
gabrielblucas/functions/middleware/authenticate.js: Using EditorConfig core...
gabrielblucas/professionals.js: {}
gabrielblucas/functions/middleware/authenticate.js: {}
gabrielblucas/functions/middleware/authenticate.js: Using EditorConfig core...
gabrielblucas/appointments.js: {}
gabrielblucas/functions/middleware/authenticate.js: {}
gabrielblucas/functions/index.js: {}
gabrielblucas/functions/middleware/authenticate.js: Using EditorConfig core...
gabrielblucas/functions/index.js: Using EditorConfig core...
gabrielblucas/functions/routes/appointments.js: {}
gabrielblucas/functions/routes/patients.js: {}
gabrielblucas/functions/routes/professionals.js: {}
gabrielblucas/functions/routes/users.js: {}
gabrielblucas/functions/middleware/authenticate.js: {}
gabrielblucas/functions/middleware/authenticate.js: Using EditorConfig core...
gabrielblucas/functions/routes/users.js: {}
gabrielblucas/functions/routes/users.js: Using EditorConfig core...
gabrielblucas/functions/routes/professionals.js: {}
gabrielblucas/functions/routes/users.js: {}
gabrielblucas/functions/routes/patients.js: {}
gabrielblucas/functions/routes/patients.js: Using EditorConfig core...
gabrielblucas/functions/routes/professionals.js: {}
gabrielblucas/functions/routes/professionals.js: Using EditorConfig core...
gabrielblucas/functions/routes/appointments.js: {}
gabrielblucas/functions/routes/appointments.js: Using EditorConfig core...
gabrielblucas/functions/index.js: {}
gabrielblucas/functions/index.js: {}
gabrielblucas/functions/index.js: {}
gabrielblucas/functions/.eslintrc.js: {}
gabrielblucas/functions/.eslintrc.js: Using EditorConfig core...
gabrielblucas/functions/.eslintrc.js: {}
gabrielblucas/functions/.eslintrc.js: {}
gabrielblucas/functions/.eslintrc.js: Using EditorConfig core...
gabrielblucas/functions/.eslintrc.js: {}
gabrielblucas/functions/.eslintrc.js: Using EditorConfig core...
gabrielblucas/functions/.eslintrc.js: Using EditorConfig core...
gabrielblucas/functions/.eslintrc.js: {}
gabrielblucas/functions/.eslintrc.js: Using EditorConfig core...
gabrielblucas/functions/index.js: {}
gabrielblucas/functions/index.js: {}
gabrielblucas/public/app.js: {}
gabrielblucas/public/app.js: {}
gabrielblucas/public/app.js: {}
