2025-09-05 17:48:08.463 [info] [main] Log level: Info
2025-09-05 17:48:08.463 [info] [main] Validating found git in: "git"
2025-09-05 17:48:08.464 [info] [main] Using git "2.43.0" from "git"
2025-09-05 17:48:08.464 [info] [Model][doInitialScan] Initial repository scan started
2025-09-05 17:48:08.464 [info] > git rev-parse --show-toplevel [104ms]
2025-09-05 17:48:08.464 [info] > git rev-parse --git-dir --git-common-dir [14ms]
2025-09-05 17:48:08.464 [info] [Model][openRepository] Opened repository (path): /home/gabrielblucas
2025-09-05 17:48:08.464 [info] [Model][openRepository] Opened repository (real path): /home/gabrielblucas
2025-09-05 17:48:08.465 [info] > git rev-parse --show-toplevel [71ms]
2025-09-05 17:48:08.465 [info] > git config --get commit.template [92ms]
2025-09-05 17:48:08.487 [info] > git for-each-ref --format=%(refname)%00%(upstream:short)%00%(objectname)%00%(upstream:track)%00%(upstream:remotename)%00%(upstream:remoteref) refs/heads/main refs/remotes/main [11ms]
2025-09-05 17:48:08.488 [info] > git rev-parse --show-toplevel [3ms]
2025-09-05 17:48:08.509 [info] > git rev-parse --show-toplevel [1ms]
2025-09-05 17:48:11.669 [info] > git status -z -uall [3129ms]
2025-09-05 17:48:11.669 [info] > git rev-parse --show-toplevel [3146ms]
2025-09-05 17:48:11.777 [info] > git for-each-ref --sort -committerdate --format %(refname)%00%(objectname)%00%(*objectname) [3182ms]
2025-09-05 17:48:11.944 [info] > git check-ignore -v -z --stdin [262ms]
2025-09-05 17:48:11.949 [info] > git for-each-ref --format=%(refname)%00%(upstream:short)%00%(objectname)%00%(upstream:track)%00%(upstream:remotename)%00%(upstream:remoteref) refs/heads/main refs/remotes/main [131ms]
2025-09-05 17:48:11.974 [info] > git rev-parse --show-toplevel [259ms]
2025-09-05 17:48:12.326 [info] > git config --get --local branch.main.vscode-merge-base [351ms]
2025-09-05 17:48:12.327 [warning] [Git][config] git config failed: Failed to execute git
2025-09-05 17:48:12.340 [info] > git config --get commit.template [415ms]
2025-09-05 17:48:12.622 [info] > git rev-parse --show-toplevel [315ms]
2025-09-05 17:48:12.644 [info] > git reflog main --grep-reflog=branch: Created from *. [305ms]
2025-09-05 17:48:12.663 [info] > git symbolic-ref --short refs/remotes/origin/HEAD [9ms]
2025-09-05 17:48:12.663 [info] fatal: ref refs/remotes/origin/HEAD is not a symbolic ref
2025-09-05 17:48:12.663 [warning] [Repository][getDefaultBranch] Failed to get default branch details: Failed to execute git.
2025-09-05 17:48:12.673 [info] > git rev-parse --show-toplevel [32ms]
2025-09-05 17:48:12.674 [info] > git for-each-ref --format=%(refname)%00%(upstream:short)%00%(objectname)%00%(upstream:track)%00%(upstream:remotename)%00%(upstream:remoteref) refs/heads/main refs/remotes/main [41ms]
2025-09-05 17:48:12.708 [info] > git merge-base refs/heads/main refs/remotes/origin/main [36ms]
2025-09-05 17:48:12.788 [info] > git rev-parse --show-toplevel [100ms]
2025-09-05 17:48:12.799 [info] > git diff --name-status -z --diff-filter=ADMR 6d9c630507338b941491efc1360b200c6e082f10...refs/remotes/origin/main [82ms]
2025-09-05 17:48:12.825 [info] > git rev-parse --show-toplevel [27ms]
2025-09-05 17:48:12.854 [info] > git for-each-ref --sort -committerdate --format %(refname)%00%(objectname)%00%(*objectname) [31ms]
2025-09-05 17:48:12.856 [info] > git rev-parse --show-toplevel [17ms]
2025-09-05 17:48:12.871 [info] > git rev-parse --show-toplevel [3ms]
2025-09-05 17:48:12.872 [info] [Model][doInitialScan] Initial repository scan completed - repositories (1), closed repositories (0), parent repositories (0), unsafe repositories (0)
2025-09-05 17:48:12.895 [info] > git show --textconv :public/modules/ui.js [12ms]
2025-09-05 17:48:12.921 [info] > git ls-files --stage -- public/modules/ui.js [28ms]
2025-09-05 17:48:12.936 [info] > git hash-object -t tree /dev/null [30ms]
2025-09-05 17:48:12.936 [warning] [GitFileSystemProvider][readFile] File not found - git:/home/gabrielblucas/public/modules/ui.js.git?%7B%22path%22%3A%22%2Fhome%2Fgabrielblucas%2Fpublic%2Fmodules%2Fui.js%22%2C%22ref%22%3A%22%22%7D
2025-09-05 17:48:12.953 [info] > git hash-object -t tree /dev/null [22ms]
2025-09-05 17:48:12.954 [warning] [GitFileSystemProvider][stat] File not found - git:/home/gabrielblucas/public/modules/ui.js.git?%7B%22path%22%3A%22%2Fhome%2Fgabrielblucas%2Fpublic%2Fmodules%2Fui.js%22%2C%22ref%22%3A%22%22%7D
2025-09-05 17:48:13.006 [info] > git status -z -uall [195ms]
2025-09-05 17:48:13.265 [info] > git blame --root --incremental 6d9c630507338b941491efc1360b200c6e082f10 -- public/modules/ui.js [3ms]
2025-09-05 17:48:13.265 [info] fatal: no such path public/modules/ui.js in 6d9c630507338b941491efc1360b200c6e082f10
2025-09-05 17:48:45.523 [info] > git config --get commit.template [12ms]
2025-09-05 17:48:45.537 [info] > git for-each-ref --format=%(refname)%00%(upstream:short)%00%(objectname)%00%(upstream:track)%00%(upstream:remotename)%00%(upstream:remoteref) refs/heads/main refs/remotes/main [3ms]
2025-09-05 17:48:45.580 [info] > git for-each-ref --sort -committerdate --format %(refname)%00%(objectname)%00%(*objectname) [5ms]
2025-09-05 17:48:45.720 [info] > git status -z -uall [169ms]
2025-09-05 17:48:56.603 [info] > git check-ignore -v -z --stdin [11ms]
2025-09-05 17:54:55.022 [info] > git config --get commit.template [1ms]
2025-09-05 17:54:55.031 [info] > git for-each-ref --format=%(refname)%00%(upstream:short)%00%(objectname)%00%(upstream:track)%00%(upstream:remotename)%00%(upstream:remoteref) refs/heads/main refs/remotes/main [2ms]
2025-09-05 17:54:55.059 [info] > git for-each-ref --sort -committerdate --format %(refname)%00%(objectname)%00%(*objectname) [2ms]
2025-09-05 17:54:55.301 [info] > git status -z -uall [261ms]
2025-09-05 17:55:00.353 [info] > git config --get commit.template [8ms]
2025-09-05 17:55:00.354 [info] > git for-each-ref --format=%(refname)%00%(upstream:short)%00%(objectname)%00%(upstream:track)%00%(upstream:remotename)%00%(upstream:remoteref) refs/heads/main refs/remotes/main [2ms]
2025-09-05 17:55:00.378 [info] > git for-each-ref --sort -committerdate --format %(refname)%00%(objectname)%00%(*objectname) [11ms]
2025-09-05 17:55:00.518 [info] > git status -z -uall [157ms]
2025-09-05 17:57:12.863 [info] > git config --get commit.template [7ms]
2025-09-05 17:57:12.865 [info] > git for-each-ref --format=%(refname)%00%(upstream:short)%00%(objectname)%00%(upstream:track)%00%(upstream:remotename)%00%(upstream:remoteref) refs/heads/main refs/remotes/main [2ms]
2025-09-05 17:57:12.895 [info] > git for-each-ref --sort -committerdate --format %(refname)%00%(objectname)%00%(*objectname) [17ms]
2025-09-05 17:57:13.021 [info] > git status -z -uall [150ms]
2025-09-05 17:57:18.061 [info] > git config --get commit.template [7ms]
2025-09-05 17:57:18.063 [info] > git for-each-ref --format=%(refname)%00%(upstream:short)%00%(objectname)%00%(upstream:track)%00%(upstream:remotename)%00%(upstream:remoteref) refs/heads/main refs/remotes/main [2ms]
2025-09-05 17:57:18.092 [info] > git for-each-ref --sort -committerdate --format %(refname)%00%(objectname)%00%(*objectname) [16ms]
2025-09-05 17:57:18.215 [info] > git status -z -uall [146ms]
2025-09-05 18:00:00.844 [info] > git config --get commit.template [7ms]
2025-09-05 18:00:00.845 [info] > git for-each-ref --format=%(refname)%00%(upstream:short)%00%(objectname)%00%(upstream:track)%00%(upstream:remotename)%00%(upstream:remoteref) refs/heads/main refs/remotes/main [3ms]
2025-09-05 18:00:00.862 [info] > git for-each-ref --sort -committerdate --format %(refname)%00%(objectname)%00%(*objectname) [3ms]
2025-09-05 18:00:01.003 [info] > git status -z -uall [150ms]
2025-09-05 18:00:06.054 [info] > git config --get commit.template [16ms]
2025-09-05 18:00:06.055 [info] > git for-each-ref --format=%(refname)%00%(upstream:short)%00%(objectname)%00%(upstream:track)%00%(upstream:remotename)%00%(upstream:remoteref) refs/heads/main refs/remotes/main [9ms]
2025-09-05 18:00:06.094 [info] > git for-each-ref --sort -committerdate --format %(refname)%00%(objectname)%00%(*objectname) [19ms]
2025-09-05 18:00:06.266 [info] > git status -z -uall [201ms]
2025-09-05 18:05:05.968 [info] > git config --get commit.template [10ms]
2025-09-05 18:05:05.968 [info] > git for-each-ref --format=%(refname)%00%(upstream:short)%00%(objectname)%00%(upstream:track)%00%(upstream:remotename)%00%(upstream:remoteref) refs/heads/main refs/remotes/main [2ms]
2025-09-05 18:05:05.994 [info] > git for-each-ref --sort -committerdate --format %(refname)%00%(objectname)%00%(*objectname) [8ms]
2025-09-05 18:05:06.141 [info] > git status -z -uall [164ms]
2025-09-05 18:05:19.649 [info] > git config --get commit.template [8ms]
2025-09-05 18:05:19.650 [info] > git for-each-ref --format=%(refname)%00%(upstream:short)%00%(objectname)%00%(upstream:track)%00%(upstream:remotename)%00%(upstream:remoteref) refs/heads/main refs/remotes/main [2ms]
2025-09-05 18:05:19.667 [info] > git for-each-ref --sort -committerdate --format %(refname)%00%(objectname)%00%(*objectname) [4ms]
2025-09-05 18:05:19.809 [info] > git status -z -uall [152ms]
2025-09-05 18:05:32.300 [info] > git ls-files --stage -- functions/index.js [12ms]
2025-09-05 18:05:32.313 [info] > git show --textconv :functions/index.js [43ms]
2025-09-05 18:05:32.317 [info] > git cat-file -s 3fbd75fd24a97fa77d7bc71228ebac1559cc8df6 [4ms]
2025-09-05 18:05:33.011 [info] > git check-ignore -v -z --stdin [17ms]
2025-09-05 18:07:28.199 [info] > git config --get commit.template [5ms]
2025-09-05 18:07:28.210 [info] > git for-each-ref --format=%(refname)%00%(upstream:short)%00%(objectname)%00%(upstream:track)%00%(upstream:remotename)%00%(upstream:remoteref) refs/heads/main refs/remotes/main [3ms]
2025-09-05 18:07:28.252 [info] > git for-each-ref --sort -committerdate --format %(refname)%00%(objectname)%00%(*objectname) [7ms]
2025-09-05 18:07:28.375 [info] > git status -z -uall [155ms]
2025-09-05 18:07:28.625 [info] > git show --textconv :functions/routes/appointments.js [150ms]
2025-09-05 18:07:28.625 [info] > git ls-files --stage -- functions/routes/appointments.js [144ms]
2025-09-05 18:07:28.634 [info] > git cat-file -s 96f4349982b096f35aab98fb4fce9f726dd1a175 [3ms]
2025-09-05 18:07:28.694 [info] > git check-ignore -v -z --stdin [7ms]
2025-09-05 18:07:29.603 [info] > git check-ignore -v -z --stdin [7ms]
2025-09-05 18:07:33.412 [info] > git config --get commit.template [9ms]
2025-09-05 18:07:33.414 [info] > git for-each-ref --format=%(refname)%00%(upstream:short)%00%(objectname)%00%(upstream:track)%00%(upstream:remotename)%00%(upstream:remoteref) refs/heads/main refs/remotes/main [3ms]
2025-09-05 18:07:33.438 [info] > git for-each-ref --sort -committerdate --format %(refname)%00%(objectname)%00%(*objectname) [12ms]
2025-09-05 18:07:33.569 [info] > git status -z -uall [148ms]
2025-09-05 18:13:37.966 [info] > git blame --root --incremental 6d9c630507338b941491efc1360b200c6e082f10 -- functions/routes/appointments.js [165ms]
2025-09-05 18:13:57.575 [info] > git config --get commit.template [8ms]
2025-09-05 18:13:57.584 [info] > git for-each-ref --format=%(refname)%00%(upstream:short)%00%(objectname)%00%(upstream:track)%00%(upstream:remotename)%00%(upstream:remoteref) refs/heads/main refs/remotes/main [2ms]
2025-09-05 18:13:57.606 [info] > git for-each-ref --sort -committerdate --format %(refname)%00%(objectname)%00%(*objectname) [7ms]
2025-09-05 18:13:57.763 [info] > git status -z -uall [171ms]
2025-09-05 18:14:05.642 [info] > git config --get commit.template [7ms]
2025-09-05 18:14:05.643 [info] > git for-each-ref --format=%(refname)%00%(upstream:short)%00%(objectname)%00%(upstream:track)%00%(upstream:remotename)%00%(upstream:remoteref) refs/heads/main refs/remotes/main [2ms]
2025-09-05 18:14:05.674 [info] > git for-each-ref --sort -committerdate --format %(refname)%00%(objectname)%00%(*objectname) [16ms]
2025-09-05 18:14:05.820 [info] > git status -z -uall [168ms]
2025-09-05 18:20:15.511 [info] > git config --get commit.template [7ms]
2025-09-05 18:20:15.520 [info] > git for-each-ref --format=%(refname)%00%(upstream:short)%00%(objectname)%00%(upstream:track)%00%(upstream:remotename)%00%(upstream:remoteref) refs/heads/main refs/remotes/main [3ms]
2025-09-05 18:20:15.540 [info] > git for-each-ref --sort -committerdate --format %(refname)%00%(objectname)%00%(*objectname) [6ms]
2025-09-05 18:20:15.687 [info] > git status -z -uall [160ms]
2025-09-05 18:20:37.270 [info] > git config --get commit.template [7ms]
2025-09-05 18:20:37.271 [info] > git for-each-ref --format=%(refname)%00%(upstream:short)%00%(objectname)%00%(upstream:track)%00%(upstream:remotename)%00%(upstream:remoteref) refs/heads/main refs/remotes/main [2ms]
2025-09-05 18:20:37.300 [info] > git for-each-ref --sort -committerdate --format %(refname)%00%(objectname)%00%(*objectname) [16ms]
2025-09-05 18:20:37.425 [info] > git status -z -uall [147ms]
2025-09-05 18:28:24.640 [info] > git config --get commit.template [10ms]
2025-09-05 18:28:24.641 [info] > git for-each-ref --format=%(refname)%00%(upstream:short)%00%(objectname)%00%(upstream:track)%00%(upstream:remotename)%00%(upstream:remoteref) refs/heads/main refs/remotes/main [2ms]
2025-09-05 18:28:24.667 [info] > git for-each-ref --sort -committerdate --format %(refname)%00%(objectname)%00%(*objectname) [9ms]
2025-09-05 18:28:24.803 [info] > git status -z -uall [154ms]
2025-09-05 18:28:42.547 [info] > git for-each-ref --format=%(refname)%00%(upstream:short)%00%(objectname)%00%(upstream:track)%00%(upstream:remotename)%00%(upstream:remoteref) refs/heads/main refs/remotes/main [3ms]
2025-09-05 18:28:42.547 [info] > git config --get commit.template [9ms]
2025-09-05 18:28:42.574 [info] > git for-each-ref --sort -committerdate --format %(refname)%00%(objectname)%00%(*objectname) [12ms]
2025-09-05 18:28:42.701 [info] > git status -z -uall [147ms]
2025-09-05 18:34:18.821 [info] > git config --get commit.template [3ms]
2025-09-05 18:34:18.829 [info] > git for-each-ref --format=%(refname)%00%(upstream:short)%00%(objectname)%00%(upstream:track)%00%(upstream:remotename)%00%(upstream:remoteref) refs/heads/main refs/remotes/main [2ms]
2025-09-05 18:34:18.845 [info] > git for-each-ref --sort -committerdate --format %(refname)%00%(objectname)%00%(*objectname) [3ms]
2025-09-05 18:34:18.994 [info] > git status -z -uall [158ms]
2025-09-05 18:34:24.028 [info] > git config --get commit.template [7ms]
2025-09-05 18:34:24.029 [info] > git for-each-ref --format=%(refname)%00%(upstream:short)%00%(objectname)%00%(upstream:track)%00%(upstream:remotename)%00%(upstream:remoteref) refs/heads/main refs/remotes/main [2ms]
2025-09-05 18:34:24.057 [info] > git for-each-ref --sort -committerdate --format %(refname)%00%(objectname)%00%(*objectname) [15ms]
2025-09-05 18:34:24.178 [info] > git status -z -uall [142ms]
2025-09-05 18:39:03.075 [info] > git for-each-ref --format=%(refname)%00%(upstream:short)%00%(objectname)%00%(upstream:track)%00%(upstream:remotename)%00%(upstream:remoteref) refs/heads/main refs/remotes/main [3ms]
2025-09-05 18:39:03.075 [info] > git config --get commit.template [10ms]
2025-09-05 18:39:03.092 [info] > git for-each-ref --sort -committerdate --format %(refname)%00%(objectname)%00%(*objectname) [3ms]
2025-09-05 18:39:03.235 [info] > git status -z -uall [153ms]
2025-09-05 18:39:08.282 [info] > git config --get commit.template [8ms]
2025-09-05 18:39:08.284 [info] > git for-each-ref --format=%(refname)%00%(upstream:short)%00%(objectname)%00%(upstream:track)%00%(upstream:remotename)%00%(upstream:remoteref) refs/heads/main refs/remotes/main [3ms]
2025-09-05 18:39:08.320 [info] > git for-each-ref --sort -committerdate --format %(refname)%00%(objectname)%00%(*objectname) [13ms]
2025-09-05 18:39:08.431 [info] > git status -z -uall [140ms]
2025-09-05 18:41:06.994 [info] > git config --get commit.template [9ms]
2025-09-05 18:41:07.003 [info] > git for-each-ref --format=%(refname)%00%(upstream:short)%00%(objectname)%00%(upstream:track)%00%(upstream:remotename)%00%(upstream:remoteref) refs/heads/main refs/remotes/main [2ms]
2025-09-05 18:41:07.025 [info] > git for-each-ref --sort -committerdate --format %(refname)%00%(objectname)%00%(*objectname) [9ms]
2025-09-05 18:41:07.161 [info] > git status -z -uall [152ms]
2025-09-05 18:41:12.195 [info] > git config --get commit.template [4ms]
2025-09-05 18:41:12.202 [info] > git for-each-ref --format=%(refname)%00%(upstream:short)%00%(objectname)%00%(upstream:track)%00%(upstream:remotename)%00%(upstream:remoteref) refs/heads/main refs/remotes/main [2ms]
2025-09-05 18:41:12.219 [info] > git for-each-ref --sort -committerdate --format %(refname)%00%(objectname)%00%(*objectname) [4ms]
2025-09-05 18:41:12.348 [info] > git status -z -uall [139ms]
