2025-09-05 12:00:33.688 [info] [main] Log level: Info
2025-09-05 12:00:33.688 [info] [main] Validating found git in: "git"
2025-09-05 12:00:33.688 [info] [main] Using git "2.43.0" from "git"
2025-09-05 12:00:33.688 [info] [Model][doInitialScan] Initial repository scan started
2025-09-05 12:00:33.688 [info] > git rev-parse --show-toplevel [8ms]
2025-09-05 12:00:33.688 [info] > git rev-parse --git-dir --git-common-dir [5ms]
2025-09-05 12:00:33.688 [info] [Model][openRepository] Opened repository (path): /home/gabrielblucas
2025-09-05 12:00:33.688 [info] [Model][openRepository] Opened repository (real path): /home/gabrielblucas
2025-09-05 12:00:33.688 [info] > git config --get commit.template [13ms]
2025-09-05 12:00:33.689 [info] > git rev-parse --show-toplevel [7ms]
2025-09-05 12:00:33.689 [info] > git rev-parse --show-toplevel [8ms]
2025-09-05 12:00:33.689 [info] > git rev-parse --show-toplevel [5ms]
2025-09-05 12:00:33.689 [info] > git for-each-ref --format=%(refname)%00%(upstream:short)%00%(objectname)%00%(upstream:track)%00%(upstream:remotename)%00%(upstream:remoteref) refs/heads/main refs/remotes/main [57ms]
2025-09-05 12:00:33.689 [info] > git rev-parse --show-toplevel [8ms]
2025-09-05 12:00:33.689 [info] > git rev-parse --show-toplevel [62ms]
2025-09-05 12:00:33.689 [info] > git for-each-ref --sort -committerdate --format %(refname)%00%(objectname)%00%(*objectname) [10ms]
2025-09-05 12:00:33.689 [info] > git rev-parse --show-toplevel [3ms]
2025-09-05 12:00:33.689 [info] > git rev-parse --show-toplevel [10ms]
2025-09-05 12:00:33.689 [info] > git rev-parse --show-toplevel [1ms]
2025-09-05 12:00:33.689 [info] > git rev-parse --show-toplevel [1ms]
2025-09-05 12:00:33.689 [info] > git rev-parse --show-toplevel [4ms]
2025-09-05 12:00:33.689 [info] > git rev-parse --show-toplevel [8ms]
2025-09-05 12:00:33.689 [info] [Model][doInitialScan] Initial repository scan completed - repositories (1), closed repositories (0), parent repositories (0), unsafe repositories (0)
2025-09-05 12:00:33.689 [info] > git check-ignore -v -z --stdin [11ms]
2025-09-05 12:00:33.988 [info] > git show --textconv :public/profile.js [63ms]
2025-09-05 12:00:33.989 [info] > git ls-files --stage -- public/profile.js [56ms]
2025-09-05 12:00:34.001 [info] > git cat-file -s ef0b75df0035815905c260a54d02ef6a8b87b7a3 [5ms]
2025-09-05 12:00:34.671 [info] > git blame --root --incremental fc3ecb4759882768a4dcb4d95fab6182f853f5de -- public/profile.js [314ms]
2025-09-05 12:00:39.180 [info] > git status -z -uall [6959ms]
2025-09-05 12:00:41.708 [info] > git for-each-ref --format=%(refname)%00%(upstream:short)%00%(objectname)%00%(upstream:track)%00%(upstream:remotename)%00%(upstream:remoteref) refs/heads/main refs/remotes/main [2177ms]
2025-09-05 12:00:41.747 [info] > git config --get --local branch.main.vscode-merge-base [25ms]
2025-09-05 12:00:41.747 [warning] [Git][config] git config failed: Failed to execute git
2025-09-05 12:00:41.761 [info] > git config --get commit.template [152ms]
2025-09-05 12:00:41.773 [info] > git for-each-ref --format=%(refname)%00%(upstream:short)%00%(objectname)%00%(upstream:track)%00%(upstream:remotename)%00%(upstream:remoteref) refs/heads/main refs/remotes/main [1ms]
2025-09-05 12:00:41.793 [info] > git reflog main --grep-reflog=branch: Created from *. [33ms]
2025-09-05 12:00:41.801 [info] > git for-each-ref --sort -committerdate --format %(refname)%00%(objectname)%00%(*objectname) [10ms]
2025-09-05 12:00:41.804 [info] > git symbolic-ref --short refs/remotes/origin/HEAD [4ms]
2025-09-05 12:00:41.805 [info] fatal: ref refs/remotes/origin/HEAD is not a symbolic ref
2025-09-05 12:00:41.805 [warning] [Repository][getDefaultBranch] Failed to get default branch details: Failed to execute git.
2025-09-05 12:00:41.819 [info] > git merge-base refs/heads/main refs/remotes/origin/main [3ms]
2025-09-05 12:00:41.833 [info] > git diff --name-status -z --diff-filter=ADMR fc3ecb4759882768a4dcb4d95fab6182f853f5de...refs/remotes/origin/main [3ms]
2025-09-05 12:00:42.025 [info] > git status -z -uall [245ms]
2025-09-05 12:05:19.998 [info] > git check-ignore -v -z --stdin [4ms]
2025-09-05 12:05:21.154 [info] > git check-ignore -v -z --stdin [5ms]
2025-09-05 12:08:55.454 [info] > git config --get commit.template [10ms]
2025-09-05 12:08:55.455 [info] > git for-each-ref --format=%(refname)%00%(upstream:short)%00%(objectname)%00%(upstream:track)%00%(upstream:remotename)%00%(upstream:remoteref) refs/heads/main refs/remotes/main [4ms]
2025-09-05 12:08:55.475 [info] > git for-each-ref --sort -committerdate --format %(refname)%00%(objectname)%00%(*objectname) [2ms]
2025-09-05 12:08:55.699 [info] > git status -z -uall [237ms] (cancelled)
2025-09-05 12:08:55.702 [info] > git check-ignore -v -z --stdin [4ms]
2025-09-05 12:09:00.928 [info] > git config --get commit.template [10ms]
2025-09-05 12:09:00.929 [info] > git for-each-ref --format=%(refname)%00%(upstream:short)%00%(objectname)%00%(upstream:track)%00%(upstream:remotename)%00%(upstream:remoteref) refs/heads/main refs/remotes/main [3ms]
2025-09-05 12:09:00.949 [info] > git for-each-ref --sort -committerdate --format %(refname)%00%(objectname)%00%(*objectname) [2ms]
2025-09-05 12:09:01.149 [info] > git status -z -uall [212ms] (cancelled)
2025-09-05 12:09:01.160 [info] > git check-ignore -v -z --stdin [11ms]
2025-09-05 12:14:41.390 [info] > git show --textconv :ui.js [10ms]
2025-09-05 12:14:41.417 [info] > git hash-object -t tree /dev/null [7ms]
2025-09-05 12:14:41.417 [warning] [GitFileSystemProvider][readFile] File not found - git:/home/gabrielblucas/ui.js.git?%7B%22path%22%3A%22%2Fhome%2Fgabrielblucas%2Fui.js%22%2C%22ref%22%3A%22%22%7D
2025-09-05 12:14:41.427 [info] > git ls-files --stage -- ui.js [38ms]
2025-09-05 12:14:41.428 [warning] [GitFileSystemProvider][stat] File not found - git:/home/gabrielblucas/ui.js.git?%7B%22path%22%3A%22%2Fhome%2Fgabrielblucas%2Fui.js%22%2C%22ref%22%3A%22%22%7D
2025-09-05 12:14:41.605 [info] > git check-ignore -v -z --stdin [6ms]
2025-09-05 12:14:42.763 [info] > git show --textconv :handlers.js [20ms]
2025-09-05 12:14:42.764 [warning] [GitFileSystemProvider][readFile] File not found - git:/home/gabrielblucas/handlers.js.git?%7B%22path%22%3A%22%2Fhome%2Fgabrielblucas%2Fhandlers.js%22%2C%22ref%22%3A%22%22%7D
2025-09-05 12:14:42.764 [info] > git ls-files --stage -- handlers.js [11ms]
2025-09-05 12:14:42.765 [warning] [GitFileSystemProvider][stat] File not found - git:/home/gabrielblucas/handlers.js.git?%7B%22path%22%3A%22%2Fhome%2Fgabrielblucas%2Fhandlers.js%22%2C%22ref%22%3A%22%22%7D
2025-09-05 12:14:42.939 [info] > git check-ignore -v -z --stdin [7ms]
2025-09-05 12:14:43.572 [info] > git ls-files --stage -- public/app.js [3ms]
2025-09-05 12:14:43.619 [info] > git show --textconv :public/app.js [62ms]
2025-09-05 12:14:43.619 [info] > git cat-file -s 757de021d410685e97662932ca39d0f127f9127d [35ms]
2025-09-05 12:14:43.860 [info] > git blame --root --incremental fc3ecb4759882768a4dcb4d95fab6182f853f5de -- public/app.js [9ms]
2025-09-05 12:17:10.518 [info] > git check-ignore -v -z --stdin [5ms]
2025-09-05 12:20:35.632 [info] > git show --textconv :public/app.js [17ms]
2025-09-05 12:20:35.634 [info] > git ls-files --stage -- public/app.js [11ms]
2025-09-05 12:20:35.644 [info] > git cat-file -s 757de021d410685e97662932ca39d0f127f9127d [2ms]
2025-09-05 12:22:45.941 [info] > git show --textconv :public/app.js [7ms]
2025-09-05 12:22:45.945 [info] > git ls-files --stage -- public/app.js [5ms]
2025-09-05 12:22:45.955 [info] > git cat-file -s 757de021d410685e97662932ca39d0f127f9127d [3ms]
2025-09-05 12:23:06.943 [info] > git ls-files --stage -- public/index.html [4ms]
2025-09-05 12:23:06.983 [info] > git show --textconv :public/index.html [53ms]
2025-09-05 12:23:06.984 [info] > git cat-file -s 0f37b3cab3d8e06bc68a9fed8d87dd41f8e1708e [34ms]
2025-09-05 12:23:07.217 [info] > git blame --root --incremental fc3ecb4759882768a4dcb4d95fab6182f853f5de -- public/index.html [21ms]
2025-09-05 12:23:28.324 [info] > git show --textconv :public/app.js [8ms]
2025-09-05 12:23:28.327 [info] > git ls-files --stage -- public/app.js [4ms]
2025-09-05 12:23:28.335 [info] > git cat-file -s 757de021d410685e97662932ca39d0f127f9127d [2ms]
2025-09-05 12:24:14.055 [info] > git show --textconv :public/app.js [9ms]
2025-09-05 12:24:14.059 [info] > git ls-files --stage -- public/app.js [5ms]
2025-09-05 12:24:14.067 [info] > git cat-file -s 757de021d410685e97662932ca39d0f127f9127d [2ms]
2025-09-05 12:28:38.713 [info] > git show --textconv :public/profile.js [19ms]
2025-09-05 12:28:38.714 [info] > git ls-files --stage -- public/profile.js [12ms]
2025-09-05 12:28:38.723 [info] > git cat-file -s ef0b75df0035815905c260a54d02ef6a8b87b7a3 [2ms]
2025-09-05 12:28:39.634 [info] > git show --textconv :public/index.html [12ms]
2025-09-05 12:28:39.637 [info] > git ls-files --stage -- public/index.html [4ms]
2025-09-05 12:28:39.649 [info] > git cat-file -s 0f37b3cab3d8e06bc68a9fed8d87dd41f8e1708e [3ms]
2025-09-05 12:30:10.199 [info] > git show --textconv :public/profile.js [10ms]
2025-09-05 12:30:10.202 [info] > git ls-files --stage -- public/profile.js [5ms]
2025-09-05 12:30:10.212 [info] > git cat-file -s ef0b75df0035815905c260a54d02ef6a8b87b7a3 [3ms]
2025-09-05 12:30:23.295 [info] > git show --textconv :public/index.html [7ms]
2025-09-05 12:30:23.300 [info] > git ls-files --stage -- public/index.html [6ms]
2025-09-05 12:30:23.311 [info] > git cat-file -s 0f37b3cab3d8e06bc68a9fed8d87dd41f8e1708e [5ms]
2025-09-05 12:30:55.501 [info] > git check-ignore -v -z --stdin [5ms]
2025-09-05 12:31:39.467 [info] > git ls-files --stage -- public/firebase-config.js [17ms]
2025-09-05 12:31:39.490 [info] > git show --textconv :public/firebase-config.js [62ms]
2025-09-05 12:31:39.490 [info] > git cat-file -s 491521a669723abd7126755440be7b5214d4b09e [4ms]
2025-09-05 12:31:39.656 [info] > git blame --root --incremental fc3ecb4759882768a4dcb4d95fab6182f853f5de -- public/firebase-config.js [3ms]
2025-09-05 12:31:49.546 [info] > git ls-files --stage -- public/auth.js [5ms]
2025-09-05 12:31:49.558 [info] > git show --textconv :public/auth.js [30ms]
2025-09-05 12:31:49.560 [info] > git cat-file -s ec2c4cbd9450777cb51569c08290948d909405f8 [3ms]
2025-09-05 12:31:49.725 [info] > git blame --root --incremental fc3ecb4759882768a4dcb4d95fab6182f853f5de -- public/auth.js [4ms]
2025-09-05 12:32:12.782 [info] > git ls-files --stage -- .gitignore [7ms]
2025-09-05 12:32:12.845 [info] > git show --textconv :.gitignore [81ms]
2025-09-05 12:32:12.846 [info] > git cat-file -s 4b5cfa20e8eca1641125372ffc959ec3c453f5be [51ms]
2025-09-05 12:32:12.984 [info] > git check-ignore -v -z --stdin [7ms]
2025-09-05 12:32:14.977 [info] > git check-ignore -v -z --stdin [6ms]
2025-09-05 12:33:25.818 [info] > git ls-files --stage -- .gitignore [4ms]
2025-09-05 12:33:25.827 [info] > git cat-file -s 4b5cfa20e8eca1641125372ffc959ec3c453f5be [2ms]
2025-09-05 12:33:25.988 [info] > git show --textconv :.gitignore [6ms]
2025-09-05 12:34:04.861 [info] > git ls-files --stage -- .gitignore [4ms]
2025-09-05 12:34:04.869 [info] > git cat-file -s 4b5cfa20e8eca1641125372ffc959ec3c453f5be [2ms]
2025-09-05 12:34:05.028 [info] > git show --textconv :.gitignore [4ms]
