Initializing document watcher...
Document watcher initialized
gabrielblucas/.gitignore: {}
gabrielblucas/.gitignore: {}
gabrielblucas/.gitignore: {}
gabrielblucas/public/app.js: {}
gabrielblucas/public/app.js: {}
gabrielblucas/public/app.js: Using EditorConfig core...
gabrielblucas/functions/index.js: {}
gabrielblucas/functions/index.js: Using EditorConfig core...
gabrielblucas/functions/index.js: {}
gabrielblucas/functions/index.js: Using EditorConfig core...
gabrielblucas/functions/index.js: Using EditorConfig core...
gabrielblucas/functions/index.js: Using EditorConfig core...
gabrielblucas/public/app.js: {}
gabrielblucas/public/app.js: {}
gabrielblucas/public/app.js: {}
gabrielblucas/public/app.js: {}
gabrielblucas/functions/index.js: {}
gabrielblucas/functions/index.js: Using EditorConfig core...
gabrielblucas/functions/index.js: {}
gabrielblucas/functions/index.js: {}
gabrielblucas/functions/index.js: {}
gabrielblucas/functions/index.js: Using EditorConfig core...
gabrielblucas/functions/index.js: {}
gabrielblucas/functions/index.js: {}
gabrielblucas/functions/index.js: Using EditorConfig core...
gabrielblucas/functions/index.js: {}
gabrielblucas/functions/index.js: {}
gabrielblucas/functions/index.js: Using EditorConfig core...
gabrielblucas/functions/index.js: {}
gabrielblucas/functions/index.js: {}
gabrielblucas/functions/index.js: {}
gabrielblucas/functions/index.js: {}
gabrielblucas/functions/index.js: Using EditorConfig core...
gabrielblucas/functions/index.js: Using EditorConfig core...
gabrielblucas/functions/index.js: {}
gabrielblucas/public/app.js: {}
gabrielblucas/functions/index.js: {}
gabrielblucas/functions/index.js: Using EditorConfig core...
gabrielblucas/functions/index.js: {}
gabrielblucas/functions/index.js: {}
gabrielblucas/functions/index.js: {}
gabrielblucas/functions/index.js: Using EditorConfig core...
gabrielblucas/functions/index.js: {}
gabrielblucas/functions/index.js: {}
gabrielblucas/functions/index.js: {}
gabrielblucas/functions/index.js: Using EditorConfig core...
gabrielblucas/public/logo.svg: {}
gabrielblucas/public/logo.svg: Using EditorConfig core...
gabrielblucas/public/app.js: {}
gabrielblucas/public/app.js: Using EditorConfig core...
gabrielblucas/functions/index.js: {}
gabrielblucas/functions/index.js: {}
gabrielblucas/public/logo.svg: {}
gabrielblucas/public/logo.svg: Using EditorConfig core...
gabrielblucas/public/app.js: {}
gabrielblucas/public/index.html: {}
gabrielblucas/public/index.html: {}
gabrielblucas/public/index.html: Using EditorConfig core...
gabrielblucas/public/index.html: {}
gabrielblucas/public/index.html: Using EditorConfig core...
gabrielblucas/public/logo.svg: {}
gabrielblucas/public/index.html: {}
gabrielblucas/public/index.html: {}
gabrielblucas/public/index.html: Using EditorConfig core...
gabrielblucas/public/app.js: {}
gabrielblucas/public/app.js: Using EditorConfig core...
gabrielblucas/public/index.html: {}
gabrielblucas/public/index.html: {}
gabrielblucas/public/app.js: {}
gabrielblucas/public/app.js: {}
gabrielblucas/public/app.js: {}
gabrielblucas/public/app.js: Using EditorConfig core...
gabrielblucas/public/app.js: Using EditorConfig core...
gabrielblucas/public/app.js: Using EditorConfig core...
gabrielblucas/public/app.js: Using EditorConfig core...
gabrielblucas/public/app.js: Using EditorConfig core...
gabrielblucas/public/app.js: Using EditorConfig core...
gabrielblucas/public/app.js: Using EditorConfig core...
gabrielblucas/public/app.js: Using EditorConfig core...
gabrielblucas/public/app.js: {}
gabrielblucas/public/app.js: Using EditorConfig core...
