Initializing document watcher...
Document watcher initialized
gabrielblucas/functions/package.json: {}
gabrielblucas/functions/package.json: {}
gabrielblucas/functions/package.json: Using EditorConfig core...
gabrielblucas/functions/package.json: Using EditorConfig core...
gabrielblucas/functions/package.json: Using EditorConfig core...
gabrielblucas/functions/package.json: Using EditorConfig core...
gabrielblucas/functions/package.json: {}
gabrielblucas/functions/package.json: Using EditorConfig core...
gabrielblucas/functions/package.json: {}
gabrielblucas/functions/package.json: Using EditorConfig core...
gabrielblucas/functions/package.json: Using EditorConfig core...
gabrielblucas/functions/package.json: {}
gabrielblucas/functions/package.json: {}
gabrielblucas/functions/package.json: {}
gabrielblucas/functions/package.json: {}
gabrielblucas/functions/package.json: {}
gabrielblucas/functions/package.json: {}
gabrielblucas/functions/package.json: {}
gabrielblucas/functions/package.json: {}
gabrielblucas/functions/package.json: {}
gabrielblucas/functions/package.json: {}
gabrielblucas/functions/package.json: {}
gabrielblucas/functions/package.json: {}
gabrielblucas/functions/package.json: Using EditorConfig core...
gabrielblucas/functions/package.json: {}
gabrielblucas/functions/package.json: {}
gabrielblucas/functions/package.json: {}
gabrielblucas/functions/package.json: {}
gabrielblucas/functions/package.json: Using EditorConfig core...
gabrielblucas/functions/package.json: {}
gabrielblucas/functions/package.json: Using EditorConfig core...
gabrielblucas/functions/package.json: {}
gabrielblucas/functions/package.json: {}
gabrielblucas/functions/package.json: Using EditorConfig core...
gabrielblucas/functions/package.json: {}
gabrielblucas/functions/package.json: {}
gabrielblucas/functions/package.json: {}
gabrielblucas/functions/package.json: {}
gabrielblucas/functions/package.json: {}
gabrielblucas/functions/package.json: {}
gabrielblucas/functions/package.json: {}
gabrielblucas/functions/index.js: {}
gabrielblucas/functions/index.js: {}
gabrielblucas/functions/index.js: Using EditorConfig core...
gabrielblucas/functions/index.js: Using EditorConfig core...
gabrielblucas/functions/index.js: Using EditorConfig core...
gabrielblucas/functions/index.js: {}
gabrielblucas/functions/index.js: {}
gabrielblucas/functions/index.js: {}
gabrielblucas/functions/index.js: {}
gabrielblucas/functions/index.js: {}
gabrielblucas/functions/index.js: {}
gabrielblucas/public/index.html: {}
gabrielblucas/public/index.html: {}
gabrielblucas/public/index.html: {}
gabrielblucas/public/index.html: {}
gabrielblucas/public/app.js: {}
gabrielblucas/public/app.js: {}
gabrielblucas/public/index.html: {}
gabrielblucas/public/index.html: {}
gabrielblucas/public/index.html: {}
gabrielblucas/public/index.html: {}
gabrielblucas/public/index.html: {}
gabrielblucas/functions/index.js: {}
gabrielblucas/functions/index.js: Using EditorConfig core...
gabrielblucas/functions/index.js: {}
gabrielblucas/public/index.html: {}
gabrielblucas/public/index.html: Using EditorConfig core...
gabrielblucas/public/index.html: {}
gabrielblucas/public/app.js: {}
gabrielblucas/public/app.js: Using EditorConfig core...
gabrielblucas/public/app.js: Using EditorConfig core...
gabrielblucas/public/app.js: {}
gabrielblucas/public/app.js: {}
gabrielblucas/public/app.js: {}
gabrielblucas/public/app.js: Using EditorConfig core...
gabrielblucas/public/app.js: {}
gabrielblucas/public/app.js: {}
gabrielblucas/public/app.js: {}
gabrielblucas/public/app.js: {}
gabrielblucas/public/app.js: {}
gabrielblucas/public/app.js: {}
gabrielblucas/public/app.js: {}
gabrielblucas/public/app.js: {}
gabrielblucas/public/app.js: {}
gabrielblucas/public/app.js: {}
gabrielblucas/public/app.js: {}
gabrielblucas/public/app.js: {}
gabrielblucas/public/app.js: {}
gabrielblucas/public/app.js: {}
gabrielblucas/public/app.js: {}
gabrielblucas/public/index.html: {}
gabrielblucas/public/index.html: {}
gabrielblucas/public/app.js: {}
gabrielblucas/public/app.js: {}
gabrielblucas/public/app.js: {}
gabrielblucas/public/app.js: {}
gabrielblucas/public/404.html: {}
gabrielblucas/public/app.js: {}
gabrielblucas/public/app.js: {}
gabrielblucas/functions/index.js: {}
gabrielblucas/public/app.js: {}
gabrielblucas/public/app.js: {}
gabrielblucas/functions/index.js: Using EditorConfig core...
gabrielblucas/public/app.js: Using EditorConfig core...
gabrielblucas/public/app.js: {}
gabrielblucas/public/app.js: {}
gabrielblucas/functions/index.js: {}
gabrielblucas/public/app.js: {}
gabrielblucas/public/app.js: {}
gabrielblucas/functions/.eslintrc.js: {}
gabrielblucas/functions/.eslintrc.js: {}
gabrielblucas/functions/.eslintrc.js: Using EditorConfig core...
gabrielblucas/functions/.eslintrc.js: {}
gabrielblucas/functions/.eslintrc.js: {}
gabrielblucas/public/app.js: {}
gabrielblucas/functions/index.js: {}
gabrielblucas/functions/index.js: {}
gabrielblucas/functions/index.js: Using EditorConfig core...
gabrielblucas/functions/index.js: {}
gabrielblucas/functions/index.js: {}
gabrielblucas/functions/index.js: Using EditorConfig core...
gabrielblucas/functions/index.js: {}
gabrielblucas/functions/index.js: Using EditorConfig core...
gabrielblucas/functions/index.js: {}
gabrielblucas/public/index.html: {}
gabrielblucas/public/index.html: {}
gabrielblucas/public/app.js: {}
gabrielblucas/public/app.js: {}
gabrielblucas/public/app.js: {}
gabrielblucas/public/app.js: {}
