2025-09-03 17:51:10.435 [info] [main] Log level: Info
2025-09-03 17:51:10.435 [info] [main] Validating found git in: "git"
2025-09-03 17:51:10.435 [info] [main] Using git "2.43.0" from "git"
2025-09-03 17:51:10.435 [info] [Model][doInitialScan] Initial repository scan started
2025-09-03 17:51:10.435 [info] > git rev-parse --show-toplevel [47ms]
2025-09-03 17:51:10.435 [info] > git rev-parse --git-dir --git-common-dir [3ms]
2025-09-03 17:51:10.435 [info] [Model][openRepository] Opened repository (path): /home/gabrielblucas
2025-09-03 17:51:10.435 [info] [Model][openRepository] Opened repository (real path): /home/gabrielblucas
2025-09-03 17:51:10.435 [info] > git rev-parse --show-toplevel [4ms]
2025-09-03 17:51:10.435 [info] > git config --get commit.template [9ms]
2025-09-03 17:51:10.435 [info] > git rev-parse --show-toplevel [9ms]
2025-09-03 17:51:10.436 [info] > git rev-parse --show-toplevel [3ms]
2025-09-03 17:51:10.441 [info] > git rev-parse --show-toplevel [2ms]
2025-09-03 17:51:10.442 [info] > git for-each-ref --format=%(refname)%00%(upstream:short)%00%(objectname)%00%(upstream:track)%00%(upstream:remotename)%00%(upstream:remoteref) refs/heads/main refs/remotes/main [18ms]
2025-09-03 17:51:10.457 [info] > git rev-parse --show-toplevel [11ms]
2025-09-03 17:51:10.462 [info] > git for-each-ref --sort -committerdate --format %(refname)%00%(objectname)%00%(*objectname) [6ms]
2025-09-03 17:51:10.465 [info] > git rev-parse --show-toplevel [4ms]
2025-09-03 17:51:10.471 [info] > git rev-parse --show-toplevel [2ms]
2025-09-03 17:51:10.478 [info] > git rev-parse --show-toplevel [2ms]
2025-09-03 17:51:10.484 [info] > git rev-parse --show-toplevel [1ms]
2025-09-03 17:51:10.490 [info] > git rev-parse --show-toplevel [1ms]
2025-09-03 17:51:10.490 [info] [Model][doInitialScan] Initial repository scan completed - repositories (1), closed repositories (0), parent repositories (0), unsafe repositories (0)
2025-09-03 17:51:12.993 [info] > git check-ignore -v -z --stdin [8ms]
2025-09-03 17:51:18.434 [info] > git status -z -uall [7983ms]
2025-09-03 17:51:20.085 [info] > git for-each-ref --format=%(refname)%00%(upstream:short)%00%(objectname)%00%(upstream:track)%00%(upstream:remotename)%00%(upstream:remoteref) refs/heads/main refs/remotes/main [1469ms]
2025-09-03 17:51:20.113 [info] > git config --get --local branch.main.vscode-merge-base [22ms]
2025-09-03 17:51:20.113 [warning] [Git][config] git config failed: Failed to execute git
2025-09-03 17:51:20.120 [info] > git config --get commit.template [77ms]
2025-09-03 17:51:20.128 [info] > git for-each-ref --format=%(refname)%00%(upstream:short)%00%(objectname)%00%(upstream:track)%00%(upstream:remotename)%00%(upstream:remoteref) refs/heads/main refs/remotes/main [2ms]
2025-09-03 17:51:20.145 [info] > git for-each-ref --sort -committerdate --format %(refname)%00%(objectname)%00%(*objectname) [2ms]
2025-09-03 17:51:20.178 [info] > git reflog main --grep-reflog=branch: Created from *. [59ms]
2025-09-03 17:51:20.186 [info] > git symbolic-ref --short refs/remotes/origin/HEAD [4ms]
2025-09-03 17:51:20.186 [info] fatal: ref refs/remotes/origin/HEAD is not a symbolic ref
2025-09-03 17:51:20.186 [warning] [Repository][getDefaultBranch] Failed to get default branch details: Failed to execute git.
2025-09-03 17:51:20.195 [info] > git merge-base refs/heads/main refs/remotes/origin/main [3ms]
2025-09-03 17:51:20.203 [info] > git diff --name-status -z --diff-filter=ADMR fc3ecb4759882768a4dcb4d95fab6182f853f5de...refs/remotes/origin/main [3ms]
2025-09-03 17:51:20.293 [info] > git status -z -uall [159ms]
2025-09-03 18:00:55.248 [info] > git config --get commit.template [9ms]
2025-09-03 18:00:55.248 [info] > git for-each-ref --format=%(refname)%00%(upstream:short)%00%(objectname)%00%(upstream:track)%00%(upstream:remotename)%00%(upstream:remoteref) refs/heads/main refs/remotes/main [2ms]
2025-09-03 18:00:55.269 [info] > git for-each-ref --sort -committerdate --format %(refname)%00%(objectname)%00%(*objectname) [3ms]
2025-09-03 18:00:55.412 [info] > git status -z -uall [156ms]
2025-09-03 18:01:00.598 [info] > git config --get commit.template [8ms]
2025-09-03 18:01:00.599 [info] > git for-each-ref --format=%(refname)%00%(upstream:short)%00%(objectname)%00%(upstream:track)%00%(upstream:remotename)%00%(upstream:remoteref) refs/heads/main refs/remotes/main [2ms]
2025-09-03 18:01:00.621 [info] > git for-each-ref --sort -committerdate --format %(refname)%00%(objectname)%00%(*objectname) [3ms]
2025-09-03 18:01:00.757 [info] > git status -z -uall [149ms]
2025-09-03 18:01:03.524 [info] > git check-ignore -v -z --stdin [5ms]
2025-09-03 18:01:05.893 [info] > git config --get commit.template [9ms]
2025-09-03 18:01:05.895 [info] > git for-each-ref --format=%(refname)%00%(upstream:short)%00%(objectname)%00%(upstream:track)%00%(upstream:remotename)%00%(upstream:remoteref) refs/heads/main refs/remotes/main [3ms]
2025-09-03 18:01:05.915 [info] > git for-each-ref --sort -committerdate --format %(refname)%00%(objectname)%00%(*objectname) [1ms]
2025-09-03 18:01:06.050 [info] > git status -z -uall [147ms]
2025-09-03 18:01:11.166 [info] > git config --get commit.template [8ms]
2025-09-03 18:01:11.168 [info] > git for-each-ref --format=%(refname)%00%(upstream:short)%00%(objectname)%00%(upstream:track)%00%(upstream:remotename)%00%(upstream:remoteref) refs/heads/main refs/remotes/main [2ms]
2025-09-03 18:01:11.187 [info] > git for-each-ref --sort -committerdate --format %(refname)%00%(objectname)%00%(*objectname) [2ms]
2025-09-03 18:01:11.374 [info] > git status -z -uall [198ms]
2025-09-03 18:01:18.591 [info] > git config --get commit.template [4ms]
2025-09-03 18:01:18.607 [info] > git for-each-ref --format=%(refname)%00%(upstream:short)%00%(objectname)%00%(upstream:track)%00%(upstream:remotename)%00%(upstream:remoteref) refs/heads/main refs/remotes/main [7ms]
2025-09-03 18:01:18.632 [info] > git for-each-ref --sort -committerdate --format %(refname)%00%(objectname)%00%(*objectname) [3ms]
2025-09-03 18:01:18.762 [info] > git status -z -uall [146ms]
2025-09-03 18:01:20.156 [info] > git check-ignore -v -z --stdin [18ms]
2025-09-03 18:01:23.896 [info] > git config --get commit.template [8ms]
2025-09-03 18:01:23.897 [info] > git for-each-ref --format=%(refname)%00%(upstream:short)%00%(objectname)%00%(upstream:track)%00%(upstream:remotename)%00%(upstream:remoteref) refs/heads/main refs/remotes/main [2ms]
2025-09-03 18:01:23.918 [info] > git for-each-ref --sort -committerdate --format %(refname)%00%(objectname)%00%(*objectname) [2ms]
2025-09-03 18:01:24.052 [info] > git status -z -uall [146ms]
2025-09-03 18:01:27.124 [info] > git check-ignore -v -z --stdin [4ms]
2025-09-03 18:01:28.734 [info] > git ls-files --stage -- public/app.js [6ms]
2025-09-03 18:01:28.781 [info] > git cat-file -s 757de021d410685e97662932ca39d0f127f9127d [36ms]
2025-09-03 18:01:28.782 [info] > git show --textconv :public/app.js [65ms]
2025-09-03 18:01:29.234 [info] > git config --get commit.template [26ms]
2025-09-03 18:01:29.238 [info] > git for-each-ref --format=%(refname)%00%(upstream:short)%00%(objectname)%00%(upstream:track)%00%(upstream:remotename)%00%(upstream:remoteref) refs/heads/main refs/remotes/main [5ms]
2025-09-03 18:01:29.310 [info] > git for-each-ref --sort -committerdate --format %(refname)%00%(objectname)%00%(*objectname) [16ms]
2025-09-03 18:01:29.633 [info] > git status -z -uall [366ms]
2025-09-03 18:01:38.952 [info] > git config --get commit.template [2ms]
2025-09-03 18:01:38.962 [info] > git for-each-ref --format=%(refname)%00%(upstream:short)%00%(objectname)%00%(upstream:track)%00%(upstream:remotename)%00%(upstream:remoteref) refs/heads/main refs/remotes/main [2ms]
2025-09-03 18:01:38.985 [info] > git for-each-ref --sort -committerdate --format %(refname)%00%(objectname)%00%(*objectname) [3ms]
2025-09-03 18:01:39.112 [info] > git status -z -uall [143ms]
2025-09-03 18:01:46.455 [info] > git config --get commit.template [8ms]
2025-09-03 18:01:46.456 [info] > git for-each-ref --format=%(refname)%00%(upstream:short)%00%(objectname)%00%(upstream:track)%00%(upstream:remotename)%00%(upstream:remoteref) refs/heads/main refs/remotes/main [2ms]
2025-09-03 18:01:46.495 [info] > git for-each-ref --sort -committerdate --format %(refname)%00%(objectname)%00%(*objectname) [5ms]
2025-09-03 18:01:46.622 [info] > git status -z -uall [155ms]
2025-09-03 18:01:59.002 [info] > git config --get commit.template [9ms]
2025-09-03 18:01:59.003 [info] > git for-each-ref --format=%(refname)%00%(upstream:short)%00%(objectname)%00%(upstream:track)%00%(upstream:remotename)%00%(upstream:remoteref) refs/heads/main refs/remotes/main [2ms]
2025-09-03 18:01:59.027 [info] > git for-each-ref --sort -committerdate --format %(refname)%00%(objectname)%00%(*objectname) [3ms]
2025-09-03 18:01:59.158 [info] > git status -z -uall [147ms]
2025-09-03 18:04:00.712 [info] > git for-each-ref --format=%(refname)%00%(upstream:short)%00%(objectname)%00%(upstream:track)%00%(upstream:remotename)%00%(upstream:remoteref) refs/heads/main refs/remotes/main [3ms]
2025-09-03 18:04:00.713 [info] > git config --get commit.template [8ms]
2025-09-03 18:04:00.728 [info] > git for-each-ref --sort -committerdate --format %(refname)%00%(objectname)%00%(*objectname) [2ms]
2025-09-03 18:04:00.876 [info] > git status -z -uall [157ms]
2025-09-03 18:04:06.048 [info] > git config --get commit.template [8ms]
2025-09-03 18:04:06.050 [info] > git for-each-ref --format=%(refname)%00%(upstream:short)%00%(objectname)%00%(upstream:track)%00%(upstream:remotename)%00%(upstream:remoteref) refs/heads/main refs/remotes/main [3ms]
2025-09-03 18:04:06.068 [info] > git for-each-ref --sort -committerdate --format %(refname)%00%(objectname)%00%(*objectname) [1ms]
2025-09-03 18:04:06.203 [info] > git status -z -uall [145ms]
2025-09-03 18:04:11.537 [info] > git config --get commit.template [10ms]
2025-09-03 18:04:11.538 [info] > git for-each-ref --format=%(refname)%00%(upstream:short)%00%(objectname)%00%(upstream:track)%00%(upstream:remotename)%00%(upstream:remoteref) refs/heads/main refs/remotes/main [2ms]
2025-09-03 18:04:11.565 [info] > git for-each-ref --sort -committerdate --format %(refname)%00%(objectname)%00%(*objectname) [2ms]
2025-09-03 18:04:11.701 [info] > git status -z -uall [153ms]
2025-09-03 18:04:31.878 [info] > git config --get commit.template [7ms]
2025-09-03 18:04:31.880 [info] > git for-each-ref --format=%(refname)%00%(upstream:short)%00%(objectname)%00%(upstream:track)%00%(upstream:remotename)%00%(upstream:remoteref) refs/heads/main refs/remotes/main [2ms]
2025-09-03 18:04:31.898 [info] > git for-each-ref --sort -committerdate --format %(refname)%00%(objectname)%00%(*objectname) [3ms]
2025-09-03 18:04:32.032 [info] > git status -z -uall [146ms]
2025-09-03 18:04:37.193 [info] > git config --get commit.template [7ms]
2025-09-03 18:04:37.194 [info] > git for-each-ref --format=%(refname)%00%(upstream:short)%00%(objectname)%00%(upstream:track)%00%(upstream:remotename)%00%(upstream:remoteref) refs/heads/main refs/remotes/main [2ms]
2025-09-03 18:04:37.210 [info] > git for-each-ref --sort -committerdate --format %(refname)%00%(objectname)%00%(*objectname) [1ms]
2025-09-03 18:04:37.355 [info] > git status -z -uall [155ms]
2025-09-03 18:04:43.554 [info] > git config --get commit.template [8ms]
2025-09-03 18:04:43.556 [info] > git for-each-ref --format=%(refname)%00%(upstream:short)%00%(objectname)%00%(upstream:track)%00%(upstream:remotename)%00%(upstream:remoteref) refs/heads/main refs/remotes/main [2ms]
2025-09-03 18:04:43.576 [info] > git for-each-ref --sort -committerdate --format %(refname)%00%(objectname)%00%(*objectname) [3ms]
2025-09-03 18:04:43.704 [info] > git status -z -uall [141ms]
2025-09-03 18:04:48.826 [info] > git config --get commit.template [9ms]
2025-09-03 18:04:48.827 [info] > git for-each-ref --format=%(refname)%00%(upstream:short)%00%(objectname)%00%(upstream:track)%00%(upstream:remotename)%00%(upstream:remoteref) refs/heads/main refs/remotes/main [2ms]
2025-09-03 18:04:48.846 [info] > git for-each-ref --sort -committerdate --format %(refname)%00%(objectname)%00%(*objectname) [2ms]
2025-09-03 18:04:48.979 [info] > git status -z -uall [144ms]
2025-09-03 18:04:54.093 [info] > git config --get commit.template [6ms]
2025-09-03 18:04:54.095 [info] > git for-each-ref --format=%(refname)%00%(upstream:short)%00%(objectname)%00%(upstream:track)%00%(upstream:remotename)%00%(upstream:remoteref) refs/heads/main refs/remotes/main [2ms]
2025-09-03 18:04:54.113 [info] > git for-each-ref --sort -committerdate --format %(refname)%00%(objectname)%00%(*objectname) [3ms]
2025-09-03 18:04:54.250 [info] > git status -z -uall [148ms]
2025-09-03 18:04:59.362 [info] > git config --get commit.template [7ms]
2025-09-03 18:04:59.363 [info] > git for-each-ref --format=%(refname)%00%(upstream:short)%00%(objectname)%00%(upstream:track)%00%(upstream:remotename)%00%(upstream:remoteref) refs/heads/main refs/remotes/main [2ms]
2025-09-03 18:04:59.385 [info] > git for-each-ref --sort -committerdate --format %(refname)%00%(objectname)%00%(*objectname) [5ms]
2025-09-03 18:04:59.514 [info] > git status -z -uall [144ms]
2025-09-03 18:05:04.624 [info] > git config --get commit.template [4ms]
2025-09-03 18:05:04.632 [info] > git for-each-ref --format=%(refname)%00%(upstream:short)%00%(objectname)%00%(upstream:track)%00%(upstream:remotename)%00%(upstream:remoteref) refs/heads/main refs/remotes/main [2ms]
2025-09-03 18:05:04.651 [info] > git for-each-ref --sort -committerdate --format %(refname)%00%(objectname)%00%(*objectname) [3ms]
2025-09-03 18:05:04.782 [info] > git status -z -uall [144ms]
2025-09-03 18:05:09.904 [info] > git config --get commit.template [7ms]
2025-09-03 18:05:09.906 [info] > git for-each-ref --format=%(refname)%00%(upstream:short)%00%(objectname)%00%(upstream:track)%00%(upstream:remotename)%00%(upstream:remoteref) refs/heads/main refs/remotes/main [3ms]
2025-09-03 18:05:09.926 [info] > git for-each-ref --sort -committerdate --format %(refname)%00%(objectname)%00%(*objectname) [2ms]
2025-09-03 18:05:10.053 [info] > git status -z -uall [141ms]
2025-09-03 18:05:15.168 [info] > git config --get commit.template [7ms]
2025-09-03 18:05:15.169 [info] > git for-each-ref --format=%(refname)%00%(upstream:short)%00%(objectname)%00%(upstream:track)%00%(upstream:remotename)%00%(upstream:remoteref) refs/heads/main refs/remotes/main [3ms]
2025-09-03 18:05:15.190 [info] > git for-each-ref --sort -committerdate --format %(refname)%00%(objectname)%00%(*objectname) [3ms]
2025-09-03 18:05:15.324 [info] > git status -z -uall [147ms]
2025-09-03 18:05:20.456 [info] > git config --get commit.template [7ms]
2025-09-03 18:05:20.457 [info] > git for-each-ref --format=%(refname)%00%(upstream:short)%00%(objectname)%00%(upstream:track)%00%(upstream:remotename)%00%(upstream:remoteref) refs/heads/main refs/remotes/main [2ms]
2025-09-03 18:05:20.476 [info] > git for-each-ref --sort -committerdate --format %(refname)%00%(objectname)%00%(*objectname) [3ms]
2025-09-03 18:05:20.611 [info] > git status -z -uall [146ms]
2025-09-03 18:05:25.741 [info] > git config --get commit.template [8ms]
2025-09-03 18:05:25.743 [info] > git for-each-ref --format=%(refname)%00%(upstream:short)%00%(objectname)%00%(upstream:track)%00%(upstream:remotename)%00%(upstream:remoteref) refs/heads/main refs/remotes/main [3ms]
2025-09-03 18:05:25.762 [info] > git for-each-ref --sort -committerdate --format %(refname)%00%(objectname)%00%(*objectname) [3ms]
2025-09-03 18:05:25.903 [info] > git status -z -uall [151ms]
2025-09-03 18:05:31.021 [info] > git config --get commit.template [8ms]
2025-09-03 18:05:31.022 [info] > git for-each-ref --format=%(refname)%00%(upstream:short)%00%(objectname)%00%(upstream:track)%00%(upstream:remotename)%00%(upstream:remoteref) refs/heads/main refs/remotes/main [2ms]
2025-09-03 18:05:31.041 [info] > git for-each-ref --sort -committerdate --format %(refname)%00%(objectname)%00%(*objectname) [2ms]
2025-09-03 18:05:31.176 [info] > git status -z -uall [145ms]
2025-09-03 18:05:34.490 [info] > git show --textconv :public/app.js [12ms]
2025-09-03 18:05:34.491 [info] > git ls-files --stage -- public/app.js [6ms]
2025-09-03 18:05:34.500 [info] > git cat-file -s 757de021d410685e97662932ca39d0f127f9127d [2ms]
2025-09-03 18:36:40.125 [info] > git config --get commit.template [8ms]
2025-09-03 18:36:40.128 [info] > git for-each-ref --format=%(refname)%00%(upstream:short)%00%(objectname)%00%(upstream:track)%00%(upstream:remotename)%00%(upstream:remoteref) refs/heads/main refs/remotes/main [4ms]
2025-09-03 18:36:40.149 [info] > git for-each-ref --sort -committerdate --format %(refname)%00%(objectname)%00%(*objectname) [2ms]
2025-09-03 18:36:40.298 [info] > git status -z -uall [162ms]
2025-09-03 18:36:45.477 [info] > git config --get commit.template [8ms]
2025-09-03 18:36:45.479 [info] > git for-each-ref --format=%(refname)%00%(upstream:short)%00%(objectname)%00%(upstream:track)%00%(upstream:remotename)%00%(upstream:remoteref) refs/heads/main refs/remotes/main [3ms]
2025-09-03 18:36:45.500 [info] > git for-each-ref --sort -committerdate --format %(refname)%00%(objectname)%00%(*objectname) [3ms]
2025-09-03 18:36:45.661 [info] > git status -z -uall [175ms]
2025-09-03 18:36:48.034 [info] > git check-ignore -v -z --stdin [5ms]
2025-09-03 18:36:51.026 [info] > git config --get commit.template [7ms]
2025-09-03 18:36:51.028 [info] > git for-each-ref --format=%(refname)%00%(upstream:short)%00%(objectname)%00%(upstream:track)%00%(upstream:remotename)%00%(upstream:remoteref) refs/heads/main refs/remotes/main [3ms]
2025-09-03 18:36:51.047 [info] > git for-each-ref --sort -committerdate --format %(refname)%00%(objectname)%00%(*objectname) [2ms]
2025-09-03 18:36:51.183 [info] > git status -z -uall [149ms]
2025-09-03 18:36:56.334 [info] > git config --get commit.template [8ms]
2025-09-03 18:36:56.336 [info] > git for-each-ref --format=%(refname)%00%(upstream:short)%00%(objectname)%00%(upstream:track)%00%(upstream:remotename)%00%(upstream:remoteref) refs/heads/main refs/remotes/main [3ms]
2025-09-03 18:36:56.355 [info] > git for-each-ref --sort -committerdate --format %(refname)%00%(objectname)%00%(*objectname) [1ms]
2025-09-03 18:36:56.496 [info] > git status -z -uall [154ms]
2025-09-03 18:36:58.021 [info] > git log --format=%H%n%aN%n%aE%n%at%n%ct%n%P%n%D%n%B -z --shortstat --diff-merges=first-parent -n50 --skip=0 --topo-order --decorate=full --stdin [10507ms]
2025-09-03 18:37:35.372 [info] > git config --get commit.template [7ms]
2025-09-03 18:37:35.374 [info] > git for-each-ref --format=%(refname)%00%(upstream:short)%00%(objectname)%00%(upstream:track)%00%(upstream:remotename)%00%(upstream:remoteref) refs/heads/main refs/remotes/main [3ms]
2025-09-03 18:37:35.391 [info] > git for-each-ref --sort -committerdate --format %(refname)%00%(objectname)%00%(*objectname) [2ms]
2025-09-03 18:37:35.527 [info] > git status -z -uall [146ms]
