Initializing document watcher...
Document watcher initialized
gabrielblucas/public/app.js: {}
gabrielblucas/public/app.js: {}
gabrielblucas/public/app.js: {}
gabrielblucas/public/app.js: {}
gabrielblucas/public/app.js: {}
gabrielblucas/public/app.js: Using EditorConfig core...
gabrielblucas/public/app.js: {}
gabrielblucas/public/app.js: {}
gabrielblucas/functions/index.js: {}
gabrielblucas/public/index.html: {}
gabrielblucas/public/index.html: {}
gabrielblucas/functions/index.js: Using EditorConfig core...
gabrielblucas/public/app.js: {}
gabrielblucas/public/index.html: Using EditorConfig core...
gabrielblucas/public/app.js: Using EditorConfig core...
gabrielblucas/public/app.js: Using EditorConfig core...
gabrielblucas/public/app.js: {}
gabrielblucas/public/app.js: Using EditorConfig core...
gabrielblucas/public/app.js: Using EditorConfig core...
gabrielblucas/public/app.js: Using EditorConfig core...
gabrielblucas/public/app.js: Using EditorConfig core...
gabrielblucas/functions/index.js: {}
gabrielblucas/public/index.html: {}
gabrielblucas/public/app.js: {}
gabrielblucas/public/app.js: Using EditorConfig core...
gabrielblucas/public/app.js: {}
gabrielblucas/public/app.js: {}
gabrielblucas/public/app.js: {}
gabrielblucas/public/app.js: {}
gabrielblucas/public/app.js: {}
gabrielblucas/public/app.js: {}
gabrielblucas/public/app.js: {}
gabrielblucas/public/app.js: {}
gabrielblucas/public/app.js: {}
gabrielblucas/public/app.js: {}
gabrielblucas/public/app.js: {}
gabrielblucas/public/firebase-config.js: {}
gabrielblucas/public/firebase-config.js: Using EditorConfig core...
gabrielblucas/public/firebase-config.js: Using EditorConfig core...
gabrielblucas/public/firebase-config.js: {}
gabrielblucas/public/firebase-config.js: Using EditorConfig core...
gabrielblucas/public/firebase-config.js: Using EditorConfig core...
gabrielblucas/public/firebase-config.js: Using EditorConfig core...
gabrielblucas/public/firebase-config.js: Using EditorConfig core...
gabrielblucas/public/firebase-config.js: Using EditorConfig core...
gabrielblucas/public/firebase-config.js: {}
gabrielblucas/public/firebase-config.js: {}
gabrielblucas/public/app.js: {}
gabrielblucas/public/app.js: {}
gabrielblucas/public/index.html: {}
No more open editors.
gabrielblucas/public/404.html: {}
gabrielblucas/public/app.js: {}
gabrielblucas/public/app.js: Using EditorConfig core...
gabrielblucas/public/app.js: Using EditorConfig core...
gabrielblucas/functions/index.js: {}
gabrielblucas/functions/index.js: {}
gabrielblucas/public/firebase-config.js: {}
gabrielblucas/public/firebase-config.js: {}
gabrielblucas/public/firebase-config.js: {}
gabrielblucas/public/firebase-config.js: {}
gabrielblucas/functions/index.js: {}
gabrielblucas/functions/index.js: Using EditorConfig core...
gabrielblucas/public/profile.js: {}
gabrielblucas/public/app.js: {}
gabrielblucas/public/profile.js: Using EditorConfig core...
gabrielblucas/public/app.js: Using EditorConfig core...
gabrielblucas/functions/index.js: {}
gabrielblucas/functions/index.js: {}
gabrielblucas/public/profile.js: {}
gabrielblucas/public/profile.js: Using EditorConfig core...
gabrielblucas/public/profile.js: {}
gabrielblucas/public/profile.js: Using EditorConfig core...
gabrielblucas/public/profile.js: Using EditorConfig core...
gabrielblucas/public/profile.js: {}
gabrielblucas/public/profile.js: Using EditorConfig core...
gabrielblucas/public/profile.js: Using EditorConfig core...
gabrielblucas/public/app.js: {}
gabrielblucas/public/app.js: {}
gabrielblucas/public/profile.js: {}
gabrielblucas/public/profile.js: {}
gabrielblucas/public/app.js: {}
gabrielblucas/public/profile.js: {}
gabrielblucas/public/profile.js: Using EditorConfig core...
gabrielblucas/public/app.js: {}
gabrielblucas/public/app.js: {}
gabrielblucas/public/app.js: {}
gabrielblucas/public/app.js: {}
gabrielblucas/public/app.js: Using EditorConfig core...
gabrielblucas/public/profile.js: {}
gabrielblucas/public/profile.js: Using EditorConfig core...
gabrielblucas/public/firebase-config.js: {}
gabrielblucas/public/firebase-config.js: {}
gabrielblucas/public/profile.js: {}
gabrielblucas/public/login.html: {}
gabrielblucas/public/login.html: Using EditorConfig core...
gabrielblucas/public/auth.js: {}
gabrielblucas/public/auth.js: Using EditorConfig core...
gabrielblucas/public/profile.html: {}
gabrielblucas/public/profile.html: Using EditorConfig core...
gabrielblucas/public/login.html: {}
gabrielblucas/public/login.html: {}
gabrielblucas/public/login.html: {}
gabrielblucas/public/login.html: Using EditorConfig core...
gabrielblucas/public/auth.js: {}
gabrielblucas/public/auth.js: Using EditorConfig core...
gabrielblucas/public/profile.html: {}
gabrielblucas/public/profile.html: Using EditorConfig core...
gabrielblucas/public/login.html: {}
gabrielblucas/public/login.html: {}
gabrielblucas/public/index.html: {}
gabrielblucas/public/profile.html: {}
gabrielblucas/public/app.js: {}
gabrielblucas/public/profile.js: {}
gabrielblucas/public/app.js: Using EditorConfig core...
gabrielblucas/public/auth.js: {}
gabrielblucas/public/profile.js: Using EditorConfig core...
gabrielblucas/public/auth.js: Using EditorConfig core...
gabrielblucas/public/app.js: {}
gabrielblucas/public/app.js: {}
gabrielblucas/public/profile.js: {}
gabrielblucas/public/auth.js: {}
gabrielblucas/public/app.js: {}
gabrielblucas/public/app.js: Using EditorConfig core...
gabrielblucas/public/app.js: {}
gabrielblucas/public/app.js: {}
gabrielblucas/public/auth.js: {}
gabrielblucas/public/auth.js: {}
gabrielblucas/public/app.js: {}
gabrielblucas/public/app.js: Using EditorConfig core...
gabrielblucas/public/app.js: {}
gabrielblucas/public/app.js: {}
gabrielblucas/public/app.js: {}
gabrielblucas/functions/index.js: {}
gabrielblucas/public/index.html: {}
gabrielblucas/public/app.js: {}
gabrielblucas/functions/index.js: Using EditorConfig core...
gabrielblucas/public/index.html: Using EditorConfig core...
gabrielblucas/public/app.js: Using EditorConfig core...
gabrielblucas/public/app.js: {}
gabrielblucas/functions/index.js: {}
gabrielblucas/public/index.html: {}
gabrielblucas/public/app.js: {}
gabrielblucas/public/app.js: Using EditorConfig core...
gabrielblucas/public/app.js: {}
gabrielblucas/public/app.js: {}
gabrielblucas/public/app.js: {}
gabrielblucas/public/app.js: {}
gabrielblucas/public/app.js: {}
gabrielblucas/public/app.js: {}
gabrielblucas/public/app.js: Using EditorConfig core...
gabrielblucas/public/app.js: {}
gabrielblucas/firestore.indexes.json: {}
gabrielblucas/firestore.indexes.json: Using EditorConfig core...
gabrielblucas/firestore.indexes.json: Using EditorConfig core...
gabrielblucas/public/app.js: {}
