2025-09-04 12:07:18.940 [info] [main] Log level: Info
2025-09-04 12:07:18.940 [info] [main] Validating found git in: "git"
2025-09-04 12:07:18.940 [info] [main] Using git "2.43.0" from "git"
2025-09-04 12:07:18.940 [info] [Model][doInitialScan] Initial repository scan started
2025-09-04 12:07:18.940 [info] > git rev-parse --show-toplevel [27ms]
2025-09-04 12:07:18.940 [info] > git rev-parse --git-dir --git-common-dir [4ms]
2025-09-04 12:07:18.940 [info] [Model][openRepository] Opened repository (path): /home/gabrielblucas
2025-09-04 12:07:18.940 [info] [Model][openRepository] Opened repository (real path): /home/gabrielblucas
2025-09-04 12:07:18.940 [info] > git config --get commit.template [19ms]
2025-09-04 12:07:18.940 [info] > git rev-parse --show-toplevel [13ms]
2025-09-04 12:07:18.940 [info] > git rev-parse --show-toplevel [7ms]
2025-09-04 12:07:18.940 [info] > git rev-parse --show-toplevel [3ms]
2025-09-04 12:07:18.940 [info] > git for-each-ref --format=%(refname)%00%(upstream:short)%00%(objectname)%00%(upstream:track)%00%(upstream:remotename)%00%(upstream:remoteref) refs/heads/main refs/remotes/main [40ms]
2025-09-04 12:07:18.940 [info] > git rev-parse --show-toplevel [4ms]
2025-09-04 12:07:18.940 [info] > git for-each-ref --sort -committerdate --format %(refname)%00%(objectname)%00%(*objectname) [2ms]
2025-09-04 12:07:18.940 [info] > git rev-parse --show-toplevel [30ms]
2025-09-04 12:07:18.940 [info] > git rev-parse --show-toplevel [1ms]
2025-09-04 12:07:18.940 [info] > git rev-parse --show-toplevel [2ms]
2025-09-04 12:07:18.940 [info] > git rev-parse --show-toplevel [2ms]
2025-09-04 12:07:18.940 [info] > git rev-parse --show-toplevel [1ms]
2025-09-04 12:07:18.940 [info] > git rev-parse --show-toplevel [2ms]
2025-09-04 12:07:18.940 [info] > git rev-parse --show-toplevel [2ms]
2025-09-04 12:07:18.940 [info] [Model][doInitialScan] Initial repository scan completed - repositories (1), closed repositories (0), parent repositories (0), unsafe repositories (0)
2025-09-04 12:07:18.953 [info] > git check-ignore -v -z --stdin [6ms]
2025-09-04 12:07:19.240 [info] > git show --textconv :functions/index.js [135ms]
2025-09-04 12:07:19.240 [info] > git ls-files --stage -- functions/index.js [130ms]
2025-09-04 12:07:19.249 [info] > git cat-file -s b49b746081b4deda3dab75c7aa47a31d5b101017 [3ms]
2025-09-04 12:07:27.617 [info] > git status -z -uall [10789ms]
2025-09-04 12:07:29.711 [info] > git for-each-ref --format=%(refname)%00%(upstream:short)%00%(objectname)%00%(upstream:track)%00%(upstream:remotename)%00%(upstream:remoteref) refs/heads/main refs/remotes/main [1925ms]
2025-09-04 12:07:29.744 [info] > git config --get --local branch.main.vscode-merge-base [24ms]
2025-09-04 12:07:29.744 [warning] [Git][config] git config failed: Failed to execute git
2025-09-04 12:07:29.758 [info] > git config --get commit.template [275ms]
2025-09-04 12:07:29.772 [info] > git for-each-ref --format=%(refname)%00%(upstream:short)%00%(objectname)%00%(upstream:track)%00%(upstream:remotename)%00%(upstream:remoteref) refs/heads/main refs/remotes/main [2ms]
2025-09-04 12:07:29.792 [info] > git for-each-ref --sort -committerdate --format %(refname)%00%(objectname)%00%(*objectname) [2ms]
2025-09-04 12:07:29.838 [info] > git reflog main --grep-reflog=branch: Created from *. [81ms]
2025-09-04 12:07:29.848 [info] > git symbolic-ref --short refs/remotes/origin/HEAD [5ms]
2025-09-04 12:07:29.848 [info] fatal: ref refs/remotes/origin/HEAD is not a symbolic ref
2025-09-04 12:07:29.848 [warning] [Repository][getDefaultBranch] Failed to get default branch details: Failed to execute git.
2025-09-04 12:07:29.857 [info] > git merge-base refs/heads/main refs/remotes/origin/main [1ms]
2025-09-04 12:07:29.868 [info] > git diff --name-status -z --diff-filter=ADMR fc3ecb4759882768a4dcb4d95fab6182f853f5de...refs/remotes/origin/main [3ms]
2025-09-04 12:07:29.978 [info] > git status -z -uall [200ms]
2025-09-04 12:35:01.433 [info] > git config --get commit.template [7ms]
2025-09-04 12:35:01.433 [info] > git for-each-ref --format=%(refname)%00%(upstream:short)%00%(objectname)%00%(upstream:track)%00%(upstream:remotename)%00%(upstream:remoteref) refs/heads/main refs/remotes/main [2ms]
2025-09-04 12:35:01.452 [info] > git for-each-ref --sort -committerdate --format %(refname)%00%(objectname)%00%(*objectname) [3ms]
2025-09-04 12:35:01.588 [info] > git status -z -uall [149ms]
2025-09-04 12:35:06.803 [info] > git config --get commit.template [8ms]
2025-09-04 12:35:06.804 [info] > git for-each-ref --format=%(refname)%00%(upstream:short)%00%(objectname)%00%(upstream:track)%00%(upstream:remotename)%00%(upstream:remoteref) refs/heads/main refs/remotes/main [2ms]
2025-09-04 12:35:06.820 [info] > git for-each-ref --sort -committerdate --format %(refname)%00%(objectname)%00%(*objectname) [4ms]
2025-09-04 12:35:06.946 [info] > git status -z -uall [136ms]
2025-09-04 12:35:12.548 [info] > git check-ignore -v -z --stdin [4ms]
2025-09-04 12:35:15.220 [info] > git config --get commit.template [7ms]
2025-09-04 12:35:15.221 [info] > git for-each-ref --format=%(refname)%00%(upstream:short)%00%(objectname)%00%(upstream:track)%00%(upstream:remotename)%00%(upstream:remoteref) refs/heads/main refs/remotes/main [2ms]
2025-09-04 12:35:15.236 [info] > git for-each-ref --sort -committerdate --format %(refname)%00%(objectname)%00%(*objectname) [3ms]
2025-09-04 12:35:15.361 [info] > git status -z -uall [134ms]
2025-09-04 12:35:31.704 [info] > git config --get commit.template [5ms]
2025-09-04 12:35:31.704 [info] > git for-each-ref --format=%(refname)%00%(upstream:short)%00%(objectname)%00%(upstream:track)%00%(upstream:remotename)%00%(upstream:remoteref) refs/heads/main refs/remotes/main [2ms]
2025-09-04 12:35:31.719 [info] > git for-each-ref --sort -committerdate --format %(refname)%00%(objectname)%00%(*objectname) [2ms]
2025-09-04 12:35:31.845 [info] > git status -z -uall [135ms]
2025-09-04 12:35:37.018 [info] > git config --get commit.template [4ms]
2025-09-04 12:35:37.032 [info] > git for-each-ref --format=%(refname)%00%(upstream:short)%00%(objectname)%00%(upstream:track)%00%(upstream:remotename)%00%(upstream:remoteref) refs/heads/main refs/remotes/main [2ms]
2025-09-04 12:35:37.062 [info] > git for-each-ref --sort -committerdate --format %(refname)%00%(objectname)%00%(*objectname) [5ms]
2025-09-04 12:35:37.250 [info] > git status -z -uall [207ms]
