Initializing document watcher...
Document watcher initialized
gabrielblucas/public/profile.js: {}
gabrielblucas/.codeoss/data/User/History/723e6793/speL.js: {}
gabrielblucas/.codeoss/data/User/History/723e6793/speL.js: Using EditorConfig core...
gabrielblucas/.codeoss/data/User/History/723e6793/speL.js: {}
gabrielblucas/.codeoss/data/User/History/723e6793/speL.js: {}
gabrielblucas/.codeoss/data/User/History/723e6793/speL.js: Using EditorConfig core...
gabrielblucas/.codeoss/data/User/History/723e6793/speL.js: Using EditorConfig core...
gabrielblucas/.codeoss/data/User/History/723e6793/speL.js: {}
No more open editors.
gabrielblucas/functions/middleware/authenticate.js: {}
gabrielblucas/.codeoss/data/User/History/723e6793/speL.js: {}
gabrielblucas/functions/routes/professionals.js: {}
gabrielblucas/ui.js: {}
gabrielblucas/ui.js: {}
gabrielblucas/handlers.js: {}
gabrielblucas/public/app.js: {}
gabrielblucas/public/app.js: Using EditorConfig core...
gabrielblucas/public/app.js: Using EditorConfig core...
gabrielblucas/public/app.js: {}
gabrielblucas/functions/routes/professionals.js: {}
gabrielblucas/public/app.js: {}
gabrielblucas/functions/routes/professionals.js: Using EditorConfig core...
gabrielblucas/public/app.js: Using EditorConfig core...
gabrielblucas/public/app.js: {}
gabrielblucas/public/app.js: {}
gabrielblucas/public/app.js: Using EditorConfig core...
gabrielblucas/public/app.js: Using EditorConfig core...
gabrielblucas/public/app.js: {}
gabrielblucas/public/app.js: Using EditorConfig core...
gabrielblucas/functions/routes/professionals.js: {}
gabrielblucas/public/app.js: {}
gabrielblucas/public/app.js: Using EditorConfig core...
gabrielblucas/public/index.html: {}
gabrielblucas/public/app.js: {}
gabrielblucas/public/app.js: {}
gabrielblucas/functions/routes/professionals.js: {}
gabrielblucas/functions/routes/professionals.js: {}
gabrielblucas/public/app.js: {}
gabrielblucas/public/app.js: {}
gabrielblucas/public/app.js: {}
gabrielblucas/public/app.js: Using EditorConfig core...
gabrielblucas/public/app.js: {}
gabrielblucas/public/app.js: {}
gabrielblucas/functions/routes/professionals.js: {}
gabrielblucas/public/profile.js: {}
gabrielblucas/functions/routes/professionals.js: Using EditorConfig core...
gabrielblucas/public/profile.js: Using EditorConfig core...
gabrielblucas/public/index.html: {}
gabrielblucas/public/index.html: Using EditorConfig core...
gabrielblucas/public/index.html: {}
gabrielblucas/functions/routes/professionals.js: {}
gabrielblucas/public/profile.js: {}
gabrielblucas/public/index.html: {}
gabrielblucas/public/index.html: {}
gabrielblucas/public/firebase-config.js: {}
gabrielblucas/public/auth.js: {}
gabrielblucas/.gitignore: {}
gabrielblucas/.gitignore: Using EditorConfig core...
gabrielblucas/.gitignore: {}
gabrielblucas/.gitignore: {}
gabrielblucas/.gitignore: {}
gabrielblucas/.gitignore: Using EditorConfig core...
gabrielblucas/.gitignore: {}
gabrielblucas/.gitignore: {}
gabrielblucas/.gitignore: {}
gabrielblucas/.gitignore: Using EditorConfig core...
gabrielblucas/.gitignore: {}
gabrielblucas/.gitignore: {}
gabrielblucas/.gitignore: {}
gabrielblucas/.gitignore: {}
gabrielblucas/.gitignore: {}
gabrielblucas/functions/routes/appointments.js: {}
gabrielblucas/ui.js: {}
gabrielblucas/functions/routes/appointments.js: {}
gabrielblucas/handlers.js: {}
gabrielblucas/functions/routes/appointments.js: Using EditorConfig core...
gabrielblucas/functions/routes/appointments.js: {}
gabrielblucas/functions/routes/appointments.js: Using EditorConfig core...
gabrielblucas/functions/routes/appointments.js: {}
gabrielblucas/functions/routes/appointments.js: {}
gabrielblucas/functions/routes/appointments.js: {}
gabrielblucas/functions/routes/appointments.js: {}
gabrielblucas/functions/routes/appointments.js: Using EditorConfig core...
gabrielblucas/functions/routes/appointments.js: {}
gabrielblucas/functions/routes/appointments.js: {}
gabrielblucas/functions/routes/appointments.js: {}
No more open editors.
gabrielblucas/functions/routes/patients.js: {}
gabrielblucas/functions/routes/patients.js: {}
gabrielblucas/functions/routes/patients.js: {}
gabrielblucas/functions/index.js: {}
gabrielblucas/handlers.js: {}
gabrielblucas/functions/index.js: Using EditorConfig core...
gabrielblucas/functions/index.js: {}
gabrielblucas/functions/index.js: Using EditorConfig core...
gabrielblucas/functions/index.js: {}
gabrielblucas/functions/index.js: {}
gabrielblucas/functions/index.js: {}
