2025-09-04 16:58:29.288 [info] [main] Log level: Info
2025-09-04 16:58:29.288 [info] [main] Validating found git in: "git"
2025-09-04 16:58:29.288 [info] [main] Using git "2.43.0" from "git"
2025-09-04 16:58:29.288 [info] [Model][doInitialScan] Initial repository scan started
2025-09-04 16:58:29.288 [info] > git rev-parse --show-toplevel [10ms]
2025-09-04 16:58:29.288 [info] > git rev-parse --git-dir --git-common-dir [9ms]
2025-09-04 16:58:29.288 [info] [Model][openRepository] Opened repository (path): /home/gabrielblucas
2025-09-04 16:58:29.288 [info] [Model][openRepository] Opened repository (real path): /home/gabrielblucas
2025-09-04 16:58:29.288 [info] > git config --get commit.template [38ms]
2025-09-04 16:58:29.288 [info] > git rev-parse --show-toplevel [8ms]
2025-09-04 16:58:29.288 [info] > git for-each-ref --format=%(refname)%00%(upstream:short)%00%(objectname)%00%(upstream:track)%00%(upstream:remotename)%00%(upstream:remoteref) refs/heads/main refs/remotes/main [8ms]
2025-09-04 16:58:29.288 [info] > git rev-parse --show-toplevel [81ms]
2025-09-04 16:58:29.288 [info] > git for-each-ref --sort -committerdate --format %(refname)%00%(objectname)%00%(*objectname) [53ms]
2025-09-04 16:58:29.288 [info] > git rev-parse --show-toplevel [9ms]
2025-09-04 16:58:29.288 [info] > git rev-parse --show-toplevel [8ms]
2025-09-04 16:58:29.288 [info] > git rev-parse --show-toplevel [6ms]
2025-09-04 16:58:29.288 [info] > git rev-parse --show-toplevel [2ms]
2025-09-04 16:58:29.288 [info] > git rev-parse --show-toplevel [2ms]
2025-09-04 16:58:29.288 [info] > git rev-parse --show-toplevel [5ms]
2025-09-04 16:58:29.288 [info] > git rev-parse --show-toplevel [7ms]
2025-09-04 16:58:29.289 [info] > git rev-parse --show-toplevel [5ms]
2025-09-04 16:58:29.289 [info] > git rev-parse --show-toplevel [5ms]
2025-09-04 16:58:29.289 [info] [Model][doInitialScan] Initial repository scan completed - repositories (1), closed repositories (0), parent repositories (0), unsafe repositories (0)
2025-09-04 16:58:29.289 [info] > git status -z -uall [405ms]
2025-09-04 16:58:29.289 [info] > git for-each-ref --format=%(refname)%00%(upstream:short)%00%(objectname)%00%(upstream:track)%00%(upstream:remotename)%00%(upstream:remoteref) refs/heads/main refs/remotes/main [2402ms]
2025-09-04 16:58:29.289 [info] > git config --get --local branch.main.vscode-merge-base [815ms]
2025-09-04 16:58:29.289 [warning] [Git][config] git config failed: Failed to execute git
2025-09-04 16:58:29.289 [info] > git config --get commit.template [905ms]
2025-09-04 16:58:29.289 [info] > git check-ignore -v -z --stdin [21ms]
2025-09-04 16:58:29.289 [info] > git reflog main --grep-reflog=branch: Created from *. [32ms]
2025-09-04 16:58:29.289 [info] > git for-each-ref --format=%(refname)%00%(upstream:short)%00%(objectname)%00%(upstream:track)%00%(upstream:remotename)%00%(upstream:remoteref) refs/heads/main refs/remotes/main [9ms]
2025-09-04 16:58:29.289 [info] > git symbolic-ref --short refs/remotes/origin/HEAD [20ms]
2025-09-04 16:58:29.289 [info] fatal: ref refs/remotes/origin/HEAD is not a symbolic ref
2025-09-04 16:58:29.289 [warning] [Repository][getDefaultBranch] Failed to get default branch details: Failed to execute git.
2025-09-04 16:58:29.289 [info] > git merge-base refs/heads/main refs/remotes/origin/main [5ms]
2025-09-04 16:58:29.289 [info] > git diff --name-status -z --diff-filter=ADMR fc3ecb4759882768a4dcb4d95fab6182f853f5de...refs/remotes/origin/main [3ms]
2025-09-04 16:58:29.290 [info] > git for-each-ref --sort -committerdate --format %(refname)%00%(objectname)%00%(*objectname) [3ms]
2025-09-04 16:58:29.440 [info] > git status -z -uall [163ms]
2025-09-04 16:58:32.926 [info] > git show --textconv :public/app.js [65ms]
2025-09-04 16:58:32.926 [info] > git ls-files --stage -- public/app.js [59ms]
2025-09-04 16:58:32.944 [info] > git cat-file -s 757de021d410685e97662932ca39d0f127f9127d [12ms]
2025-09-04 16:58:33.812 [info] > git check-ignore -v -z --stdin [4ms]
2025-09-04 16:58:38.966 [info] > git blame --root --incremental fc3ecb4759882768a4dcb4d95fab6182f853f5de -- public/app.js [6ms]
2025-09-04 17:03:41.383 [info] > git check-ignore -v -z --stdin [5ms]
2025-09-04 17:03:47.345 [info] > git config --get commit.template [8ms]
2025-09-04 17:03:47.345 [info] > git for-each-ref --format=%(refname)%00%(upstream:short)%00%(objectname)%00%(upstream:track)%00%(upstream:remotename)%00%(upstream:remoteref) refs/heads/main refs/remotes/main [2ms]
2025-09-04 17:03:47.365 [info] > git for-each-ref --sort -committerdate --format %(refname)%00%(objectname)%00%(*objectname) [2ms]
2025-09-04 17:03:47.505 [info] > git status -z -uall [151ms]
2025-09-04 17:03:52.730 [info] > git config --get commit.template [11ms]
2025-09-04 17:03:52.731 [info] > git for-each-ref --format=%(refname)%00%(upstream:short)%00%(objectname)%00%(upstream:track)%00%(upstream:remotename)%00%(upstream:remoteref) refs/heads/main refs/remotes/main [2ms]
2025-09-04 17:03:52.752 [info] > git for-each-ref --sort -committerdate --format %(refname)%00%(objectname)%00%(*objectname) [3ms]
2025-09-04 17:03:52.921 [info] > git status -z -uall [181ms]
2025-09-04 17:06:00.462 [info] > git config --get commit.template [2ms]
2025-09-04 17:06:00.471 [info] > git for-each-ref --format=%(refname)%00%(upstream:short)%00%(objectname)%00%(upstream:track)%00%(upstream:remotename)%00%(upstream:remoteref) refs/heads/main refs/remotes/main [2ms]
2025-09-04 17:06:00.490 [info] > git for-each-ref --sort -committerdate --format %(refname)%00%(objectname)%00%(*objectname) [3ms]
2025-09-04 17:06:00.627 [info] > git status -z -uall [147ms]
2025-09-04 17:06:05.811 [info] > git config --get commit.template [8ms]
2025-09-04 17:06:05.811 [info] > git for-each-ref --format=%(refname)%00%(upstream:short)%00%(objectname)%00%(upstream:track)%00%(upstream:remotename)%00%(upstream:remoteref) refs/heads/main refs/remotes/main [2ms]
2025-09-04 17:06:05.835 [info] > git for-each-ref --sort -committerdate --format %(refname)%00%(objectname)%00%(*objectname) [3ms]
2025-09-04 17:06:05.966 [info] > git status -z -uall [144ms]
2025-09-04 17:11:33.725 [info] > git config --get commit.template [8ms]
2025-09-04 17:11:33.742 [info] > git for-each-ref --format=%(refname)%00%(upstream:short)%00%(objectname)%00%(upstream:track)%00%(upstream:remotename)%00%(upstream:remoteref) refs/heads/main refs/remotes/main [6ms]
2025-09-04 17:11:33.798 [info] > git for-each-ref --sort -committerdate --format %(refname)%00%(objectname)%00%(*objectname) [26ms]
2025-09-04 17:11:33.985 [info] > git ls-files --stage -- functions/.eslintrc.js [11ms]
2025-09-04 17:11:33.999 [info] > git status -z -uall [240ms]
2025-09-04 17:11:36.244 [info] > git show --textconv :functions/.eslintrc.js [2280ms]
2025-09-04 17:11:36.244 [info] > git check-ignore -v -z --stdin [29ms]
2025-09-04 17:11:36.245 [info] > git cat-file -s 6e2a686032b85ea458e161a97ae5d13a29f1441f [2251ms]
2025-09-04 17:11:37.822 [info] > git blame --root --incremental fc3ecb4759882768a4dcb4d95fab6182f853f5de -- functions/.eslintrc.js [53ms]
2025-09-04 17:11:39.322 [info] > git config --get commit.template [11ms]
2025-09-04 17:11:39.322 [info] > git for-each-ref --format=%(refname)%00%(upstream:short)%00%(objectname)%00%(upstream:track)%00%(upstream:remotename)%00%(upstream:remoteref) refs/heads/main refs/remotes/main [2ms]
2025-09-04 17:11:39.345 [info] > git for-each-ref --sort -committerdate --format %(refname)%00%(objectname)%00%(*objectname) [3ms]
2025-09-04 17:11:39.483 [info] > git status -z -uall [152ms]
2025-09-04 17:16:04.988 [info] > git config --get commit.template [10ms]
2025-09-04 17:16:04.989 [info] > git for-each-ref --format=%(refname)%00%(upstream:short)%00%(objectname)%00%(upstream:track)%00%(upstream:remotename)%00%(upstream:remoteref) refs/heads/main refs/remotes/main [2ms]
2025-09-04 17:16:05.010 [info] > git for-each-ref --sort -committerdate --format %(refname)%00%(objectname)%00%(*objectname) [3ms]
2025-09-04 17:16:05.142 [info] > git status -z -uall [145ms]
2025-09-04 17:16:10.290 [info] > git config --get commit.template [9ms]
2025-09-04 17:16:10.290 [info] > git for-each-ref --format=%(refname)%00%(upstream:short)%00%(objectname)%00%(upstream:track)%00%(upstream:remotename)%00%(upstream:remoteref) refs/heads/main refs/remotes/main [2ms]
2025-09-04 17:16:10.313 [info] > git for-each-ref --sort -committerdate --format %(refname)%00%(objectname)%00%(*objectname) [4ms]
2025-09-04 17:16:10.443 [info] > git status -z -uall [144ms]
2025-09-04 17:18:27.817 [info] > git config --get commit.template [8ms]
2025-09-04 17:18:27.817 [info] > git for-each-ref --format=%(refname)%00%(upstream:short)%00%(objectname)%00%(upstream:track)%00%(upstream:remotename)%00%(upstream:remoteref) refs/heads/main refs/remotes/main [2ms]
2025-09-04 17:18:27.847 [info] > git for-each-ref --sort -committerdate --format %(refname)%00%(objectname)%00%(*objectname) [10ms]
2025-09-04 17:18:27.979 [info] > git status -z -uall [154ms]
2025-09-04 17:18:33.131 [info] > git config --get commit.template [10ms]
2025-09-04 17:18:33.132 [info] > git for-each-ref --format=%(refname)%00%(upstream:short)%00%(objectname)%00%(upstream:track)%00%(upstream:remotename)%00%(upstream:remoteref) refs/heads/main refs/remotes/main [3ms]
2025-09-04 17:18:33.153 [info] > git for-each-ref --sort -committerdate --format %(refname)%00%(objectname)%00%(*objectname) [3ms]
2025-09-04 17:18:33.306 [info] > git status -z -uall [166ms]
2025-09-04 17:18:36.028 [info] > git ls-files --stage -- functions/package.json [5ms]
2025-09-04 17:18:36.056 [info] > git show --textconv :functions/package.json [42ms]
2025-09-04 17:18:36.056 [info] > git cat-file -s 812b7ba70cbf0103fc209a6e2fb0aedfb9d7feaa [19ms]
2025-09-04 17:18:36.248 [info] > git blame --root --incremental fc3ecb4759882768a4dcb4d95fab6182f853f5de -- functions/package.json [1ms]
2025-09-04 17:22:15.213 [info] > git config --get commit.template [8ms]
2025-09-04 17:22:15.214 [info] > git for-each-ref --format=%(refname)%00%(upstream:short)%00%(objectname)%00%(upstream:track)%00%(upstream:remotename)%00%(upstream:remoteref) refs/heads/main refs/remotes/main [2ms]
2025-09-04 17:22:15.235 [info] > git for-each-ref --sort -committerdate --format %(refname)%00%(objectname)%00%(*objectname) [3ms]
2025-09-04 17:22:15.363 [info] > git status -z -uall [141ms]
2025-09-04 17:22:20.506 [info] > git config --get commit.template [11ms]
2025-09-04 17:22:20.506 [info] > git for-each-ref --format=%(refname)%00%(upstream:short)%00%(objectname)%00%(upstream:track)%00%(upstream:remotename)%00%(upstream:remoteref) refs/heads/main refs/remotes/main [2ms]
2025-09-04 17:22:20.529 [info] > git for-each-ref --sort -committerdate --format %(refname)%00%(objectname)%00%(*objectname) [3ms]
2025-09-04 17:22:20.666 [info] > git status -z -uall [152ms]
2025-09-04 17:23:11.956 [info] > git show --textconv :functions/.eslintrc.js [10ms]
2025-09-04 17:23:11.959 [info] > git ls-files --stage -- functions/.eslintrc.js [4ms]
2025-09-04 17:23:11.969 [info] > git cat-file -s 6e2a686032b85ea458e161a97ae5d13a29f1441f [2ms]
2025-09-04 17:23:13.945 [info] > git show --textconv :public/app.js [11ms]
2025-09-04 17:23:13.948 [info] > git ls-files --stage -- public/app.js [4ms]
2025-09-04 17:23:13.958 [info] > git cat-file -s 757de021d410685e97662932ca39d0f127f9127d [2ms]
2025-09-04 17:23:24.175 [info] > git show --textconv :public/app.js [22ms]
2025-09-04 17:23:24.186 [info] > git ls-files --stage -- public/app.js [16ms]
2025-09-04 17:23:24.200 [info] > git cat-file -s 757de021d410685e97662932ca39d0f127f9127d [2ms]
2025-09-04 17:28:52.536 [info] > git config --get commit.template [7ms]
2025-09-04 17:28:52.571 [info] > git for-each-ref --format=%(refname)%00%(upstream:short)%00%(objectname)%00%(upstream:track)%00%(upstream:remotename)%00%(upstream:remoteref) refs/heads/main refs/remotes/main [12ms]
2025-09-04 17:28:52.605 [info] > git for-each-ref --sort -committerdate --format %(refname)%00%(objectname)%00%(*objectname) [6ms]
2025-09-04 17:28:52.782 [info] > git status -z -uall [197ms]
2025-09-04 17:28:52.783 [info] > git ls-files --stage -- public/profile.js [6ms]
2025-09-04 17:28:54.465 [info] > git show --textconv :public/profile.js [1697ms]
2025-09-04 17:28:54.465 [info] > git cat-file -s ef0b75df0035815905c260a54d02ef6a8b87b7a3 [1673ms]
2025-09-04 17:28:55.911 [info] > git blame --root --incremental fc3ecb4759882768a4dcb4d95fab6182f853f5de -- public/profile.js [3ms]
2025-09-04 17:28:57.963 [info] > git config --get commit.template [9ms]
2025-09-04 17:28:57.964 [info] > git for-each-ref --format=%(refname)%00%(upstream:short)%00%(objectname)%00%(upstream:track)%00%(upstream:remotename)%00%(upstream:remoteref) refs/heads/main refs/remotes/main [2ms]
2025-09-04 17:28:57.984 [info] > git for-each-ref --sort -committerdate --format %(refname)%00%(objectname)%00%(*objectname) [2ms]
2025-09-04 17:28:58.121 [info] > git status -z -uall [149ms]
2025-09-04 17:34:59.971 [info] > git config --get commit.template [10ms]
2025-09-04 17:34:59.972 [info] > git for-each-ref --format=%(refname)%00%(upstream:short)%00%(objectname)%00%(upstream:track)%00%(upstream:remotename)%00%(upstream:remoteref) refs/heads/main refs/remotes/main [2ms]
2025-09-04 17:34:59.994 [info] > git for-each-ref --sort -committerdate --format %(refname)%00%(objectname)%00%(*objectname) [2ms]
2025-09-04 17:35:00.190 [info] > git status -z -uall [209ms]
2025-09-04 17:35:05.369 [info] > git config --get commit.template [8ms]
2025-09-04 17:35:05.370 [info] > git for-each-ref --format=%(refname)%00%(upstream:short)%00%(objectname)%00%(upstream:track)%00%(upstream:remotename)%00%(upstream:remoteref) refs/heads/main refs/remotes/main [2ms]
2025-09-04 17:35:05.391 [info] > git for-each-ref --sort -committerdate --format %(refname)%00%(objectname)%00%(*objectname) [2ms]
2025-09-04 17:35:05.519 [info] > git status -z -uall [141ms]
2025-09-04 17:40:59.290 [info] > git config --get commit.template [8ms]
2025-09-04 17:40:59.292 [info] > git for-each-ref --format=%(refname)%00%(upstream:short)%00%(objectname)%00%(upstream:track)%00%(upstream:remotename)%00%(upstream:remoteref) refs/heads/main refs/remotes/main [2ms]
2025-09-04 17:40:59.312 [info] > git for-each-ref --sort -committerdate --format %(refname)%00%(objectname)%00%(*objectname) [3ms]
2025-09-04 17:40:59.460 [info] > git status -z -uall [160ms]
2025-09-04 17:41:30.723 [info] > git config --get commit.template [9ms]
2025-09-04 17:41:30.724 [info] > git for-each-ref --format=%(refname)%00%(upstream:short)%00%(objectname)%00%(upstream:track)%00%(upstream:remotename)%00%(upstream:remoteref) refs/heads/main refs/remotes/main [2ms]
2025-09-04 17:41:30.746 [info] > git for-each-ref --sort -committerdate --format %(refname)%00%(objectname)%00%(*objectname) [3ms]
2025-09-04 17:41:30.885 [info] > git status -z -uall [153ms]
2025-09-04 17:47:52.345 [info] > git config --get commit.template [9ms]
2025-09-04 17:47:52.345 [info] > git for-each-ref --format=%(refname)%00%(upstream:short)%00%(objectname)%00%(upstream:track)%00%(upstream:remotename)%00%(upstream:remoteref) refs/heads/main refs/remotes/main [2ms]
2025-09-04 17:47:52.367 [info] > git for-each-ref --sort -committerdate --format %(refname)%00%(objectname)%00%(*objectname) [3ms]
2025-09-04 17:47:52.506 [info] > git status -z -uall [150ms]
2025-09-04 17:47:57.646 [info] > git config --get commit.template [8ms]
2025-09-04 17:47:57.647 [info] > git for-each-ref --format=%(refname)%00%(upstream:short)%00%(objectname)%00%(upstream:track)%00%(upstream:remotename)%00%(upstream:remoteref) refs/heads/main refs/remotes/main [2ms]
2025-09-04 17:47:57.668 [info] > git for-each-ref --sort -committerdate --format %(refname)%00%(objectname)%00%(*objectname) [3ms]
2025-09-04 17:47:57.797 [info] > git status -z -uall [142ms]
2025-09-04 17:51:34.403 [info] > git config --get commit.template [10ms]
2025-09-04 17:51:34.404 [info] > git for-each-ref --format=%(refname)%00%(upstream:short)%00%(objectname)%00%(upstream:track)%00%(upstream:remotename)%00%(upstream:remoteref) refs/heads/main refs/remotes/main [3ms]
2025-09-04 17:51:34.428 [info] > git for-each-ref --sort -committerdate --format %(refname)%00%(objectname)%00%(*objectname) [3ms]
2025-09-04 17:51:34.572 [info] > git status -z -uall [158ms]
2025-09-04 17:51:39.757 [info] > git config --get commit.template [11ms]
2025-09-04 17:51:39.758 [info] > git for-each-ref --format=%(refname)%00%(upstream:short)%00%(objectname)%00%(upstream:track)%00%(upstream:remotename)%00%(upstream:remoteref) refs/heads/main refs/remotes/main [2ms]
2025-09-04 17:51:39.779 [info] > git for-each-ref --sort -committerdate --format %(refname)%00%(objectname)%00%(*objectname) [3ms]
2025-09-04 17:51:39.940 [info] > git status -z -uall [173ms]
2025-09-04 17:53:14.323 [info] > git config --get commit.template [8ms]
2025-09-04 17:53:14.324 [info] > git for-each-ref --format=%(refname)%00%(upstream:short)%00%(objectname)%00%(upstream:track)%00%(upstream:remotename)%00%(upstream:remoteref) refs/heads/main refs/remotes/main [3ms]
2025-09-04 17:53:14.344 [info] > git for-each-ref --sort -committerdate --format %(refname)%00%(objectname)%00%(*objectname) [2ms]
2025-09-04 17:53:14.469 [info] > git status -z -uall [137ms]
2025-09-04 17:56:34.688 [info] > git config --get commit.template [11ms]
2025-09-04 17:56:34.689 [info] > git for-each-ref --format=%(refname)%00%(upstream:short)%00%(objectname)%00%(upstream:track)%00%(upstream:remotename)%00%(upstream:remoteref) refs/heads/main refs/remotes/main [3ms]
2025-09-04 17:56:34.710 [info] > git for-each-ref --sort -committerdate --format %(refname)%00%(objectname)%00%(*objectname) [2ms]
2025-09-04 17:56:34.845 [info] > git status -z -uall [147ms]
