2025-09-04 12:36:04.449 [info] [main] Log level: Info
2025-09-04 12:36:04.450 [info] [main] Validating found git in: "git"
2025-09-04 12:36:04.450 [info] [main] Using git "2.43.0" from "git"
2025-09-04 12:36:04.450 [info] [Model][doInitialScan] Initial repository scan started
2025-09-04 12:36:04.450 [info] > git rev-parse --show-toplevel [13ms]
2025-09-04 12:36:04.450 [info] > git rev-parse --git-dir --git-common-dir [4ms]
2025-09-04 12:36:04.450 [info] [Model][openRepository] Opened repository (path): /home/gabrielblucas
2025-09-04 12:36:04.450 [info] [Model][openRepository] Opened repository (real path): /home/gabrielblucas
2025-09-04 12:36:04.450 [info] > git config --get commit.template [13ms]
2025-09-04 12:36:04.450 [info] > git rev-parse --show-toplevel [10ms]
2025-09-04 12:36:04.450 [info] > git rev-parse --show-toplevel [6ms]
2025-09-04 12:36:04.450 [info] > git for-each-ref --format=%(refname)%00%(upstream:short)%00%(objectname)%00%(upstream:track)%00%(upstream:remotename)%00%(upstream:remoteref) refs/heads/main refs/remotes/main [41ms]
2025-09-04 12:36:04.450 [info] > git rev-parse --show-toplevel [55ms]
2025-09-04 12:36:04.450 [info] > git rev-parse --show-toplevel [1ms]
2025-09-04 12:36:04.450 [info] > git for-each-ref --sort -committerdate --format %(refname)%00%(objectname)%00%(*objectname) [22ms]
2025-09-04 12:36:04.450 [info] > git rev-parse --show-toplevel [4ms]
2025-09-04 12:36:04.450 [info] > git rev-parse --show-toplevel [4ms]
2025-09-04 12:36:04.450 [info] > git rev-parse --show-toplevel [2ms]
2025-09-04 12:36:04.450 [info] > git rev-parse --show-toplevel [1ms]
2025-09-04 12:36:04.450 [info] > git rev-parse --show-toplevel [5ms]
2025-09-04 12:36:04.450 [info] > git rev-parse --show-toplevel [4ms]
2025-09-04 12:36:04.450 [info] > git rev-parse --show-toplevel [2ms]
2025-09-04 12:36:04.450 [info] [Model][doInitialScan] Initial repository scan completed - repositories (1), closed repositories (0), parent repositories (0), unsafe repositories (0)
2025-09-04 12:36:04.450 [info] > git status -z -uall [305ms]
2025-09-04 12:36:04.450 [info] > git for-each-ref --format=%(refname)%00%(upstream:short)%00%(objectname)%00%(upstream:track)%00%(upstream:remotename)%00%(upstream:remoteref) refs/heads/main refs/remotes/main [2900ms]
2025-09-04 12:36:04.450 [info] > git check-ignore -v -z --stdin [91ms]
2025-09-04 12:36:04.450 [info] > git config --get --local branch.main.vscode-merge-base [139ms]
2025-09-04 12:36:04.450 [warning] [Git][config] git config failed: Failed to execute git
2025-09-04 12:36:04.450 [info] > git config --get commit.template [803ms]
2025-09-04 12:36:04.450 [info] > git reflog main --grep-reflog=branch: Created from *. [23ms]
2025-09-04 12:36:04.450 [info] > git for-each-ref --format=%(refname)%00%(upstream:short)%00%(objectname)%00%(upstream:track)%00%(upstream:remotename)%00%(upstream:remoteref) refs/heads/main refs/remotes/main [22ms]
2025-09-04 12:36:04.450 [info] > git symbolic-ref --short refs/remotes/origin/HEAD [9ms]
2025-09-04 12:36:04.450 [info] fatal: ref refs/remotes/origin/HEAD is not a symbolic ref
2025-09-04 12:36:04.450 [warning] [Repository][getDefaultBranch] Failed to get default branch details: Failed to execute git.
2025-09-04 12:36:04.450 [info] > git merge-base refs/heads/main refs/remotes/origin/main [5ms]
2025-09-04 12:36:04.450 [info] > git diff --name-status -z --diff-filter=ADMR fc3ecb4759882768a4dcb4d95fab6182f853f5de...refs/remotes/origin/main [43ms]
2025-09-04 12:36:04.451 [info] > git for-each-ref --sort -committerdate --format %(refname)%00%(objectname)%00%(*objectname) [4ms]
2025-09-04 12:36:04.603 [info] > git status -z -uall [169ms]
2025-09-04 12:36:06.604 [info] > git show --textconv :functions/index.js [75ms]
2025-09-04 12:36:06.604 [info] > git ls-files --stage -- functions/index.js [70ms]
2025-09-04 12:36:06.621 [info] > git cat-file -s b49b746081b4deda3dab75c7aa47a31d5b101017 [5ms]
2025-09-04 12:36:25.531 [info] > git check-ignore -v -z --stdin [10ms]
2025-09-04 12:37:28.270 [info] > git config --get commit.template [8ms]
2025-09-04 12:37:28.271 [info] > git for-each-ref --format=%(refname)%00%(upstream:short)%00%(objectname)%00%(upstream:track)%00%(upstream:remotename)%00%(upstream:remoteref) refs/heads/main refs/remotes/main [2ms]
2025-09-04 12:37:28.290 [info] > git for-each-ref --sort -committerdate --format %(refname)%00%(objectname)%00%(*objectname) [3ms]
2025-09-04 12:37:28.418 [info] > git status -z -uall [140ms]
2025-09-04 12:37:33.624 [info] > git config --get commit.template [7ms]
2025-09-04 12:37:33.625 [info] > git for-each-ref --format=%(refname)%00%(upstream:short)%00%(objectname)%00%(upstream:track)%00%(upstream:remotename)%00%(upstream:remoteref) refs/heads/main refs/remotes/main [3ms]
2025-09-04 12:37:33.642 [info] > git for-each-ref --sort -committerdate --format %(refname)%00%(objectname)%00%(*objectname) [3ms]
2025-09-04 12:37:33.768 [info] > git status -z -uall [135ms]
2025-09-04 12:39:44.960 [info] > git blame --root --incremental fc3ecb4759882768a4dcb4d95fab6182f853f5de -- functions/index.js [158ms]
2025-09-04 12:44:13.326 [info] > git config --get commit.template [8ms]
2025-09-04 12:44:13.327 [info] > git for-each-ref --format=%(refname)%00%(upstream:short)%00%(objectname)%00%(upstream:track)%00%(upstream:remotename)%00%(upstream:remoteref) refs/heads/main refs/remotes/main [2ms]
2025-09-04 12:44:13.347 [info] > git for-each-ref --sort -committerdate --format %(refname)%00%(objectname)%00%(*objectname) [2ms]
2025-09-04 12:44:13.478 [info] > git status -z -uall [144ms]
2025-09-04 12:44:18.663 [info] > git config --get commit.template [10ms]
2025-09-04 12:44:18.663 [info] > git for-each-ref --format=%(refname)%00%(upstream:short)%00%(objectname)%00%(upstream:track)%00%(upstream:remotename)%00%(upstream:remoteref) refs/heads/main refs/remotes/main [2ms]
2025-09-04 12:44:18.683 [info] > git for-each-ref --sort -committerdate --format %(refname)%00%(objectname)%00%(*objectname) [3ms]
2025-09-04 12:44:18.807 [info] > git status -z -uall [136ms]
2025-09-04 12:45:41.165 [info] > git config --get commit.template [2ms]
2025-09-04 12:45:41.175 [info] > git for-each-ref --format=%(refname)%00%(upstream:short)%00%(objectname)%00%(upstream:track)%00%(upstream:remotename)%00%(upstream:remoteref) refs/heads/main refs/remotes/main [2ms]
2025-09-04 12:45:41.195 [info] > git for-each-ref --sort -committerdate --format %(refname)%00%(objectname)%00%(*objectname) [2ms]
2025-09-04 12:45:41.327 [info] > git status -z -uall [144ms]
2025-09-04 12:45:46.511 [info] > git config --get commit.template [8ms]
2025-09-04 12:45:46.512 [info] > git for-each-ref --format=%(refname)%00%(upstream:short)%00%(objectname)%00%(upstream:track)%00%(upstream:remotename)%00%(upstream:remoteref) refs/heads/main refs/remotes/main [2ms]
2025-09-04 12:45:46.530 [info] > git for-each-ref --sort -committerdate --format %(refname)%00%(objectname)%00%(*objectname) [1ms]
2025-09-04 12:45:46.671 [info] > git status -z -uall [152ms]
2025-09-04 12:48:00.593 [info] > git config --get commit.template [3ms]
2025-09-04 12:48:00.603 [info] > git for-each-ref --format=%(refname)%00%(upstream:short)%00%(objectname)%00%(upstream:track)%00%(upstream:remotename)%00%(upstream:remoteref) refs/heads/main refs/remotes/main [2ms]
2025-09-04 12:48:00.621 [info] > git for-each-ref --sort -committerdate --format %(refname)%00%(objectname)%00%(*objectname) [2ms]
2025-09-04 12:48:00.750 [info] > git status -z -uall [139ms]
2025-09-04 12:48:06.978 [info] > git config --get commit.template [8ms]
2025-09-04 12:48:06.979 [info] > git for-each-ref --format=%(refname)%00%(upstream:short)%00%(objectname)%00%(upstream:track)%00%(upstream:remotename)%00%(upstream:remoteref) refs/heads/main refs/remotes/main [2ms]
2025-09-04 12:48:07.000 [info] > git for-each-ref --sort -committerdate --format %(refname)%00%(objectname)%00%(*objectname) [3ms]
2025-09-04 12:48:07.122 [info] > git status -z -uall [135ms]
2025-09-04 12:49:10.705 [info] > git config --get commit.template [3ms]
2025-09-04 12:49:10.720 [info] > git for-each-ref --format=%(refname)%00%(upstream:short)%00%(objectname)%00%(upstream:track)%00%(upstream:remotename)%00%(upstream:remoteref) refs/heads/main refs/remotes/main [8ms]
2025-09-04 12:49:10.744 [info] > git for-each-ref --sort -committerdate --format %(refname)%00%(objectname)%00%(*objectname) [3ms]
2025-09-04 12:49:10.873 [info] > git status -z -uall [144ms]
2025-09-04 12:49:12.395 [info] > git show --textconv :functions/index.js [33ms]
2025-09-04 12:49:12.395 [info] > git ls-files --stage -- functions/index.js [26ms]
2025-09-04 12:49:12.413 [info] > git cat-file -s b49b746081b4deda3dab75c7aa47a31d5b101017 [6ms]
2025-09-04 12:49:16.046 [info] > git config --get commit.template [8ms]
2025-09-04 12:49:16.047 [info] > git for-each-ref --format=%(refname)%00%(upstream:short)%00%(objectname)%00%(upstream:track)%00%(upstream:remotename)%00%(upstream:remoteref) refs/heads/main refs/remotes/main [2ms]
2025-09-04 12:49:16.072 [info] > git for-each-ref --sort -committerdate --format %(refname)%00%(objectname)%00%(*objectname) [3ms]
2025-09-04 12:49:16.191 [info] > git status -z -uall [136ms]
2025-09-04 12:50:14.677 [info] > git ls-files --stage -- public/profile.js [5ms]
2025-09-04 12:50:14.732 [info] > git show --textconv :public/profile.js [68ms]
2025-09-04 12:50:14.733 [info] > git cat-file -s ef0b75df0035815905c260a54d02ef6a8b87b7a3 [48ms]
2025-09-04 12:50:37.718 [info] > git config --get commit.template [8ms]
2025-09-04 12:50:37.719 [info] > git for-each-ref --format=%(refname)%00%(upstream:short)%00%(objectname)%00%(upstream:track)%00%(upstream:remotename)%00%(upstream:remoteref) refs/heads/main refs/remotes/main [2ms]
2025-09-04 12:50:37.739 [info] > git for-each-ref --sort -committerdate --format %(refname)%00%(objectname)%00%(*objectname) [2ms]
2025-09-04 12:50:37.861 [info] > git status -z -uall [134ms]
2025-09-04 12:50:42.996 [info] > git config --get commit.template [4ms]
2025-09-04 12:50:43.006 [info] > git for-each-ref --format=%(refname)%00%(upstream:short)%00%(objectname)%00%(upstream:track)%00%(upstream:remotename)%00%(upstream:remoteref) refs/heads/main refs/remotes/main [3ms]
2025-09-04 12:50:43.025 [info] > git for-each-ref --sort -committerdate --format %(refname)%00%(objectname)%00%(*objectname) [2ms]
2025-09-04 12:50:43.145 [info] > git status -z -uall [131ms]
2025-09-04 12:50:56.706 [info] > git ls-files --stage -- public/profile.html [8ms]
2025-09-04 12:50:56.793 [info] > git cat-file -s 533eec30faffd31934d4abed206a5ff9c44f423b [79ms]
2025-09-04 12:50:56.794 [info] > git show --textconv :public/profile.html [102ms]
2025-09-04 12:50:57.021 [info] > git blame --root --incremental fc3ecb4759882768a4dcb4d95fab6182f853f5de -- public/profile.html [40ms]
2025-09-04 12:51:01.372 [info] > git show --textconv :public/profile.js [9ms]
2025-09-04 12:51:01.375 [info] > git ls-files --stage -- public/profile.js [4ms]
2025-09-04 12:51:01.384 [info] > git cat-file -s ef0b75df0035815905c260a54d02ef6a8b87b7a3 [2ms]
2025-09-04 12:51:28.072 [info] > git ls-files --stage -- public/app.js [5ms]
2025-09-04 12:51:28.117 [info] > git show --textconv :public/app.js [58ms]
2025-09-04 12:51:28.117 [info] > git cat-file -s 757de021d410685e97662932ca39d0f127f9127d [37ms]
2025-09-04 12:51:28.292 [info] > git blame --root --incremental fc3ecb4759882768a4dcb4d95fab6182f853f5de -- public/app.js [3ms]
2025-09-04 12:51:45.526 [info] > git show --textconv :public/profile.js [7ms]
2025-09-04 12:51:45.529 [info] > git ls-files --stage -- public/profile.js [4ms]
2025-09-04 12:51:45.537 [info] > git cat-file -s ef0b75df0035815905c260a54d02ef6a8b87b7a3 [2ms]
2025-09-04 12:51:48.224 [info] > git blame --root --incremental fc3ecb4759882768a4dcb4d95fab6182f853f5de -- public/profile.js [3ms]
2025-09-04 12:52:48.102 [info] > git show --textconv :public/app.js [8ms]
2025-09-04 12:52:48.105 [info] > git ls-files --stage -- public/app.js [4ms]
2025-09-04 12:52:48.114 [info] > git cat-file -s 757de021d410685e97662932ca39d0f127f9127d [3ms]
2025-09-04 12:52:54.732 [info] > git show --textconv :public/profile.js [10ms]
2025-09-04 12:52:54.734 [info] > git ls-files --stage -- public/profile.js [3ms]
2025-09-04 12:52:54.743 [info] > git cat-file -s ef0b75df0035815905c260a54d02ef6a8b87b7a3 [2ms]
2025-09-04 12:53:26.718 [info] > git config --get commit.template [2ms]
2025-09-04 12:53:26.727 [info] > git for-each-ref --format=%(refname)%00%(upstream:short)%00%(objectname)%00%(upstream:track)%00%(upstream:remotename)%00%(upstream:remoteref) refs/heads/main refs/remotes/main [3ms]
2025-09-04 12:53:26.759 [info] > git for-each-ref --sort -committerdate --format %(refname)%00%(objectname)%00%(*objectname) [3ms]
2025-09-04 12:53:26.909 [info] > git status -z -uall [171ms]
2025-09-04 12:55:14.642 [info] > git show --textconv :public/app.js [9ms]
2025-09-04 12:55:14.647 [info] > git ls-files --stage -- public/app.js [6ms]
2025-09-04 12:55:14.656 [info] > git cat-file -s 757de021d410685e97662932ca39d0f127f9127d [2ms]
2025-09-04 12:56:06.330 [info] > git config --get commit.template [9ms]
2025-09-04 12:56:06.331 [info] > git for-each-ref --format=%(refname)%00%(upstream:short)%00%(objectname)%00%(upstream:track)%00%(upstream:remotename)%00%(upstream:remoteref) refs/heads/main refs/remotes/main [2ms]
2025-09-04 12:56:06.352 [info] > git for-each-ref --sort -committerdate --format %(refname)%00%(objectname)%00%(*objectname) [2ms]
2025-09-04 12:56:06.484 [info] > git status -z -uall [145ms]
2025-09-04 12:56:11.663 [info] > git config --get commit.template [8ms]
2025-09-04 12:56:11.664 [info] > git for-each-ref --format=%(refname)%00%(upstream:short)%00%(objectname)%00%(upstream:track)%00%(upstream:remotename)%00%(upstream:remoteref) refs/heads/main refs/remotes/main [2ms]
2025-09-04 12:56:11.686 [info] > git for-each-ref --sort -committerdate --format %(refname)%00%(objectname)%00%(*objectname) [2ms]
2025-09-04 12:56:11.806 [info] > git status -z -uall [133ms]
2025-09-04 13:03:05.752 [info] > git check-ignore -v -z --stdin [4ms]
2025-09-04 13:03:07.586 [info] > git show --textconv :public/profile.js [13ms]
2025-09-04 13:03:07.588 [info] > git ls-files --stage -- public/profile.js [8ms]
2025-09-04 13:03:07.597 [info] > git cat-file -s ef0b75df0035815905c260a54d02ef6a8b87b7a3 [2ms]
2025-09-04 13:04:07.225 [info] > git config --get commit.template [9ms]
2025-09-04 13:04:07.225 [info] > git for-each-ref --format=%(refname)%00%(upstream:short)%00%(objectname)%00%(upstream:track)%00%(upstream:remotename)%00%(upstream:remoteref) refs/heads/main refs/remotes/main [2ms]
2025-09-04 13:04:07.246 [info] > git for-each-ref --sort -committerdate --format %(refname)%00%(objectname)%00%(*objectname) [2ms]
2025-09-04 13:04:07.377 [info] > git status -z -uall [143ms]
2025-09-04 13:04:12.139 [info] > git check-ignore -v -z --stdin [4ms]
2025-09-04 13:04:34.110 [info] > git config --get commit.template [3ms]
2025-09-04 13:04:34.121 [info] > git for-each-ref --format=%(refname)%00%(upstream:short)%00%(objectname)%00%(upstream:track)%00%(upstream:remotename)%00%(upstream:remoteref) refs/heads/main refs/remotes/main [2ms]
2025-09-04 13:04:34.146 [info] > git for-each-ref --sort -committerdate --format %(refname)%00%(objectname)%00%(*objectname) [3ms]
2025-09-04 13:04:34.278 [info] > git status -z -uall [149ms]
2025-09-04 13:04:35.889 [info] > git show --textconv :public/profile.html [40ms]
2025-09-04 13:04:35.890 [info] > git ls-files --stage -- public/profile.html [33ms]
2025-09-04 13:04:35.905 [info] > git cat-file -s 533eec30faffd31934d4abed206a5ff9c44f423b [3ms]
2025-09-04 13:04:40.177 [info] > git show --textconv :public/profile.js [30ms]
2025-09-04 13:04:40.178 [info] > git ls-files --stage -- public/profile.js [23ms]
2025-09-04 13:04:40.192 [info] > git cat-file -s ef0b75df0035815905c260a54d02ef6a8b87b7a3 [2ms]
2025-09-04 13:13:38.227 [info] > git config --get commit.template [10ms]
2025-09-04 13:13:38.227 [info] > git for-each-ref --format=%(refname)%00%(upstream:short)%00%(objectname)%00%(upstream:track)%00%(upstream:remotename)%00%(upstream:remoteref) refs/heads/main refs/remotes/main [3ms]
2025-09-04 13:13:38.248 [info] > git for-each-ref --sort -committerdate --format %(refname)%00%(objectname)%00%(*objectname) [2ms]
2025-09-04 13:13:38.387 [info] > git status -z -uall [152ms]
2025-09-04 13:13:43.570 [info] > git config --get commit.template [9ms]
2025-09-04 13:13:43.571 [info] > git for-each-ref --format=%(refname)%00%(upstream:short)%00%(objectname)%00%(upstream:track)%00%(upstream:remotename)%00%(upstream:remoteref) refs/heads/main refs/remotes/main [3ms]
2025-09-04 13:13:43.590 [info] > git for-each-ref --sort -committerdate --format %(refname)%00%(objectname)%00%(*objectname) [2ms]
2025-09-04 13:13:43.780 [info] > git status -z -uall [202ms]
2025-09-04 13:14:01.545 [info] > git show --textconv :functions/index.js [16ms]
2025-09-04 13:14:01.547 [info] > git ls-files --stage -- functions/index.js [10ms]
2025-09-04 13:14:01.564 [info] > git cat-file -s b49b746081b4deda3dab75c7aa47a31d5b101017 [9ms]
2025-09-04 13:19:40.148 [info] > git config --get commit.template [8ms]
2025-09-04 13:19:40.149 [info] > git for-each-ref --format=%(refname)%00%(upstream:short)%00%(objectname)%00%(upstream:track)%00%(upstream:remotename)%00%(upstream:remoteref) refs/heads/main refs/remotes/main [2ms]
2025-09-04 13:19:40.170 [info] > git for-each-ref --sort -committerdate --format %(refname)%00%(objectname)%00%(*objectname) [2ms]
2025-09-04 13:19:40.295 [info] > git status -z -uall [138ms]
2025-09-04 13:19:45.474 [info] > git config --get commit.template [9ms]
2025-09-04 13:19:45.475 [info] > git for-each-ref --format=%(refname)%00%(upstream:short)%00%(objectname)%00%(upstream:track)%00%(upstream:remotename)%00%(upstream:remoteref) refs/heads/main refs/remotes/main [2ms]
2025-09-04 13:19:45.497 [info] > git for-each-ref --sort -committerdate --format %(refname)%00%(objectname)%00%(*objectname) [2ms]
2025-09-04 13:19:45.624 [info] > git status -z -uall [140ms]
2025-09-04 13:22:51.651 [info] > git show --textconv :public/app.js [20ms]
2025-09-04 13:22:51.668 [info] > git ls-files --stage -- public/app.js [18ms]
2025-09-04 13:22:51.695 [info] > git cat-file -s 757de021d410685e97662932ca39d0f127f9127d [4ms]
2025-09-04 13:22:52.613 [info] > git show --textconv :public/profile.js [12ms]
2025-09-04 13:22:52.614 [info] > git ls-files --stage -- public/profile.js [6ms]
2025-09-04 13:22:52.626 [info] > git cat-file -s ef0b75df0035815905c260a54d02ef6a8b87b7a3 [3ms]
2025-09-04 13:23:56.244 [info] > git config --get commit.template [8ms]
2025-09-04 13:23:56.245 [info] > git for-each-ref --format=%(refname)%00%(upstream:short)%00%(objectname)%00%(upstream:track)%00%(upstream:remotename)%00%(upstream:remoteref) refs/heads/main refs/remotes/main [2ms]
2025-09-04 13:23:56.264 [info] > git for-each-ref --sort -committerdate --format %(refname)%00%(objectname)%00%(*objectname) [3ms]
2025-09-04 13:23:56.400 [info] > git status -z -uall [148ms]
2025-09-04 13:24:01.589 [info] > git config --get commit.template [8ms]
2025-09-04 13:24:01.590 [info] > git for-each-ref --format=%(refname)%00%(upstream:short)%00%(objectname)%00%(upstream:track)%00%(upstream:remotename)%00%(upstream:remoteref) refs/heads/main refs/remotes/main [2ms]
2025-09-04 13:24:01.617 [info] > git for-each-ref --sort -committerdate --format %(refname)%00%(objectname)%00%(*objectname) [9ms]
2025-09-04 13:24:01.739 [info] > git status -z -uall [140ms]
2025-09-04 13:24:11.789 [info] > git show --textconv :public/app.js [9ms]
2025-09-04 13:24:11.791 [info] > git ls-files --stage -- public/app.js [3ms]
2025-09-04 13:24:11.801 [info] > git cat-file -s 757de021d410685e97662932ca39d0f127f9127d [3ms]
2025-09-04 13:24:19.813 [info] > git show --textconv :public/profile.js [7ms]
2025-09-04 13:24:19.815 [info] > git ls-files --stage -- public/profile.js [4ms]
2025-09-04 13:24:19.824 [info] > git cat-file -s ef0b75df0035815905c260a54d02ef6a8b87b7a3 [2ms]
2025-09-04 13:26:39.610 [info] > git show --textconv :functions/index.js [8ms]
2025-09-04 13:26:39.613 [info] > git ls-files --stage -- functions/index.js [4ms]
2025-09-04 13:26:39.622 [info] > git cat-file -s b49b746081b4deda3dab75c7aa47a31d5b101017 [2ms]
2025-09-04 13:26:49.988 [info] > git config --get commit.template [9ms]
2025-09-04 13:26:49.989 [info] > git for-each-ref --format=%(refname)%00%(upstream:short)%00%(objectname)%00%(upstream:track)%00%(upstream:remotename)%00%(upstream:remoteref) refs/heads/main refs/remotes/main [2ms]
2025-09-04 13:26:50.010 [info] > git for-each-ref --sort -committerdate --format %(refname)%00%(objectname)%00%(*objectname) [2ms]
2025-09-04 13:26:50.130 [info] > git status -z -uall [133ms]
2025-09-04 13:27:00.328 [info] > git config --get commit.template [8ms]
2025-09-04 13:27:00.329 [info] > git for-each-ref --format=%(refname)%00%(upstream:short)%00%(objectname)%00%(upstream:track)%00%(upstream:remotename)%00%(upstream:remoteref) refs/heads/main refs/remotes/main [2ms]
2025-09-04 13:27:00.350 [info] > git for-each-ref --sort -committerdate --format %(refname)%00%(objectname)%00%(*objectname) [3ms]
2025-09-04 13:27:00.469 [info] > git status -z -uall [132ms]
2025-09-04 13:30:04.728 [info] > git show --textconv :public/profile.js [10ms]
2025-09-04 13:30:04.732 [info] > git ls-files --stage -- public/profile.js [7ms]
2025-09-04 13:30:04.742 [info] > git cat-file -s ef0b75df0035815905c260a54d02ef6a8b87b7a3 [2ms]
2025-09-04 13:30:08.733 [info] > git show --textconv :functions/index.js [25ms]
2025-09-04 13:30:08.737 [info] > git ls-files --stage -- functions/index.js [10ms]
2025-09-04 13:30:08.751 [info] > git cat-file -s b49b746081b4deda3dab75c7aa47a31d5b101017 [1ms]
2025-09-04 13:33:03.581 [info] > git config --get commit.template [8ms]
2025-09-04 13:33:03.583 [info] > git for-each-ref --format=%(refname)%00%(upstream:short)%00%(objectname)%00%(upstream:track)%00%(upstream:remotename)%00%(upstream:remoteref) refs/heads/main refs/remotes/main [2ms]
2025-09-04 13:33:03.604 [info] > git for-each-ref --sort -committerdate --format %(refname)%00%(objectname)%00%(*objectname) [2ms]
2025-09-04 13:33:03.732 [info] > git status -z -uall [142ms]
2025-09-04 13:33:08.913 [info] > git config --get commit.template [9ms]
2025-09-04 13:33:08.932 [info] > git for-each-ref --format=%(refname)%00%(upstream:short)%00%(objectname)%00%(upstream:track)%00%(upstream:remotename)%00%(upstream:remoteref) refs/heads/main refs/remotes/main [3ms]
2025-09-04 13:33:08.974 [info] > git for-each-ref --sort -committerdate --format %(refname)%00%(objectname)%00%(*objectname) [9ms]
2025-09-04 13:33:09.232 [info] > git status -z -uall [282ms]
2025-09-04 13:35:26.041 [info] > git check-ignore -v -z --stdin [12ms]
2025-09-04 13:35:26.621 [info] > git ls-files --stage -- functions/.eslintrc.js [4ms]
2025-09-04 13:35:26.675 [info] > git show --textconv :functions/.eslintrc.js [65ms]
2025-09-04 13:35:26.675 [info] > git cat-file -s 6e2a686032b85ea458e161a97ae5d13a29f1441f [47ms]
2025-09-04 13:35:27.026 [info] > git blame --root --incremental fc3ecb4759882768a4dcb4d95fab6182f853f5de -- functions/.eslintrc.js [3ms]
2025-09-04 13:35:44.838 [info] > git config --get commit.template [11ms]
2025-09-04 13:35:44.839 [info] > git for-each-ref --format=%(refname)%00%(upstream:short)%00%(objectname)%00%(upstream:track)%00%(upstream:remotename)%00%(upstream:remoteref) refs/heads/main refs/remotes/main [2ms]
2025-09-04 13:35:44.859 [info] > git for-each-ref --sort -committerdate --format %(refname)%00%(objectname)%00%(*objectname) [3ms]
2025-09-04 13:35:44.988 [info] > git status -z -uall [141ms]
2025-09-04 13:35:50.118 [info] > git config --get commit.template [9ms]
2025-09-04 13:35:50.119 [info] > git for-each-ref --format=%(refname)%00%(upstream:short)%00%(objectname)%00%(upstream:track)%00%(upstream:remotename)%00%(upstream:remoteref) refs/heads/main refs/remotes/main [2ms]
2025-09-04 13:35:50.141 [info] > git for-each-ref --sort -committerdate --format %(refname)%00%(objectname)%00%(*objectname) [3ms]
2025-09-04 13:35:50.262 [info] > git status -z -uall [135ms]
2025-09-04 13:43:22.636 [info] > git show --textconv :public/app.js [15ms]
2025-09-04 13:43:22.639 [info] > git ls-files --stage -- public/app.js [4ms]
2025-09-04 13:43:22.654 [info] > git cat-file -s 757de021d410685e97662932ca39d0f127f9127d [2ms]
2025-09-04 13:43:23.673 [info] > git show --textconv :public/profile.js [33ms]
2025-09-04 13:43:23.677 [info] > git ls-files --stage -- public/profile.js [5ms]
2025-09-04 13:43:23.696 [info] > git cat-file -s ef0b75df0035815905c260a54d02ef6a8b87b7a3 [1ms]
2025-09-04 13:44:50.856 [info] > git config --get commit.template [3ms]
2025-09-04 13:44:50.869 [info] > git for-each-ref --format=%(refname)%00%(upstream:short)%00%(objectname)%00%(upstream:track)%00%(upstream:remotename)%00%(upstream:remoteref) refs/heads/main refs/remotes/main [2ms]
2025-09-04 13:44:50.898 [info] > git for-each-ref --sort -committerdate --format %(refname)%00%(objectname)%00%(*objectname) [3ms]
2025-09-04 13:44:51.030 [info] > git status -z -uall [149ms]
2025-09-04 13:44:56.235 [info] > git config --get commit.template [9ms]
2025-09-04 13:44:56.236 [info] > git for-each-ref --format=%(refname)%00%(upstream:short)%00%(objectname)%00%(upstream:track)%00%(upstream:remotename)%00%(upstream:remoteref) refs/heads/main refs/remotes/main [2ms]
2025-09-04 13:44:56.258 [info] > git for-each-ref --sort -committerdate --format %(refname)%00%(objectname)%00%(*objectname) [3ms]
2025-09-04 13:44:56.381 [info] > git status -z -uall [136ms]
2025-09-04 13:45:15.461 [info] > git show --textconv :public/app.js [8ms]
2025-09-04 13:45:15.464 [info] > git ls-files --stage -- public/app.js [4ms]
2025-09-04 13:45:15.473 [info] > git cat-file -s 757de021d410685e97662932ca39d0f127f9127d [2ms]
2025-09-04 13:45:20.580 [info] > git show --textconv :public/profile.js [9ms]
2025-09-04 13:45:20.582 [info] > git ls-files --stage -- public/profile.js [3ms]
2025-09-04 13:45:20.592 [info] > git cat-file -s ef0b75df0035815905c260a54d02ef6a8b87b7a3 [2ms]
2025-09-04 13:45:45.576 [info] > git show --textconv :public/profile.html [8ms]
2025-09-04 13:45:45.578 [info] > git ls-files --stage -- public/profile.html [3ms]
2025-09-04 13:45:45.587 [info] > git cat-file -s 533eec30faffd31934d4abed206a5ff9c44f423b [1ms]
2025-09-04 13:53:42.698 [info] > git config --get commit.template [9ms]
2025-09-04 13:53:42.699 [info] > git for-each-ref --format=%(refname)%00%(upstream:short)%00%(objectname)%00%(upstream:track)%00%(upstream:remotename)%00%(upstream:remoteref) refs/heads/main refs/remotes/main [2ms]
2025-09-04 13:53:42.718 [info] > git for-each-ref --sort -committerdate --format %(refname)%00%(objectname)%00%(*objectname) [2ms]
2025-09-04 13:53:42.844 [info] > git status -z -uall [137ms]
2025-09-04 13:53:55.478 [info] > git config --get commit.template [9ms]
2025-09-04 13:53:55.479 [info] > git for-each-ref --format=%(refname)%00%(upstream:short)%00%(objectname)%00%(upstream:track)%00%(upstream:remotename)%00%(upstream:remoteref) refs/heads/main refs/remotes/main [2ms]
2025-09-04 13:53:55.500 [info] > git for-each-ref --sort -committerdate --format %(refname)%00%(objectname)%00%(*objectname) [2ms]
2025-09-04 13:53:55.628 [info] > git status -z -uall [140ms]
2025-09-04 13:55:32.252 [info] > git config --get commit.template [9ms]
2025-09-04 13:55:32.253 [info] > git for-each-ref --format=%(refname)%00%(upstream:short)%00%(objectname)%00%(upstream:track)%00%(upstream:remotename)%00%(upstream:remoteref) refs/heads/main refs/remotes/main [2ms]
2025-09-04 13:55:32.274 [info] > git for-each-ref --sort -committerdate --format %(refname)%00%(objectname)%00%(*objectname) [2ms]
2025-09-04 13:55:32.399 [info] > git status -z -uall [138ms]
2025-09-04 13:55:37.568 [info] > git config --get commit.template [8ms]
2025-09-04 13:55:37.569 [info] > git for-each-ref --format=%(refname)%00%(upstream:short)%00%(objectname)%00%(upstream:track)%00%(upstream:remotename)%00%(upstream:remoteref) refs/heads/main refs/remotes/main [1ms]
2025-09-04 13:55:37.589 [info] > git for-each-ref --sort -committerdate --format %(refname)%00%(objectname)%00%(*objectname) [2ms]
2025-09-04 13:55:37.714 [info] > git status -z -uall [136ms]
2025-09-04 13:55:49.623 [info] > git show --textconv :public/profile.js [10ms]
2025-09-04 13:55:49.625 [info] > git ls-files --stage -- public/profile.js [4ms]
2025-09-04 13:55:49.635 [info] > git cat-file -s ef0b75df0035815905c260a54d02ef6a8b87b7a3 [2ms]
2025-09-04 13:55:50.639 [info] > git show --textconv :public/app.js [23ms]
2025-09-04 13:55:50.641 [info] > git ls-files --stage -- public/app.js [11ms]
2025-09-04 13:55:50.659 [info] > git cat-file -s 757de021d410685e97662932ca39d0f127f9127d [3ms]
2025-09-04 13:56:55.598 [info] > git config --get commit.template [9ms]
2025-09-04 13:56:55.599 [info] > git for-each-ref --format=%(refname)%00%(upstream:short)%00%(objectname)%00%(upstream:track)%00%(upstream:remotename)%00%(upstream:remoteref) refs/heads/main refs/remotes/main [2ms]
2025-09-04 13:56:55.622 [info] > git for-each-ref --sort -committerdate --format %(refname)%00%(objectname)%00%(*objectname) [4ms]
2025-09-04 13:56:55.747 [info] > git status -z -uall [139ms]
2025-09-04 13:57:00.928 [info] > git config --get commit.template [8ms]
2025-09-04 13:57:00.930 [info] > git for-each-ref --format=%(refname)%00%(upstream:short)%00%(objectname)%00%(upstream:track)%00%(upstream:remotename)%00%(upstream:remoteref) refs/heads/main refs/remotes/main [2ms]
2025-09-04 13:57:00.951 [info] > git for-each-ref --sort -committerdate --format %(refname)%00%(objectname)%00%(*objectname) [3ms]
2025-09-04 13:57:01.098 [info] > git status -z -uall [160ms]
2025-09-04 13:58:06.117 [info] > git show --textconv :public/profile.js [11ms]
2025-09-04 13:58:06.120 [info] > git ls-files --stage -- public/profile.js [4ms]
2025-09-04 13:58:06.129 [info] > git cat-file -s ef0b75df0035815905c260a54d02ef6a8b87b7a3 [2ms]
2025-09-04 13:58:10.990 [info] > git show --textconv :public/app.js [9ms]
2025-09-04 13:58:10.992 [info] > git ls-files --stage -- public/app.js [4ms]
2025-09-04 13:58:11.003 [info] > git cat-file -s 757de021d410685e97662932ca39d0f127f9127d [2ms]
2025-09-04 14:06:03.878 [info] > git config --get commit.template [8ms]
2025-09-04 14:06:03.887 [info] > git for-each-ref --format=%(refname)%00%(upstream:short)%00%(objectname)%00%(upstream:track)%00%(upstream:remotename)%00%(upstream:remoteref) refs/heads/main refs/remotes/main [2ms]
2025-09-04 14:06:03.906 [info] > git for-each-ref --sort -committerdate --format %(refname)%00%(objectname)%00%(*objectname) [2ms]
2025-09-04 14:06:04.040 [info] > git status -z -uall [145ms]
2025-09-04 14:06:05.617 [info] > git show --textconv :public/profile.html [35ms]
2025-09-04 14:06:05.618 [info] > git ls-files --stage -- public/profile.html [29ms]
2025-09-04 14:06:05.636 [info] > git cat-file -s 533eec30faffd31934d4abed206a5ff9c44f423b [4ms]
2025-09-04 14:06:07.855 [info] > git show --textconv :public/profile.js [18ms]
2025-09-04 14:06:07.860 [info] > git ls-files --stage -- public/profile.js [10ms]
2025-09-04 14:06:07.874 [info] > git cat-file -s ef0b75df0035815905c260a54d02ef6a8b87b7a3 [4ms]
2025-09-04 14:06:09.191 [info] > git config --get commit.template [8ms]
2025-09-04 14:06:09.192 [info] > git for-each-ref --format=%(refname)%00%(upstream:short)%00%(objectname)%00%(upstream:track)%00%(upstream:remotename)%00%(upstream:remoteref) refs/heads/main refs/remotes/main [2ms]
2025-09-04 14:06:09.211 [info] > git for-each-ref --sort -committerdate --format %(refname)%00%(objectname)%00%(*objectname) [2ms]
2025-09-04 14:06:09.360 [info] > git status -z -uall [161ms]
2025-09-04 14:06:12.404 [info] > git show --textconv :public/profile.html [8ms]
2025-09-04 14:06:12.407 [info] > git ls-files --stage -- public/profile.html [4ms]
2025-09-04 14:06:12.416 [info] > git cat-file -s 533eec30faffd31934d4abed206a5ff9c44f423b [1ms]
2025-09-04 14:06:18.146 [info] > git show --textconv :public/profile.js [9ms]
2025-09-04 14:06:18.149 [info] > git ls-files --stage -- public/profile.js [5ms]
2025-09-04 14:06:18.158 [info] > git cat-file -s ef0b75df0035815905c260a54d02ef6a8b87b7a3 [2ms]
2025-09-04 14:10:25.634 [info] > git ls-files --stage -- public/firebase-config.js [3ms]
2025-09-04 14:10:25.697 [info] > git cat-file -s 491521a669723abd7126755440be7b5214d4b09e [56ms]
2025-09-04 14:10:25.698 [info] > git show --textconv :public/firebase-config.js [74ms]
2025-09-04 14:10:25.869 [info] > git blame --root --incremental fc3ecb4759882768a4dcb4d95fab6182f853f5de -- public/firebase-config.js [2ms]
2025-09-04 14:10:31.894 [info] > git config --get commit.template [8ms]
2025-09-04 14:10:31.895 [info] > git for-each-ref --format=%(refname)%00%(upstream:short)%00%(objectname)%00%(upstream:track)%00%(upstream:remotename)%00%(upstream:remoteref) refs/heads/main refs/remotes/main [2ms]
2025-09-04 14:10:31.914 [info] > git for-each-ref --sort -committerdate --format %(refname)%00%(objectname)%00%(*objectname) [2ms]
2025-09-04 14:10:32.037 [info] > git status -z -uall [134ms]
2025-09-04 14:10:37.175 [info] > git config --get commit.template [9ms]
2025-09-04 14:10:37.176 [info] > git for-each-ref --format=%(refname)%00%(upstream:short)%00%(objectname)%00%(upstream:track)%00%(upstream:remotename)%00%(upstream:remoteref) refs/heads/main refs/remotes/main [2ms]
2025-09-04 14:10:37.194 [info] > git for-each-ref --sort -committerdate --format %(refname)%00%(objectname)%00%(*objectname) [3ms]
2025-09-04 14:10:37.316 [info] > git status -z -uall [133ms]
2025-09-04 14:17:12.075 [info] > git config --get commit.template [2ms]
2025-09-04 14:17:12.084 [info] > git for-each-ref --format=%(refname)%00%(upstream:short)%00%(objectname)%00%(upstream:track)%00%(upstream:remotename)%00%(upstream:remoteref) refs/heads/main refs/remotes/main [2ms]
2025-09-04 14:17:12.105 [info] > git for-each-ref --sort -committerdate --format %(refname)%00%(objectname)%00%(*objectname) [2ms]
2025-09-04 14:17:12.238 [info] > git status -z -uall [145ms]
2025-09-04 14:17:17.429 [info] > git config --get commit.template [9ms]
2025-09-04 14:17:17.430 [info] > git for-each-ref --format=%(refname)%00%(upstream:short)%00%(objectname)%00%(upstream:track)%00%(upstream:remotename)%00%(upstream:remoteref) refs/heads/main refs/remotes/main [2ms]
2025-09-04 14:17:17.452 [info] > git for-each-ref --sort -committerdate --format %(refname)%00%(objectname)%00%(*objectname) [3ms]
2025-09-04 14:17:17.580 [info] > git status -z -uall [142ms]
2025-09-04 14:18:57.946 [info] > git config --get commit.template [3ms]
2025-09-04 14:18:57.958 [info] > git for-each-ref --format=%(refname)%00%(upstream:short)%00%(objectname)%00%(upstream:track)%00%(upstream:remotename)%00%(upstream:remoteref) refs/heads/main refs/remotes/main [2ms]
2025-09-04 14:18:57.987 [info] > git for-each-ref --sort -committerdate --format %(refname)%00%(objectname)%00%(*objectname) [2ms]
2025-09-04 14:18:58.113 [info] > git status -z -uall [144ms]
2025-09-04 14:18:59.843 [info] > git show --textconv :public/auth.js [39ms]
2025-09-04 14:18:59.843 [info] > git ls-files --stage -- public/auth.js [31ms]
2025-09-04 14:18:59.891 [info] > git cat-file -s ec2c4cbd9450777cb51569c08290948d909405f8 [22ms]
2025-09-04 14:19:01.702 [info] > git blame --root --incremental fc3ecb4759882768a4dcb4d95fab6182f853f5de -- public/auth.js [3ms]
2025-09-04 14:19:03.255 [info] > git config --get commit.template [9ms]
2025-09-04 14:19:03.256 [info] > git for-each-ref --format=%(refname)%00%(upstream:short)%00%(objectname)%00%(upstream:track)%00%(upstream:remotename)%00%(upstream:remoteref) refs/heads/main refs/remotes/main [2ms]
2025-09-04 14:19:03.276 [info] > git for-each-ref --sort -committerdate --format %(refname)%00%(objectname)%00%(*objectname) [2ms]
2025-09-04 14:19:03.399 [info] > git status -z -uall [135ms]
2025-09-04 14:19:54.717 [info] > git config --get commit.template [9ms]
2025-09-04 14:19:54.718 [info] > git for-each-ref --format=%(refname)%00%(upstream:short)%00%(objectname)%00%(upstream:track)%00%(upstream:remotename)%00%(upstream:remoteref) refs/heads/main refs/remotes/main [2ms]
2025-09-04 14:19:54.738 [info] > git for-each-ref --sort -committerdate --format %(refname)%00%(objectname)%00%(*objectname) [2ms]
2025-09-04 14:19:54.895 [info] > git status -z -uall [169ms]
2025-09-04 14:20:00.072 [info] > git config --get commit.template [8ms]
2025-09-04 14:20:00.074 [info] > git for-each-ref --format=%(refname)%00%(upstream:short)%00%(objectname)%00%(upstream:track)%00%(upstream:remotename)%00%(upstream:remoteref) refs/heads/main refs/remotes/main [2ms]
2025-09-04 14:20:00.093 [info] > git for-each-ref --sort -committerdate --format %(refname)%00%(objectname)%00%(*objectname) [3ms]
2025-09-04 14:20:00.236 [info] > git status -z -uall [155ms]
2025-09-04 14:23:20.281 [info] > git config --get commit.template [8ms]
2025-09-04 14:23:20.282 [info] > git for-each-ref --format=%(refname)%00%(upstream:short)%00%(objectname)%00%(upstream:track)%00%(upstream:remotename)%00%(upstream:remoteref) refs/heads/main refs/remotes/main [2ms]
2025-09-04 14:23:20.302 [info] > git for-each-ref --sort -committerdate --format %(refname)%00%(objectname)%00%(*objectname) [2ms]
2025-09-04 14:23:20.426 [info] > git status -z -uall [136ms]
2025-09-04 14:23:40.227 [info] > git config --get commit.template [9ms]
2025-09-04 14:23:40.228 [info] > git for-each-ref --format=%(refname)%00%(upstream:short)%00%(objectname)%00%(upstream:track)%00%(upstream:remotename)%00%(upstream:remoteref) refs/heads/main refs/remotes/main [2ms]
2025-09-04 14:23:40.250 [info] > git for-each-ref --sort -committerdate --format %(refname)%00%(objectname)%00%(*objectname) [3ms]
2025-09-04 14:23:40.372 [info] > git status -z -uall [136ms]
2025-09-04 14:26:03.236 [info] > git config --get commit.template [3ms]
2025-09-04 14:26:03.246 [info] > git for-each-ref --format=%(refname)%00%(upstream:short)%00%(objectname)%00%(upstream:track)%00%(upstream:remotename)%00%(upstream:remoteref) refs/heads/main refs/remotes/main [2ms]
2025-09-04 14:26:03.270 [info] > git for-each-ref --sort -committerdate --format %(refname)%00%(objectname)%00%(*objectname) [3ms]
2025-09-04 14:26:03.419 [info] > git status -z -uall [162ms]
2025-09-04 14:26:05.058 [info] > git show --textconv :functions/index.js [41ms]
2025-09-04 14:26:05.058 [info] > git ls-files --stage -- functions/index.js [33ms]
2025-09-04 14:26:05.072 [info] > git cat-file -s b49b746081b4deda3dab75c7aa47a31d5b101017 [3ms]
2025-09-04 14:26:08.610 [info] > git config --get commit.template [8ms]
2025-09-04 14:26:08.612 [info] > git for-each-ref --format=%(refname)%00%(upstream:short)%00%(objectname)%00%(upstream:track)%00%(upstream:remotename)%00%(upstream:remoteref) refs/heads/main refs/remotes/main [1ms]
2025-09-04 14:26:08.631 [info] > git for-each-ref --sort -committerdate --format %(refname)%00%(objectname)%00%(*objectname) [3ms]
2025-09-04 14:26:08.757 [info] > git status -z -uall [138ms]
2025-09-04 14:26:22.501 [info] > git ls-files --stage -- public/login.html [4ms]
2025-09-04 14:26:22.550 [info] > git show --textconv :public/login.html [60ms]
2025-09-04 14:26:22.550 [info] > git cat-file -s 4031034eb9b949a7692b65662ff360229dbd8ca9 [42ms]
2025-09-04 14:26:22.731 [info] > git blame --root --incremental fc3ecb4759882768a4dcb4d95fab6182f853f5de -- public/login.html [2ms]
2025-09-04 14:26:23.328 [info] > git show --textconv :public/index.html [11ms]
2025-09-04 14:26:23.332 [info] > git ls-files --stage -- public/index.html [6ms]
2025-09-04 14:26:23.344 [info] > git cat-file -s 0f37b3cab3d8e06bc68a9fed8d87dd41f8e1708e [3ms]
2025-09-04 14:26:23.529 [info] > git blame --root --incremental fc3ecb4759882768a4dcb4d95fab6182f853f5de -- public/index.html [3ms]
2025-09-04 14:26:31.607 [info] > git show --textconv :public/profile.html [9ms]
2025-09-04 14:26:31.610 [info] > git ls-files --stage -- public/profile.html [4ms]
2025-09-04 14:26:31.619 [info] > git cat-file -s 533eec30faffd31934d4abed206a5ff9c44f423b [2ms]
2025-09-04 14:26:37.713 [info] > git show --textconv :public/profile.js [10ms]
2025-09-04 14:26:37.715 [info] > git ls-files --stage -- public/profile.js [4ms]
2025-09-04 14:26:37.724 [info] > git cat-file -s ef0b75df0035815905c260a54d02ef6a8b87b7a3 [2ms]
2025-09-04 14:26:43.971 [info] > git show --textconv :public/profile.html [8ms]
2025-09-04 14:26:43.974 [info] > git ls-files --stage -- public/profile.html [4ms]
2025-09-04 14:26:43.983 [info] > git cat-file -s 533eec30faffd31934d4abed206a5ff9c44f423b [2ms]
2025-09-04 14:27:14.154 [info] > git show --textconv :public/index.html [10ms]
2025-09-04 14:27:14.157 [info] > git ls-files --stage -- public/index.html [4ms]
2025-09-04 14:27:14.167 [info] > git cat-file -s 0f37b3cab3d8e06bc68a9fed8d87dd41f8e1708e [2ms]
2025-09-04 14:27:32.074 [info] > git show --textconv :functions/index.js [8ms]
2025-09-04 14:27:32.077 [info] > git ls-files --stage -- functions/index.js [4ms]
2025-09-04 14:27:32.086 [info] > git cat-file -s b49b746081b4deda3dab75c7aa47a31d5b101017 [2ms]
2025-09-04 14:27:48.568 [info] > git check-ignore -v -z --stdin [4ms]
2025-09-04 14:27:54.398 [info] > git show --textconv :public/profile.html [11ms]
2025-09-04 14:27:54.402 [info] > git ls-files --stage -- public/profile.html [5ms]
2025-09-04 14:27:54.411 [info] > git cat-file -s 533eec30faffd31934d4abed206a5ff9c44f423b [2ms]
2025-09-04 14:28:05.854 [info] > git show --textconv :public/profile.js [11ms]
2025-09-04 14:28:05.856 [info] > git ls-files --stage -- public/profile.js [4ms]
2025-09-04 14:28:05.865 [info] > git cat-file -s ef0b75df0035815905c260a54d02ef6a8b87b7a3 [2ms]
2025-09-04 14:28:13.909 [info] > git ls-files --stage -- functions/package.json [3ms]
2025-09-04 14:28:13.939 [info] > git cat-file -s 812b7ba70cbf0103fc209a6e2fb0aedfb9d7feaa [23ms]
2025-09-04 14:28:13.940 [info] > git show --textconv :functions/package.json [46ms]
2025-09-04 14:28:14.104 [info] > git blame --root --incremental fc3ecb4759882768a4dcb4d95fab6182f853f5de -- functions/package.json [2ms]
2025-09-04 14:28:19.123 [info] > git show --textconv :public/profile.js [9ms]
2025-09-04 14:28:19.125 [info] > git ls-files --stage -- public/profile.js [4ms]
2025-09-04 14:28:19.134 [info] > git cat-file -s ef0b75df0035815905c260a54d02ef6a8b87b7a3 [2ms]
2025-09-04 14:28:20.479 [info] > git show --textconv :public/profile.html [12ms]
2025-09-04 14:28:20.482 [info] > git ls-files --stage -- public/profile.html [5ms]
2025-09-04 14:28:20.496 [info] > git cat-file -s 533eec30faffd31934d4abed206a5ff9c44f423b [3ms]
2025-09-04 14:30:18.240 [info] > git config --get commit.template [8ms]
2025-09-04 14:30:18.241 [info] > git for-each-ref --format=%(refname)%00%(upstream:short)%00%(objectname)%00%(upstream:track)%00%(upstream:remotename)%00%(upstream:remoteref) refs/heads/main refs/remotes/main [2ms]
2025-09-04 14:30:18.261 [info] > git for-each-ref --sort -committerdate --format %(refname)%00%(objectname)%00%(*objectname) [2ms]
2025-09-04 14:30:18.387 [info] > git status -z -uall [137ms]
2025-09-04 14:30:23.524 [info] > git config --get commit.template [8ms]
2025-09-04 14:30:23.525 [info] > git for-each-ref --format=%(refname)%00%(upstream:short)%00%(objectname)%00%(upstream:track)%00%(upstream:remotename)%00%(upstream:remoteref) refs/heads/main refs/remotes/main [2ms]
2025-09-04 14:30:23.544 [info] > git for-each-ref --sort -committerdate --format %(refname)%00%(objectname)%00%(*objectname) [3ms]
2025-09-04 14:30:23.669 [info] > git status -z -uall [136ms]
2025-09-04 14:30:48.833 [info] > git check-ignore -v -z --stdin [4ms]
2025-09-04 14:30:54.416 [info] > git show --textconv :functions/middleware/authenticate.js [8ms]
2025-09-04 14:30:54.425 [info] > git ls-files --stage -- functions/middleware/authenticate.js [9ms]
2025-09-04 14:30:54.434 [info] > git hash-object -t tree /dev/null [10ms]
2025-09-04 14:30:54.434 [warning] [GitFileSystemProvider][readFile] File not found - git:/home/gabrielblucas/functions/middleware/authenticate.js.git?%7B%22path%22%3A%22%2Fhome%2Fgabrielblucas%2Ffunctions%2Fmiddleware%2Fauthenticate.js%22%2C%22ref%22%3A%22%22%7D
2025-09-04 14:30:54.443 [info] > git hash-object -t tree /dev/null [10ms]
2025-09-04 14:30:54.443 [warning] [GitFileSystemProvider][stat] File not found - git:/home/gabrielblucas/functions/middleware/authenticate.js.git?%7B%22path%22%3A%22%2Fhome%2Fgabrielblucas%2Ffunctions%2Fmiddleware%2Fauthenticate.js%22%2C%22ref%22%3A%22%22%7D
2025-09-04 14:30:54.612 [info] > git blame --root --incremental fc3ecb4759882768a4dcb4d95fab6182f853f5de -- functions/middleware/authenticate.js [2ms]
2025-09-04 14:30:54.612 [info] fatal: no such path functions/middleware/authenticate.js in fc3ecb4759882768a4dcb4d95fab6182f853f5de
2025-09-04 14:30:54.702 [info] > git check-ignore -v -z --stdin [6ms]
2025-09-04 14:30:56.015 [info] > git show --textconv :users.js [21ms]
2025-09-04 14:30:56.016 [warning] [GitFileSystemProvider][readFile] File not found - git:/home/gabrielblucas/users.js.git?%7B%22path%22%3A%22%2Fhome%2Fgabrielblucas%2Fusers.js%22%2C%22ref%22%3A%22%22%7D
2025-09-04 14:30:56.018 [info] > git ls-files --stage -- users.js [10ms]
2025-09-04 14:30:56.019 [warning] [GitFileSystemProvider][stat] File not found - git:/home/gabrielblucas/users.js.git?%7B%22path%22%3A%22%2Fhome%2Fgabrielblucas%2Fusers.js%22%2C%22ref%22%3A%22%22%7D
2025-09-04 14:30:56.179 [info] > git check-ignore -v -z --stdin [3ms]
2025-09-04 14:30:57.405 [info] > git show --textconv :functions/middleware/authenticate.js [14ms]
2025-09-04 14:30:57.406 [warning] [GitFileSystemProvider][readFile] File not found - git:/home/gabrielblucas/functions/middleware/authenticate.js.git?%7B%22path%22%3A%22%2Fhome%2Fgabrielblucas%2Ffunctions%2Fmiddleware%2Fauthenticate.js%22%2C%22ref%22%3A%22%22%7D
2025-09-04 14:30:57.406 [info] > git ls-files --stage -- functions/middleware/authenticate.js [5ms]
2025-09-04 14:30:57.407 [warning] [GitFileSystemProvider][stat] File not found - git:/home/gabrielblucas/functions/middleware/authenticate.js.git?%7B%22path%22%3A%22%2Fhome%2Fgabrielblucas%2Ffunctions%2Fmiddleware%2Fauthenticate.js%22%2C%22ref%22%3A%22%22%7D
2025-09-04 14:30:58.653 [info] > git show --textconv :patients.js [12ms]
2025-09-04 14:30:58.654 [warning] [GitFileSystemProvider][readFile] File not found - git:/home/gabrielblucas/patients.js.git?%7B%22path%22%3A%22%2Fhome%2Fgabrielblucas%2Fpatients.js%22%2C%22ref%22%3A%22%22%7D
2025-09-04 14:30:58.655 [info] > git ls-files --stage -- patients.js [5ms]
2025-09-04 14:30:58.655 [warning] [GitFileSystemProvider][stat] File not found - git:/home/gabrielblucas/patients.js.git?%7B%22path%22%3A%22%2Fhome%2Fgabrielblucas%2Fpatients.js%22%2C%22ref%22%3A%22%22%7D
2025-09-04 14:30:58.800 [info] > git check-ignore -v -z --stdin [4ms]
2025-09-04 14:30:59.972 [info] > git show --textconv :functions/middleware/authenticate.js [11ms]
2025-09-04 14:30:59.973 [warning] [GitFileSystemProvider][readFile] File not found - git:/home/gabrielblucas/functions/middleware/authenticate.js.git?%7B%22path%22%3A%22%2Fhome%2Fgabrielblucas%2Ffunctions%2Fmiddleware%2Fauthenticate.js%22%2C%22ref%22%3A%22%22%7D
2025-09-04 14:30:59.974 [info] > git ls-files --stage -- functions/middleware/authenticate.js [4ms]
2025-09-04 14:30:59.975 [warning] [GitFileSystemProvider][stat] File not found - git:/home/gabrielblucas/functions/middleware/authenticate.js.git?%7B%22path%22%3A%22%2Fhome%2Fgabrielblucas%2Ffunctions%2Fmiddleware%2Fauthenticate.js%22%2C%22ref%22%3A%22%22%7D
2025-09-04 14:31:01.234 [info] > git show --textconv :professionals.js [12ms]
2025-09-04 14:31:01.235 [warning] [GitFileSystemProvider][readFile] File not found - git:/home/gabrielblucas/professionals.js.git?%7B%22path%22%3A%22%2Fhome%2Fgabrielblucas%2Fprofessionals.js%22%2C%22ref%22%3A%22%22%7D
2025-09-04 14:31:01.236 [info] > git ls-files --stage -- professionals.js [4ms]
2025-09-04 14:31:01.237 [warning] [GitFileSystemProvider][stat] File not found - git:/home/gabrielblucas/professionals.js.git?%7B%22path%22%3A%22%2Fhome%2Fgabrielblucas%2Fprofessionals.js%22%2C%22ref%22%3A%22%22%7D
2025-09-04 14:31:01.392 [info] > git check-ignore -v -z --stdin [3ms]
2025-09-04 14:31:02.548 [info] > git show --textconv :functions/middleware/authenticate.js [30ms]
2025-09-04 14:31:02.549 [warning] [GitFileSystemProvider][readFile] File not found - git:/home/gabrielblucas/functions/middleware/authenticate.js.git?%7B%22path%22%3A%22%2Fhome%2Fgabrielblucas%2Ffunctions%2Fmiddleware%2Fauthenticate.js%22%2C%22ref%22%3A%22%22%7D
2025-09-04 14:31:02.550 [info] > git ls-files --stage -- functions/middleware/authenticate.js [8ms]
2025-09-04 14:31:02.551 [warning] [GitFileSystemProvider][stat] File not found - git:/home/gabrielblucas/functions/middleware/authenticate.js.git?%7B%22path%22%3A%22%2Fhome%2Fgabrielblucas%2Ffunctions%2Fmiddleware%2Fauthenticate.js%22%2C%22ref%22%3A%22%22%7D
2025-09-04 14:31:03.727 [info] > git show --textconv :appointments.js [10ms]
2025-09-04 14:31:03.728 [warning] [GitFileSystemProvider][readFile] File not found - git:/home/gabrielblucas/appointments.js.git?%7B%22path%22%3A%22%2Fhome%2Fgabrielblucas%2Fappointments.js%22%2C%22ref%22%3A%22%22%7D
2025-09-04 14:31:03.731 [info] > git ls-files --stage -- appointments.js [5ms]
2025-09-04 14:31:03.731 [warning] [GitFileSystemProvider][stat] File not found - git:/home/gabrielblucas/appointments.js.git?%7B%22path%22%3A%22%2Fhome%2Fgabrielblucas%2Fappointments.js%22%2C%22ref%22%3A%22%22%7D
2025-09-04 14:31:03.898 [info] > git check-ignore -v -z --stdin [3ms]
2025-09-04 14:31:04.906 [info] > git show --textconv :functions/middleware/authenticate.js [8ms]
2025-09-04 14:31:04.907 [warning] [GitFileSystemProvider][readFile] File not found - git:/home/gabrielblucas/functions/middleware/authenticate.js.git?%7B%22path%22%3A%22%2Fhome%2Fgabrielblucas%2Ffunctions%2Fmiddleware%2Fauthenticate.js%22%2C%22ref%22%3A%22%22%7D
2025-09-04 14:31:04.908 [info] > git ls-files --stage -- functions/middleware/authenticate.js [3ms]
2025-09-04 14:31:04.909 [warning] [GitFileSystemProvider][stat] File not found - git:/home/gabrielblucas/functions/middleware/authenticate.js.git?%7B%22path%22%3A%22%2Fhome%2Fgabrielblucas%2Ffunctions%2Fmiddleware%2Fauthenticate.js%22%2C%22ref%22%3A%22%22%7D
2025-09-04 14:31:06.128 [info] > git show --textconv :functions/index.js [9ms]
2025-09-04 14:31:06.131 [info] > git ls-files --stage -- functions/index.js [4ms]
2025-09-04 14:31:06.141 [info] > git cat-file -s b49b746081b4deda3dab75c7aa47a31d5b101017 [2ms]
2025-09-04 14:31:48.325 [info] > git check-ignore -v -z --stdin [4ms]
2025-09-04 14:32:42.174 [info] > git check-ignore -v -z --stdin [3ms]
2025-09-04 14:32:42.206 [info] > git show --textconv :functions/routes/appointments.js [18ms]
2025-09-04 14:32:42.207 [warning] [GitFileSystemProvider][readFile] File not found - git:/home/gabrielblucas/functions/routes/appointments.js.git?%7B%22path%22%3A%22%2Fhome%2Fgabrielblucas%2Ffunctions%2Froutes%2Fappointments.js%22%2C%22ref%22%3A%22%22%7D
2025-09-04 14:32:42.211 [info] > git ls-files --stage -- functions/routes/appointments.js [6ms]
2025-09-04 14:32:42.212 [warning] [GitFileSystemProvider][stat] File not found - git:/home/gabrielblucas/functions/routes/appointments.js.git?%7B%22path%22%3A%22%2Fhome%2Fgabrielblucas%2Ffunctions%2Froutes%2Fappointments.js%22%2C%22ref%22%3A%22%22%7D
2025-09-04 14:32:58.198 [info] > git check-ignore -v -z --stdin [4ms]
2025-09-04 14:32:58.385 [info] > git show --textconv :functions/routes/patients.js [21ms]
2025-09-04 14:32:58.386 [warning] [GitFileSystemProvider][readFile] File not found - git:/home/gabrielblucas/functions/routes/patients.js.git?%7B%22path%22%3A%22%2Fhome%2Fgabrielblucas%2Ffunctions%2Froutes%2Fpatients.js%22%2C%22ref%22%3A%22%22%7D
2025-09-04 14:32:58.387 [info] > git ls-files --stage -- functions/routes/patients.js [12ms]
2025-09-04 14:32:58.388 [warning] [GitFileSystemProvider][stat] File not found - git:/home/gabrielblucas/functions/routes/patients.js.git?%7B%22path%22%3A%22%2Fhome%2Fgabrielblucas%2Ffunctions%2Froutes%2Fpatients.js%22%2C%22ref%22%3A%22%22%7D
2025-09-04 14:33:09.341 [info] > git check-ignore -v -z --stdin [5ms]
2025-09-04 14:33:09.373 [info] > git show --textconv :functions/routes/professionals.js [13ms]
2025-09-04 14:33:09.374 [warning] [GitFileSystemProvider][readFile] File not found - git:/home/gabrielblucas/functions/routes/professionals.js.git?%7B%22path%22%3A%22%2Fhome%2Fgabrielblucas%2Ffunctions%2Froutes%2Fprofessionals.js%22%2C%22ref%22%3A%22%22%7D
2025-09-04 14:33:09.377 [info] > git ls-files --stage -- functions/routes/professionals.js [5ms]
2025-09-04 14:33:09.378 [warning] [GitFileSystemProvider][stat] File not found - git:/home/gabrielblucas/functions/routes/professionals.js.git?%7B%22path%22%3A%22%2Fhome%2Fgabrielblucas%2Ffunctions%2Froutes%2Fprofessionals.js%22%2C%22ref%22%3A%22%22%7D
2025-09-04 14:33:18.711 [info] > git check-ignore -v -z --stdin [5ms]
2025-09-04 14:33:18.750 [info] > git show --textconv :functions/routes/users.js [12ms]
2025-09-04 14:33:18.751 [warning] [GitFileSystemProvider][readFile] File not found - git:/home/gabrielblucas/functions/routes/users.js.git?%7B%22path%22%3A%22%2Fhome%2Fgabrielblucas%2Ffunctions%2Froutes%2Fusers.js%22%2C%22ref%22%3A%22%22%7D
2025-09-04 14:33:18.752 [info] > git ls-files --stage -- functions/routes/users.js [5ms]
2025-09-04 14:33:18.754 [warning] [GitFileSystemProvider][stat] File not found - git:/home/gabrielblucas/functions/routes/users.js.git?%7B%22path%22%3A%22%2Fhome%2Fgabrielblucas%2Ffunctions%2Froutes%2Fusers.js%22%2C%22ref%22%3A%22%22%7D
2025-09-04 14:33:22.501 [info] > git show --textconv :functions/middleware/authenticate.js [9ms]
2025-09-04 14:33:22.501 [warning] [GitFileSystemProvider][readFile] File not found - git:/home/gabrielblucas/functions/middleware/authenticate.js.git?%7B%22path%22%3A%22%2Fhome%2Fgabrielblucas%2Ffunctions%2Fmiddleware%2Fauthenticate.js%22%2C%22ref%22%3A%22%22%7D
2025-09-04 14:33:22.503 [info] > git ls-files --stage -- functions/middleware/authenticate.js [4ms]
2025-09-04 14:33:22.505 [warning] [GitFileSystemProvider][stat] File not found - git:/home/gabrielblucas/functions/middleware/authenticate.js.git?%7B%22path%22%3A%22%2Fhome%2Fgabrielblucas%2Ffunctions%2Fmiddleware%2Fauthenticate.js%22%2C%22ref%22%3A%22%22%7D
2025-09-04 14:33:36.365 [info] > git show --textconv :functions/routes/users.js [9ms]
2025-09-04 14:33:36.366 [warning] [GitFileSystemProvider][readFile] File not found - git:/home/gabrielblucas/functions/routes/users.js.git?%7B%22path%22%3A%22%2Fhome%2Fgabrielblucas%2Ffunctions%2Froutes%2Fusers.js%22%2C%22ref%22%3A%22%22%7D
2025-09-04 14:33:36.368 [info] > git ls-files --stage -- functions/routes/users.js [4ms]
2025-09-04 14:33:36.368 [warning] [GitFileSystemProvider][stat] File not found - git:/home/gabrielblucas/functions/routes/users.js.git?%7B%22path%22%3A%22%2Fhome%2Fgabrielblucas%2Ffunctions%2Froutes%2Fusers.js%22%2C%22ref%22%3A%22%22%7D
2025-09-04 14:33:41.567 [info] > git blame --root --incremental fc3ecb4759882768a4dcb4d95fab6182f853f5de -- functions/routes/users.js [2ms]
2025-09-04 14:33:41.567 [info] fatal: no such path functions/routes/users.js in fc3ecb4759882768a4dcb4d95fab6182f853f5de
2025-09-04 14:33:46.427 [info] > git show --textconv :functions/routes/professionals.js [8ms]
2025-09-04 14:33:46.428 [warning] [GitFileSystemProvider][readFile] File not found - git:/home/gabrielblucas/functions/routes/professionals.js.git?%7B%22path%22%3A%22%2Fhome%2Fgabrielblucas%2Ffunctions%2Froutes%2Fprofessionals.js%22%2C%22ref%22%3A%22%22%7D
2025-09-04 14:33:46.430 [info] > git ls-files --stage -- functions/routes/professionals.js [3ms]
2025-09-04 14:33:46.431 [warning] [GitFileSystemProvider][stat] File not found - git:/home/gabrielblucas/functions/routes/professionals.js.git?%7B%22path%22%3A%22%2Fhome%2Fgabrielblucas%2Ffunctions%2Froutes%2Fprofessionals.js%22%2C%22ref%22%3A%22%22%7D
2025-09-04 14:33:47.771 [info] > git show --textconv :functions/routes/users.js [14ms]
2025-09-04 14:33:47.772 [warning] [GitFileSystemProvider][readFile] File not found - git:/home/gabrielblucas/functions/routes/users.js.git?%7B%22path%22%3A%22%2Fhome%2Fgabrielblucas%2Ffunctions%2Froutes%2Fusers.js%22%2C%22ref%22%3A%22%22%7D
2025-09-04 14:33:47.773 [info] > git ls-files --stage -- functions/routes/users.js [9ms]
2025-09-04 14:33:47.773 [warning] [GitFileSystemProvider][stat] File not found - git:/home/gabrielblucas/functions/routes/users.js.git?%7B%22path%22%3A%22%2Fhome%2Fgabrielblucas%2Ffunctions%2Froutes%2Fusers.js%22%2C%22ref%22%3A%22%22%7D
2025-09-04 14:33:52.427 [info] > git show --textconv :functions/routes/patients.js [10ms]
2025-09-04 14:33:52.428 [warning] [GitFileSystemProvider][readFile] File not found - git:/home/gabrielblucas/functions/routes/patients.js.git?%7B%22path%22%3A%22%2Fhome%2Fgabrielblucas%2Ffunctions%2Froutes%2Fpatients.js%22%2C%22ref%22%3A%22%22%7D
2025-09-04 14:33:52.430 [info] > git ls-files --stage -- functions/routes/patients.js [4ms]
2025-09-04 14:33:52.431 [warning] [GitFileSystemProvider][stat] File not found - git:/home/gabrielblucas/functions/routes/patients.js.git?%7B%22path%22%3A%22%2Fhome%2Fgabrielblucas%2Ffunctions%2Froutes%2Fpatients.js%22%2C%22ref%22%3A%22%22%7D
2025-09-04 14:33:53.221 [info] > git blame --root --incremental fc3ecb4759882768a4dcb4d95fab6182f853f5de -- functions/routes/patients.js [11ms]
2025-09-04 14:33:53.221 [info] fatal: no such path functions/routes/patients.js in fc3ecb4759882768a4dcb4d95fab6182f853f5de
2025-09-04 14:33:57.314 [info] > git show --textconv :functions/routes/professionals.js [9ms]
2025-09-04 14:33:57.315 [warning] [GitFileSystemProvider][readFile] File not found - git:/home/gabrielblucas/functions/routes/professionals.js.git?%7B%22path%22%3A%22%2Fhome%2Fgabrielblucas%2Ffunctions%2Froutes%2Fprofessionals.js%22%2C%22ref%22%3A%22%22%7D
2025-09-04 14:33:57.317 [info] > git ls-files --stage -- functions/routes/professionals.js [4ms]
2025-09-04 14:33:57.318 [warning] [GitFileSystemProvider][stat] File not found - git:/home/gabrielblucas/functions/routes/professionals.js.git?%7B%22path%22%3A%22%2Fhome%2Fgabrielblucas%2Ffunctions%2Froutes%2Fprofessionals.js%22%2C%22ref%22%3A%22%22%7D
2025-09-04 14:33:58.080 [info] > git blame --root --incremental fc3ecb4759882768a4dcb4d95fab6182f853f5de -- functions/routes/professionals.js [3ms]
2025-09-04 14:33:58.080 [info] fatal: no such path functions/routes/professionals.js in fc3ecb4759882768a4dcb4d95fab6182f853f5de
2025-09-04 14:34:01.696 [info] > git show --textconv :functions/routes/appointments.js [8ms]
2025-09-04 14:34:01.697 [warning] [GitFileSystemProvider][readFile] File not found - git:/home/gabrielblucas/functions/routes/appointments.js.git?%7B%22path%22%3A%22%2Fhome%2Fgabrielblucas%2Ffunctions%2Froutes%2Fappointments.js%22%2C%22ref%22%3A%22%22%7D
2025-09-04 14:34:01.699 [info] > git ls-files --stage -- functions/routes/appointments.js [4ms]
2025-09-04 14:34:01.700 [warning] [GitFileSystemProvider][stat] File not found - git:/home/gabrielblucas/functions/routes/appointments.js.git?%7B%22path%22%3A%22%2Fhome%2Fgabrielblucas%2Ffunctions%2Froutes%2Fappointments.js%22%2C%22ref%22%3A%22%22%7D
2025-09-04 14:34:02.490 [info] > git blame --root --incremental fc3ecb4759882768a4dcb4d95fab6182f853f5de -- functions/routes/appointments.js [7ms]
2025-09-04 14:34:02.490 [info] fatal: no such path functions/routes/appointments.js in fc3ecb4759882768a4dcb4d95fab6182f853f5de
2025-09-04 14:34:14.983 [info] > git show --textconv :functions/index.js [8ms]
2025-09-04 14:34:14.986 [info] > git ls-files --stage -- functions/index.js [4ms]
2025-09-04 14:34:14.995 [info] > git cat-file -s b49b746081b4deda3dab75c7aa47a31d5b101017 [2ms]
2025-09-04 14:38:08.270 [info] > git config --get commit.template [14ms]
2025-09-04 14:38:08.272 [info] > git for-each-ref --format=%(refname)%00%(upstream:short)%00%(objectname)%00%(upstream:track)%00%(upstream:remotename)%00%(upstream:remoteref) refs/heads/main refs/remotes/main [3ms]
2025-09-04 14:38:08.307 [info] > git for-each-ref --sort -committerdate --format %(refname)%00%(objectname)%00%(*objectname) [3ms]
2025-09-04 14:38:08.431 [info] > git status -z -uall [146ms]
2025-09-04 14:38:13.624 [info] > git config --get commit.template [14ms]
2025-09-04 14:38:13.625 [info] > git for-each-ref --format=%(refname)%00%(upstream:short)%00%(objectname)%00%(upstream:track)%00%(upstream:remotename)%00%(upstream:remoteref) refs/heads/main refs/remotes/main [1ms]
2025-09-04 14:38:13.658 [info] > git for-each-ref --sort -committerdate --format %(refname)%00%(objectname)%00%(*objectname) [3ms]
2025-09-04 14:38:13.774 [info] > git status -z -uall [135ms]
2025-09-04 14:38:52.684 [info] > git show --textconv :functions/.eslintrc.js [9ms]
2025-09-04 14:38:52.687 [info] > git ls-files --stage -- functions/.eslintrc.js [4ms]
2025-09-04 14:38:52.696 [info] > git cat-file -s 6e2a686032b85ea458e161a97ae5d13a29f1441f [1ms]
2025-09-04 14:39:38.405 [info] > git config --get commit.template [8ms]
2025-09-04 14:39:38.406 [info] > git for-each-ref --format=%(refname)%00%(upstream:short)%00%(objectname)%00%(upstream:track)%00%(upstream:remotename)%00%(upstream:remoteref) refs/heads/main refs/remotes/main [2ms]
2025-09-04 14:39:38.426 [info] > git for-each-ref --sort -committerdate --format %(refname)%00%(objectname)%00%(*objectname) [2ms]
2025-09-04 14:39:38.554 [info] > git status -z -uall [140ms]
2025-09-04 14:39:43.742 [info] > git config --get commit.template [8ms]
2025-09-04 14:39:43.743 [info] > git for-each-ref --format=%(refname)%00%(upstream:short)%00%(objectname)%00%(upstream:track)%00%(upstream:remotename)%00%(upstream:remoteref) refs/heads/main refs/remotes/main [2ms]
2025-09-04 14:39:43.763 [info] > git for-each-ref --sort -committerdate --format %(refname)%00%(objectname)%00%(*objectname) [2ms]
2025-09-04 14:39:43.886 [info] > git status -z -uall [136ms]
2025-09-04 14:41:24.780 [info] > git config --get commit.template [1ms]
2025-09-04 14:41:24.793 [info] > git for-each-ref --format=%(refname)%00%(upstream:short)%00%(objectname)%00%(upstream:track)%00%(upstream:remotename)%00%(upstream:remoteref) refs/heads/main refs/remotes/main [3ms]
2025-09-04 14:41:24.818 [info] > git for-each-ref --sort -committerdate --format %(refname)%00%(objectname)%00%(*objectname) [2ms]
2025-09-04 14:41:24.958 [info] > git status -z -uall [155ms]
2025-09-04 14:41:30.098 [info] > git config --get commit.template [7ms]
2025-09-04 14:41:30.100 [info] > git for-each-ref --format=%(refname)%00%(upstream:short)%00%(objectname)%00%(upstream:track)%00%(upstream:remotename)%00%(upstream:remoteref) refs/heads/main refs/remotes/main [2ms]
2025-09-04 14:41:30.117 [info] > git for-each-ref --sort -committerdate --format %(refname)%00%(objectname)%00%(*objectname) [2ms]
2025-09-04 14:41:30.239 [info] > git status -z -uall [132ms]
2025-09-04 14:47:11.242 [info] > git config --get commit.template [9ms]
2025-09-04 14:47:11.243 [info] > git for-each-ref --format=%(refname)%00%(upstream:short)%00%(objectname)%00%(upstream:track)%00%(upstream:remotename)%00%(upstream:remoteref) refs/heads/main refs/remotes/main [2ms]
2025-09-04 14:47:11.262 [info] > git for-each-ref --sort -committerdate --format %(refname)%00%(objectname)%00%(*objectname) [3ms]
2025-09-04 14:47:11.388 [info] > git status -z -uall [137ms]
2025-09-04 14:47:16.565 [info] > git config --get commit.template [9ms]
2025-09-04 14:47:16.566 [info] > git for-each-ref --format=%(refname)%00%(upstream:short)%00%(objectname)%00%(upstream:track)%00%(upstream:remotename)%00%(upstream:remoteref) refs/heads/main refs/remotes/main [2ms]
2025-09-04 14:47:16.585 [info] > git for-each-ref --sort -committerdate --format %(refname)%00%(objectname)%00%(*objectname) [2ms]
2025-09-04 14:47:16.705 [info] > git status -z -uall [131ms]
2025-09-04 14:48:06.975 [info] > git show --textconv :functions/index.js [9ms]
2025-09-04 14:48:06.978 [info] > git ls-files --stage -- functions/index.js [4ms]
2025-09-04 14:48:06.988 [info] > git cat-file -s b49b746081b4deda3dab75c7aa47a31d5b101017 [2ms]
2025-09-04 14:48:13.329 [info] > git show --textconv :public/app.js [21ms]
2025-09-04 14:48:13.331 [info] > git ls-files --stage -- public/app.js [11ms]
2025-09-04 14:48:13.344 [info] > git cat-file -s 757de021d410685e97662932ca39d0f127f9127d [2ms]
2025-09-04 14:51:52.329 [info] > git config --get commit.template [8ms]
2025-09-04 14:51:52.330 [info] > git for-each-ref --format=%(refname)%00%(upstream:short)%00%(objectname)%00%(upstream:track)%00%(upstream:remotename)%00%(upstream:remoteref) refs/heads/main refs/remotes/main [2ms]
2025-09-04 14:51:52.350 [info] > git for-each-ref --sort -committerdate --format %(refname)%00%(objectname)%00%(*objectname) [2ms]
2025-09-04 14:51:52.482 [info] > git status -z -uall [143ms]
2025-09-04 15:00:22.502 [info] > git config --get commit.template [8ms]
2025-09-04 15:00:22.504 [info] > git for-each-ref --format=%(refname)%00%(upstream:short)%00%(objectname)%00%(upstream:track)%00%(upstream:remotename)%00%(upstream:remoteref) refs/heads/main refs/remotes/main [2ms]
2025-09-04 15:00:22.524 [info] > git for-each-ref --sort -committerdate --format %(refname)%00%(objectname)%00%(*objectname) [2ms]
2025-09-04 15:00:22.654 [info] > git status -z -uall [142ms]
