Initializing document watcher...
Document watcher initialized
gabrielblucas/public/app.js: {}
gabrielblucas/public/app.js: {}
gabrielblucas/public/app.js: {}
gabrielblucas/public/app.js: Using EditorConfig core...
gabrielblucas/functions/.eslintrc.js: {}
gabrielblucas/functions/.eslintrc.js: {}
gabrielblucas/functions/.eslintrc.js: {}
gabrielblucas/functions/.eslintrc.js: Using EditorConfig core...
gabrielblucas/functions/.eslintrc.js: Using EditorConfig core...
gabrielblucas/functions/.eslintrc.js: Using EditorConfig core...
gabrielblucas/functions/.eslintrc.js: Using EditorConfig core...
gabrielblucas/functions/.eslintrc.js: Using EditorConfig core...
gabrielblucas/functions/.eslintrc.js: Using EditorConfig core...
gabrielblucas/functions/.eslintrc.js: {}
gabrielblucas/functions/.eslintrc.js: {}
gabrielblucas/functions/.eslintrc.js: {}
gabrielblucas/functions/package.json: {}
gabrielblucas/functions/package.json: {}
gabrielblucas/functions/package.json: Using EditorConfig core...
gabrielblucas/functions/package.json: Using EditorConfig core...
gabrielblucas/functions/package.json: Using EditorConfig core...
gabrielblucas/functions/package.json: Using EditorConfig core...
gabrielblucas/functions/package.json: Using EditorConfig core...
gabrielblucas/functions/package.json: {}
gabrielblucas/functions/package.json: Using EditorConfig core...
gabrielblucas/functions/package.json: {}
gabrielblucas/functions/.eslintrc.js: {}
gabrielblucas/functions/.eslintrc.js: {}
gabrielblucas/public/app.js: {}
gabrielblucas/functions/routes/patients.js: {}
gabrielblucas/public/app.js: {}
gabrielblucas/public/profile.js: {}
gabrielblucas/public/profile.js: {}
gabrielblucas/public/profile.js: Using EditorConfig core...
gabrielblucas/public/profile.js: {}
gabrielblucas/public/profile.js: Using EditorConfig core...
gabrielblucas/public/profile.js: {}
gabrielblucas/public/profile.js: {}
gabrielblucas/public/profile.js: {}
gabrielblucas/public/profile.js: {}
gabrielblucas/public/profile.js: Using EditorConfig core...
gabrielblucas/public/profile.js: {}
gabrielblucas/public/profile.js: {}
gabrielblucas/public/profile.js: {}
gabrielblucas/public/profile.js: Using EditorConfig core...
gabrielblucas/public/profile.js: {}
gabrielblucas/public/profile.js: {}
