0 verbose cli /usr/local/nvm/versions/node/v22.19.0/bin/node /usr/local/nvm/versions/node/v22.19.0/bin/npm
0 verbose cli /usr/local/nvm/versions/node/v22.19.0/bin/node /usr/local/nvm/versions/node/v22.19.0/bin/npm
1 info using npm@11.5.2
1 info using npm@11.5.2
2 info using node@v22.19.0
3 silly config load:file:/usr/local/nvm/versions/node/v22.19.0/lib/node_modules/npm/npmrc
4 silly config load:file:/home/gabrielblucas/.npmrc
5 silly config load:file:/usr/local/nvm/versions/node/v22.19.0/etc/npmrc
2 info using node@v22.19.0
6 verbose title npm config get prefix
3 silly config load:file:/usr/local/nvm/versions/node/v22.19.0/lib/node_modules/npm/npmrc
7 verbose argv "config" "--loglevel" "warn" "get" "prefix"
4 silly config load:file:/home/gabrielblucas/.npmrc
5 silly config load:file:/usr/local/nvm/versions/node/v22.19.0/etc/npmrc
6 verbose title npm config get prefix
7 verbose argv "config" "--loglevel" "warn" "get" "prefix"
8 verbose logfile logs-max:10 dir:/home/gabrielblucas/.npm/_logs/2025-09-05T12_00_19_675Z-
9 verbose logfile /home/gabrielblucas/.npm/_logs/2025-09-05T12_00_19_675Z-debug-0.log
8 verbose logfile logs-max:10 dir:/home/gabrielblucas/.npm/_logs/2025-09-05T12_00_19_675Z-
9 verbose logfile /home/gabrielblucas/.npm/_logs/2025-09-05T12_00_19_675Z-debug-0.log
10 silly logfile start cleaning logs, removing 1 files
10 silly logfile start cleaning logs, removing 1 files
11 silly logfile done cleaning log files
11 silly logfile done cleaning log files
12 verbose cwd /home/gabrielblucas
13 verbose os Linux 6.6.97+
14 verbose node v22.19.0
15 verbose npm  v11.5.2
16 verbose exit 0
17 info ok
12 verbose cwd /home/gabrielblucas
13 verbose os Linux 6.6.97+
14 verbose node v22.19.0
15 verbose npm  v11.5.2
16 verbose exit 0
17 info ok
