0 verbose cli /usr/local/nvm/versions/node/v22.19.0/bin/node /usr/local/nvm/versions/node/v22.19.0/bin/npm
1 info using npm@11.5.2
2 info using node@v22.19.0
3 silly config load:file:/usr/local/nvm/versions/node/v22.19.0/lib/node_modules/npm/npmrc
4 silly config load:file:/home/gabrielblucas/.cache/typescript/5.8/.npmrc
5 silly config load:file:/home/gabrielblucas/.npmrc
6 silly config load:file:/usr/local/nvm/versions/node/v22.19.0/etc/npmrc
7 verbose title npm install @types/winjs@ts5.8
8 verbose argv "install" "--ignore-scripts" "@types/winjs@ts5.8" "--save-dev" "--user-agent" "typesInstaller/5.8.3"
9 verbose logfile logs-max:10 dir:/home/gabrielblucas/.npm/_logs/2025-09-05T12_14_41_304Z-
10 verbose logfile /home/gabrielblucas/.npm/_logs/2025-09-05T12_14_41_304Z-debug-0.log
11 silly logfile start cleaning logs, removing 1 files
12 silly logfile done cleaning log files
13 silly packumentCache heap:2197815296 maxSize:549453824 maxEntrySize:274726912
14 silly packumentCache corgi:https://registry.npmjs.org/@types%2fwinjs cache-miss
15 http fetch GET 200 https://registry.npmjs.org/@types%2fwinjs 332ms (cache miss)
16 silly packumentCache corgi:https://registry.npmjs.org/@types%2fwinjs set size:undefined disposed:false
17 silly idealTree buildDeps
18 silly fetch manifest @types/winjs@4.4.7
19 silly packumentCache full:https://registry.npmjs.org/@types%2fwinjs cache-miss
20 http fetch GET 200 https://registry.npmjs.org/@types%2fwinjs 172ms (cache miss)
21 silly packumentCache full:https://registry.npmjs.org/@types%2fwinjs set size:undefined disposed:false
22 silly placeDep ROOT @types/winjs@4.4.7 OK for:  want: 4.4.7
23 silly reify moves {}
24 silly audit bulk request {
24 silly audit   '@types/body-parser': [ '1.19.6' ],
24 silly audit   '@types/connect': [ '3.4.38' ],
24 silly audit   '@types/cors': [ '2.8.19' ],
24 silly audit   '@types/express': [ '5.0.3' ],
24 silly audit   '@types/express-serve-static-core': [ '5.0.7' ],
24 silly audit   '@types/http-errors': [ '2.0.5' ],
24 silly audit   '@types/mime': [ '1.3.5' ],
24 silly audit   '@types/node': [ '24.3.0' ],
24 silly audit   '@types/qs': [ '6.14.0' ],
24 silly audit   '@types/range-parser': [ '1.2.7' ],
24 silly audit   '@types/react': [ '19.1.12' ],
24 silly audit   '@types/send': [ '0.17.5' ],
24 silly audit   '@types/serve-static': [ '1.15.8' ],
24 silly audit   csstype: [ '3.1.3' ],
24 silly audit   'types-registry': [ '0.1.736' ],
24 silly audit   'undici-types': [ '7.10.0' ],
24 silly audit   '@types/winjs': [ '4.4.7' ]
24 silly audit }
25 http cache @types/winjs@https://registry.npmjs.org/@types/winjs/-/winjs-4.4.7.tgz 1ms (cache hit)
26 silly tarball no local data for @types/winjs@https://registry.npmjs.org/@types/winjs/-/winjs-4.4.7.tgz. Extracting by manifest.
27 http fetch POST 200 https://registry.npmjs.org/-/npm/v1/security/advisories/bulk 143ms
28 silly audit report {}
29 http fetch GET 200 https://registry.npmjs.org/@types/winjs/-/winjs-4.4.7.tgz 473ms (cache miss)
30 silly ADD node_modules/@types/winjs
31 verbose cwd /home/gabrielblucas/.cache/typescript/5.8
32 verbose os Linux 6.6.97+
33 verbose node v22.19.0
34 verbose npm  v11.5.2
35 verbose exit 0
36 info ok
