Initializing document watcher...
Document watcher initialized
gabrielblucas/public/modules/ui.js: {}
gabrielblucas/public/modules/ui.js: {}
gabrielblucas/public/modules/ui.js: {}
gabrielblucas/public/modules/ui.js: Using EditorConfig core...
gabrielblucas/public/modules/ui.js: {}
gabrielblucas/public/modules/ui.js: {}
gabrielblucas/public/modules/ui.js: {}
gabrielblucas/public/modules/handlers.js: {}
gabrielblucas/public/modules/handlers.js: Using EditorConfig core...
gabrielblucas/public/modules/handlers.js: {}
gabrielblucas/public/modules/ui.js: {}
gabrielblucas/public/modules/ui.js: Using EditorConfig core...
gabrielblucas/public/modules/ui.js: {}
gabrielblucas/public/modules/ui.js: {}
gabrielblucas/functions/index.js: {}
gabrielblucas/functions/routes/appointments.js: {}
gabrielblucas/functions/routes/appointments.js: {}
gabrielblucas/functions/routes/appointments.js: Using EditorConfig core...
gabrielblucas/functions/routes/appointments.js: {}
gabrielblucas/functions/routes/appointments.js: {}
gabrielblucas/public/modules/ui.js: {}
gabrielblucas/public/modules/ui.js: Using EditorConfig core...
gabrielblucas/public/modules/ui.js: {}
gabrielblucas/public/modules/ui.js: {}
gabrielblucas/public/modules/handlers.js: {}
gabrielblucas/public/modules/handlers.js: Using EditorConfig core...
gabrielblucas/public/modules/handlers.js: {}
gabrielblucas/public/modules/handlers.js: {}
gabrielblucas/public/modules/ui.js: {}
gabrielblucas/public/modules/ui.js: {}
gabrielblucas/public/modules/ui.js: {}
gabrielblucas/public/modules/ui.js: {}
gabrielblucas/public/modules/ui.js: {}
gabrielblucas/public/modules/ui.js: {}
