2025-09-03 18:39:52.817 [info] [main] Log level: Info
2025-09-03 18:39:52.817 [info] [main] Validating found git in: "git"
2025-09-03 18:39:52.817 [info] [main] Using git "2.43.0" from "git"
2025-09-03 18:39:52.817 [info] [Model][doInitialScan] Initial repository scan started
2025-09-03 18:39:52.817 [info] > git rev-parse --show-toplevel [64ms]
2025-09-03 18:39:52.817 [info] > git rev-parse --git-dir --git-common-dir [15ms]
2025-09-03 18:39:52.817 [info] [Model][openRepository] Opened repository (path): /home/gabrielblucas
2025-09-03 18:39:52.817 [info] [Model][openRepository] Opened repository (real path): /home/gabrielblucas
2025-09-03 18:39:52.817 [info] > git config --get commit.template [12ms]
2025-09-03 18:39:52.834 [info] > git rev-parse --show-toplevel [22ms]
2025-09-03 18:39:52.837 [info] > git for-each-ref --format=%(refname)%00%(upstream:short)%00%(objectname)%00%(upstream:track)%00%(upstream:remotename)%00%(upstream:remoteref) refs/heads/main refs/remotes/main [7ms]
2025-09-03 18:39:52.897 [info] > git rev-parse --show-toplevel [48ms]
2025-09-03 18:39:52.930 [info] > git for-each-ref --sort -committerdate --format %(refname)%00%(objectname)%00%(*objectname) [39ms]
2025-09-03 18:39:52.954 [info] > git rev-parse --show-toplevel [16ms]
2025-09-03 18:39:52.992 [info] > git rev-parse --show-toplevel [8ms]
2025-09-03 18:39:53.031 [info] > git rev-parse --show-toplevel [3ms]
2025-09-03 18:39:53.058 [info] > git rev-parse --show-toplevel [5ms]
2025-09-03 18:39:53.080 [info] > git rev-parse --show-toplevel [5ms]
2025-09-03 18:39:53.095 [info] > git rev-parse --show-toplevel [3ms]
2025-09-03 18:39:53.124 [info] > git rev-parse --show-toplevel [6ms]
2025-09-03 18:39:53.137 [info] > git rev-parse --show-toplevel [4ms]
2025-09-03 18:39:53.216 [info] > git rev-parse --show-toplevel [55ms]
2025-09-03 18:39:53.217 [info] [Model][doInitialScan] Initial repository scan completed - repositories (1), closed repositories (0), parent repositories (0), unsafe repositories (0)
2025-09-03 18:39:53.254 [info] > git status -z -uall [393ms]
2025-09-03 18:39:55.598 [info] > git for-each-ref --format=%(refname)%00%(upstream:short)%00%(objectname)%00%(upstream:track)%00%(upstream:remotename)%00%(upstream:remoteref) refs/heads/main refs/remotes/main [2053ms]
2025-09-03 18:39:55.648 [info] > git check-ignore -v -z --stdin [11ms]
2025-09-03 18:39:55.650 [info] > git config --get --local branch.main.vscode-merge-base [45ms]
2025-09-03 18:39:55.650 [warning] [Git][config] git config failed: Failed to execute git
2025-09-03 18:39:55.660 [info] > git config --get commit.template [122ms]
2025-09-03 18:39:55.694 [info] > git reflog main --grep-reflog=branch: Created from *. [35ms]
2025-09-03 18:39:55.710 [info] > git for-each-ref --format=%(refname)%00%(upstream:short)%00%(objectname)%00%(upstream:track)%00%(upstream:remotename)%00%(upstream:remoteref) refs/heads/main refs/remotes/main [31ms]
2025-09-03 18:39:55.712 [info] > git symbolic-ref --short refs/remotes/origin/HEAD [8ms]
2025-09-03 18:39:55.712 [info] fatal: ref refs/remotes/origin/HEAD is not a symbolic ref
2025-09-03 18:39:55.712 [warning] [Repository][getDefaultBranch] Failed to get default branch details: Failed to execute git.
2025-09-03 18:39:55.762 [info] > git merge-base refs/heads/main refs/remotes/origin/main [37ms]
2025-09-03 18:39:55.788 [info] > git for-each-ref --sort -committerdate --format %(refname)%00%(objectname)%00%(*objectname) [27ms]
2025-09-03 18:39:55.791 [info] > git diff --name-status -z --diff-filter=ADMR fc3ecb4759882768a4dcb4d95fab6182f853f5de...refs/remotes/origin/main [4ms]
2025-09-03 18:39:55.956 [info] > git status -z -uall [212ms]
2025-09-03 18:40:05.866 [info] > git show --textconv :public/app.js [2127ms]
2025-09-03 18:40:05.866 [info] > git ls-files --stage -- public/app.js [2120ms]
2025-09-03 18:40:05.903 [info] > git cat-file -s 757de021d410685e97662932ca39d0f127f9127d [28ms]
2025-09-03 18:42:43.056 [info] > git check-ignore -v -z --stdin [4ms]
2025-09-03 18:44:28.361 [info] > git blame --root --incremental fc3ecb4759882768a4dcb4d95fab6182f853f5de -- public/app.js [4ms]
2025-09-03 18:45:17.751 [info] > git config --get commit.template [11ms]
2025-09-03 18:45:17.752 [info] > git for-each-ref --format=%(refname)%00%(upstream:short)%00%(objectname)%00%(upstream:track)%00%(upstream:remotename)%00%(upstream:remoteref) refs/heads/main refs/remotes/main [3ms]
2025-09-03 18:45:17.776 [info] > git for-each-ref --sort -committerdate --format %(refname)%00%(objectname)%00%(*objectname) [3ms]
2025-09-03 18:45:17.925 [info] > git status -z -uall [164ms]
2025-09-03 18:45:23.127 [info] > git config --get commit.template [12ms]
2025-09-03 18:45:23.128 [info] > git for-each-ref --format=%(refname)%00%(upstream:short)%00%(objectname)%00%(upstream:track)%00%(upstream:remotename)%00%(upstream:remoteref) refs/heads/main refs/remotes/main [3ms]
2025-09-03 18:45:23.151 [info] > git for-each-ref --sort -committerdate --format %(refname)%00%(objectname)%00%(*objectname) [3ms]
2025-09-03 18:45:23.289 [info] > git status -z -uall [152ms]
2025-09-03 18:45:44.102 [info] > git config --get commit.template [9ms]
2025-09-03 18:45:44.103 [info] > git for-each-ref --format=%(refname)%00%(upstream:short)%00%(objectname)%00%(upstream:track)%00%(upstream:remotename)%00%(upstream:remoteref) refs/heads/main refs/remotes/main [2ms]
2025-09-03 18:45:44.126 [info] > git for-each-ref --sort -committerdate --format %(refname)%00%(objectname)%00%(*objectname) [3ms]
2025-09-03 18:45:44.264 [info] > git status -z -uall [153ms]
2025-09-03 18:58:55.683 [info] > git check-ignore -v -z --stdin [5ms]
2025-09-03 19:02:29.459 [info] > git config --get commit.template [9ms]
2025-09-03 19:02:29.460 [info] > git for-each-ref --format=%(refname)%00%(upstream:short)%00%(objectname)%00%(upstream:track)%00%(upstream:remotename)%00%(upstream:remoteref) refs/heads/main refs/remotes/main [3ms]
2025-09-03 19:02:29.484 [info] > git for-each-ref --sort -committerdate --format %(refname)%00%(objectname)%00%(*objectname) [3ms]
2025-09-03 19:02:29.626 [info] > git status -z -uall [157ms]
2025-09-03 19:02:34.824 [info] > git config --get commit.template [11ms]
2025-09-03 19:02:34.825 [info] > git for-each-ref --format=%(refname)%00%(upstream:short)%00%(objectname)%00%(upstream:track)%00%(upstream:remotename)%00%(upstream:remoteref) refs/heads/main refs/remotes/main [2ms]
2025-09-03 19:02:34.853 [info] > git for-each-ref --sort -committerdate --format %(refname)%00%(objectname)%00%(*objectname) [3ms]
2025-09-03 19:02:34.995 [info] > git status -z -uall [161ms]
2025-09-03 19:10:53.939 [info] > git show --textconv :functions/index.js [12ms]
2025-09-03 19:10:53.943 [info] > git ls-files --stage -- functions/index.js [5ms]
2025-09-03 19:10:53.956 [info] > git cat-file -s b49b746081b4deda3dab75c7aa47a31d5b101017 [2ms]
2025-09-03 19:10:54.286 [info] > git check-ignore -v -z --stdin [5ms]
2025-09-03 19:10:54.446 [info] > git blame --root --incremental fc3ecb4759882768a4dcb4d95fab6182f853f5de -- functions/index.js [3ms]
2025-09-03 19:11:39.062 [info] > git config --get commit.template [10ms]
2025-09-03 19:11:39.063 [info] > git for-each-ref --format=%(refname)%00%(upstream:short)%00%(objectname)%00%(upstream:track)%00%(upstream:remotename)%00%(upstream:remoteref) refs/heads/main refs/remotes/main [3ms]
2025-09-03 19:11:39.086 [info] > git for-each-ref --sort -committerdate --format %(refname)%00%(objectname)%00%(*objectname) [4ms]
2025-09-03 19:11:39.231 [info] > git status -z -uall [160ms]
2025-09-03 19:11:55.192 [info] > git config --get commit.template [10ms]
2025-09-03 19:11:55.194 [info] > git for-each-ref --format=%(refname)%00%(upstream:short)%00%(objectname)%00%(upstream:track)%00%(upstream:remotename)%00%(upstream:remoteref) refs/heads/main refs/remotes/main [3ms]
2025-09-03 19:11:55.225 [info] > git for-each-ref --sort -committerdate --format %(refname)%00%(objectname)%00%(*objectname) [3ms]
2025-09-03 19:11:55.371 [info] > git status -z -uall [165ms]
2025-09-03 19:19:08.598 [info] > git config --get commit.template [6ms]
2025-09-03 19:19:08.618 [info] > git for-each-ref --format=%(refname)%00%(upstream:short)%00%(objectname)%00%(upstream:track)%00%(upstream:remotename)%00%(upstream:remoteref) refs/heads/main refs/remotes/main [4ms]
2025-09-03 19:19:08.693 [info] > git for-each-ref --sort -committerdate --format %(refname)%00%(objectname)%00%(*objectname) [28ms]
2025-09-03 19:19:08.838 [info] > git status -z -uall [200ms]
2025-09-03 19:19:10.343 [info] > git show --textconv :public/app.js [43ms]
2025-09-03 19:19:10.343 [info] > git ls-files --stage -- public/app.js [33ms]
2025-09-03 19:19:10.393 [info] > git cat-file -s 757de021d410685e97662932ca39d0f127f9127d [26ms]
2025-09-03 19:19:13.316 [info] > git show --textconv :functions/index.js [37ms]
2025-09-03 19:19:13.320 [info] > git ls-files --stage -- functions/index.js [6ms]
2025-09-03 19:19:13.359 [info] > git cat-file -s b49b746081b4deda3dab75c7aa47a31d5b101017 [8ms]
2025-09-03 19:19:14.012 [info] > git config --get commit.template [26ms]
2025-09-03 19:19:14.013 [info] > git for-each-ref --format=%(refname)%00%(upstream:short)%00%(objectname)%00%(upstream:track)%00%(upstream:remotename)%00%(upstream:remoteref) refs/heads/main refs/remotes/main [16ms]
2025-09-03 19:19:14.043 [info] > git for-each-ref --sort -committerdate --format %(refname)%00%(objectname)%00%(*objectname) [3ms]
2025-09-03 19:19:14.123 [info] > git show --textconv :public/profile.js [17ms]
2025-09-03 19:19:14.127 [info] > git ls-files --stage -- public/profile.js [6ms]
2025-09-03 19:19:14.145 [info] > git cat-file -s ef0b75df0035815905c260a54d02ef6a8b87b7a3 [3ms]
2025-09-03 19:19:14.219 [info] > git status -z -uall [195ms]
2025-09-03 19:19:17.179 [info] > git blame --root --incremental fc3ecb4759882768a4dcb4d95fab6182f853f5de -- public/profile.js [3ms]
2025-09-03 19:21:22.783 [info] > git config --get commit.template [3ms]
2025-09-03 19:21:22.796 [info] > git for-each-ref --format=%(refname)%00%(upstream:short)%00%(objectname)%00%(upstream:track)%00%(upstream:remotename)%00%(upstream:remoteref) refs/heads/main refs/remotes/main [2ms]
2025-09-03 19:21:22.823 [info] > git for-each-ref --sort -committerdate --format %(refname)%00%(objectname)%00%(*objectname) [2ms]
2025-09-03 19:21:22.963 [info] > git status -z -uall [155ms]
2025-09-03 19:21:35.576 [info] > git config --get commit.template [5ms]
2025-09-03 19:21:35.587 [info] > git for-each-ref --format=%(refname)%00%(upstream:short)%00%(objectname)%00%(upstream:track)%00%(upstream:remotename)%00%(upstream:remoteref) refs/heads/main refs/remotes/main [2ms]
2025-09-03 19:21:35.610 [info] > git for-each-ref --sort -committerdate --format %(refname)%00%(objectname)%00%(*objectname) [2ms]
2025-09-03 19:21:35.749 [info] > git status -z -uall [153ms]
2025-09-03 19:21:37.209 [info] > git show --textconv :public/app.js [1328ms]
2025-09-03 19:21:37.210 [info] > git ls-files --stage -- public/app.js [1321ms]
2025-09-03 19:21:37.222 [info] > git cat-file -s 757de021d410685e97662932ca39d0f127f9127d [3ms]
2025-09-03 19:21:46.128 [info] > git show --textconv :functions/index.js [9ms]
2025-09-03 19:21:46.131 [info] > git ls-files --stage -- functions/index.js [5ms]
2025-09-03 19:21:46.141 [info] > git cat-file -s b49b746081b4deda3dab75c7aa47a31d5b101017 [2ms]
2025-09-03 19:21:51.755 [info] > git show --textconv :public/profile.js [9ms]
2025-09-03 19:21:51.758 [info] > git ls-files --stage -- public/profile.js [4ms]
2025-09-03 19:21:51.768 [info] > git cat-file -s ef0b75df0035815905c260a54d02ef6a8b87b7a3 [2ms]
2025-09-03 19:33:07.954 [info] > git config --get commit.template [35ms]
2025-09-03 19:33:07.968 [info] > git for-each-ref --format=%(refname)%00%(upstream:short)%00%(objectname)%00%(upstream:track)%00%(upstream:remotename)%00%(upstream:remoteref) refs/heads/main refs/remotes/main [3ms]
2025-09-03 19:33:08.000 [info] > git for-each-ref --sort -committerdate --format %(refname)%00%(objectname)%00%(*objectname) [6ms]
2025-09-03 19:33:08.134 [info] > git show --textconv :public/login.html [18ms]
2025-09-03 19:33:08.136 [info] > git ls-files --stage -- public/login.html [5ms]
2025-09-03 19:33:08.160 [info] > git cat-file -s 4031034eb9b949a7692b65662ff360229dbd8ca9 [12ms]
2025-09-03 19:33:08.164 [info] > git status -z -uall [186ms]
2025-09-03 19:33:13.415 [info] > git config --get commit.template [11ms]
2025-09-03 19:33:13.416 [info] > git for-each-ref --format=%(refname)%00%(upstream:short)%00%(objectname)%00%(upstream:track)%00%(upstream:remotename)%00%(upstream:remoteref) refs/heads/main refs/remotes/main [3ms]
2025-09-03 19:33:13.439 [info] > git for-each-ref --sort -committerdate --format %(refname)%00%(objectname)%00%(*objectname) [2ms]
2025-09-03 19:33:13.577 [info] > git status -z -uall [152ms]
2025-09-03 19:33:59.481 [info] > git config --get commit.template [10ms]
2025-09-03 19:33:59.483 [info] > git for-each-ref --format=%(refname)%00%(upstream:short)%00%(objectname)%00%(upstream:track)%00%(upstream:remotename)%00%(upstream:remoteref) refs/heads/main refs/remotes/main [3ms]
2025-09-03 19:33:59.505 [info] > git for-each-ref --sort -committerdate --format %(refname)%00%(objectname)%00%(*objectname) [2ms]
2025-09-03 19:33:59.641 [info] > git status -z -uall [149ms]
2025-09-03 19:34:28.022 [info] > git show --textconv :public/index.html [16ms]
2025-09-03 19:34:28.026 [info] > git ls-files --stage -- public/index.html [5ms]
2025-09-03 19:34:28.049 [info] > git cat-file -s 0f37b3cab3d8e06bc68a9fed8d87dd41f8e1708e [1ms]
2025-09-03 19:34:45.504 [info] > git config --get commit.template [13ms]
2025-09-03 19:34:45.531 [info] > git for-each-ref --format=%(refname)%00%(upstream:short)%00%(objectname)%00%(upstream:track)%00%(upstream:remotename)%00%(upstream:remoteref) refs/heads/main refs/remotes/main [2ms]
2025-09-03 19:34:45.618 [info] > git for-each-ref --sort -committerdate --format %(refname)%00%(objectname)%00%(*objectname) [23ms]
2025-09-03 19:34:45.800 [info] > git status -z -uall [239ms]
2025-09-03 19:35:05.738 [info] > git config --get commit.template [18ms]
2025-09-03 19:35:05.738 [info] > git for-each-ref --format=%(refname)%00%(upstream:short)%00%(objectname)%00%(upstream:track)%00%(upstream:remotename)%00%(upstream:remoteref) refs/heads/main refs/remotes/main [2ms]
2025-09-03 19:35:05.783 [info] > git for-each-ref --sort -committerdate --format %(refname)%00%(objectname)%00%(*objectname) [6ms]
2025-09-03 19:35:05.903 [info] > git status -z -uall [147ms]
2025-09-03 19:35:10.435 [info] > git show --textconv :public/login.html [19ms]
2025-09-03 19:35:10.439 [info] > git ls-files --stage -- public/login.html [4ms]
2025-09-03 19:35:10.459 [info] > git cat-file -s 4031034eb9b949a7692b65662ff360229dbd8ca9 [3ms]
2025-09-03 19:35:11.104 [info] > git config --get commit.template [19ms]
2025-09-03 19:35:11.106 [info] > git for-each-ref --format=%(refname)%00%(upstream:short)%00%(objectname)%00%(upstream:track)%00%(upstream:remotename)%00%(upstream:remoteref) refs/heads/main refs/remotes/main [3ms]
2025-09-03 19:35:11.152 [info] > git for-each-ref --sort -committerdate --format %(refname)%00%(objectname)%00%(*objectname) [2ms]
2025-09-03 19:35:11.272 [info] > git status -z -uall [148ms]
2025-09-03 19:35:55.645 [info] > git show --textconv :public/index.html [15ms]
2025-09-03 19:35:55.646 [info] > git ls-files --stage -- public/index.html [4ms]
2025-09-03 19:35:55.670 [info] > git cat-file -s 0f37b3cab3d8e06bc68a9fed8d87dd41f8e1708e [13ms]
2025-09-03 19:37:45.811 [info] > git show --textconv :public/login.html [30ms]
2025-09-03 19:37:45.811 [info] > git ls-files --stage -- public/login.html [18ms]
2025-09-03 19:37:45.827 [info] > git cat-file -s 4031034eb9b949a7692b65662ff360229dbd8ca9 [4ms]
2025-09-03 19:37:46.071 [info] > git blame --root --incremental fc3ecb4759882768a4dcb4d95fab6182f853f5de -- public/login.html [2ms]
2025-09-03 19:38:29.789 [info] > git config --get commit.template [10ms]
2025-09-03 19:38:29.789 [info] > git for-each-ref --format=%(refname)%00%(upstream:short)%00%(objectname)%00%(upstream:track)%00%(upstream:remotename)%00%(upstream:remoteref) refs/heads/main refs/remotes/main [2ms]
2025-09-03 19:38:29.814 [info] > git for-each-ref --sort -committerdate --format %(refname)%00%(objectname)%00%(*objectname) [3ms]
2025-09-03 19:38:29.962 [info] > git status -z -uall [163ms]
2025-09-03 19:38:35.153 [info] > git config --get commit.template [10ms]
2025-09-03 19:38:35.154 [info] > git for-each-ref --format=%(refname)%00%(upstream:short)%00%(objectname)%00%(upstream:track)%00%(upstream:remotename)%00%(upstream:remoteref) refs/heads/main refs/remotes/main [2ms]
2025-09-03 19:38:35.179 [info] > git for-each-ref --sort -committerdate --format %(refname)%00%(objectname)%00%(*objectname) [3ms]
2025-09-03 19:38:35.314 [info] > git status -z -uall [151ms]
2025-09-03 19:45:32.040 [info] > git config --get commit.template [15ms]
2025-09-03 19:45:32.040 [info] > git for-each-ref --format=%(refname)%00%(upstream:short)%00%(objectname)%00%(upstream:track)%00%(upstream:remotename)%00%(upstream:remoteref) refs/heads/main refs/remotes/main [2ms]
2025-09-03 19:45:32.079 [info] > git for-each-ref --sort -committerdate --format %(refname)%00%(objectname)%00%(*objectname) [3ms]
2025-09-03 19:45:32.214 [info] > git status -z -uall [159ms]
2025-09-03 19:45:37.407 [info] > git config --get commit.template [12ms]
2025-09-03 19:45:37.408 [info] > git for-each-ref --format=%(refname)%00%(upstream:short)%00%(objectname)%00%(upstream:track)%00%(upstream:remotename)%00%(upstream:remoteref) refs/heads/main refs/remotes/main [2ms]
2025-09-03 19:45:37.437 [info] > git for-each-ref --sort -committerdate --format %(refname)%00%(objectname)%00%(*objectname) [3ms]
2025-09-03 19:45:37.570 [info] > git status -z -uall [150ms]
2025-09-03 19:45:51.393 [info] > git config --get commit.template [10ms]
2025-09-03 19:45:51.394 [info] > git for-each-ref --format=%(refname)%00%(upstream:short)%00%(objectname)%00%(upstream:track)%00%(upstream:remotename)%00%(upstream:remoteref) refs/heads/main refs/remotes/main [3ms]
2025-09-03 19:45:51.420 [info] > git for-each-ref --sort -committerdate --format %(refname)%00%(objectname)%00%(*objectname) [2ms]
2025-09-03 19:45:51.588 [info] > git status -z -uall [183ms]
2025-09-03 19:45:56.733 [info] > git config --get commit.template [10ms]
2025-09-03 19:45:56.734 [info] > git for-each-ref --format=%(refname)%00%(upstream:short)%00%(objectname)%00%(upstream:track)%00%(upstream:remotename)%00%(upstream:remoteref) refs/heads/main refs/remotes/main [2ms]
2025-09-03 19:45:56.762 [info] > git for-each-ref --sort -committerdate --format %(refname)%00%(objectname)%00%(*objectname) [3ms]
2025-09-03 19:45:56.898 [info] > git status -z -uall [153ms]
2025-09-03 20:02:05.077 [info] > git config --get commit.template [11ms]
2025-09-03 20:02:05.079 [info] > git for-each-ref --format=%(refname)%00%(upstream:short)%00%(objectname)%00%(upstream:track)%00%(upstream:remotename)%00%(upstream:remoteref) refs/heads/main refs/remotes/main [3ms]
2025-09-03 20:02:05.107 [info] > git for-each-ref --sort -committerdate --format %(refname)%00%(objectname)%00%(*objectname) [3ms]
2025-09-03 20:02:05.251 [info] > git status -z -uall [162ms]
2025-09-03 20:02:10.424 [info] > git config --get commit.template [10ms]
2025-09-03 20:02:10.425 [info] > git for-each-ref --format=%(refname)%00%(upstream:short)%00%(objectname)%00%(upstream:track)%00%(upstream:remotename)%00%(upstream:remoteref) refs/heads/main refs/remotes/main [3ms]
2025-09-03 20:02:10.456 [info] > git for-each-ref --sort -committerdate --format %(refname)%00%(objectname)%00%(*objectname) [3ms]
2025-09-03 20:02:10.588 [info] > git status -z -uall [153ms]
2025-09-03 20:04:40.525 [info] > git config --get commit.template [5ms]
2025-09-03 20:04:40.538 [info] > git for-each-ref --format=%(refname)%00%(upstream:short)%00%(objectname)%00%(upstream:track)%00%(upstream:remotename)%00%(upstream:remoteref) refs/heads/main refs/remotes/main [2ms]
2025-09-03 20:04:40.568 [info] > git for-each-ref --sort -committerdate --format %(refname)%00%(objectname)%00%(*objectname) [6ms]
2025-09-03 20:04:40.711 [info] > git status -z -uall [162ms]
2025-09-03 20:04:42.233 [info] > git show --textconv :public/index.html [35ms]
2025-09-03 20:04:42.235 [info] > git ls-files --stage -- public/index.html [28ms]
2025-09-03 20:04:42.255 [info] > git cat-file -s 0f37b3cab3d8e06bc68a9fed8d87dd41f8e1708e [3ms]
2025-09-03 20:04:44.123 [info] > git blame --root --incremental fc3ecb4759882768a4dcb4d95fab6182f853f5de -- public/index.html [4ms]
2025-09-03 20:04:44.694 [info] > git show --textconv :public/app.js [11ms]
2025-09-03 20:04:44.697 [info] > git ls-files --stage -- public/app.js [3ms]
2025-09-03 20:04:44.708 [info] > git cat-file -s 757de021d410685e97662932ca39d0f127f9127d [2ms]
2025-09-03 20:04:45.873 [info] > git config --get commit.template [11ms]
2025-09-03 20:04:45.874 [info] > git for-each-ref --format=%(refname)%00%(upstream:short)%00%(objectname)%00%(upstream:track)%00%(upstream:remotename)%00%(upstream:remoteref) refs/heads/main refs/remotes/main [2ms]
2025-09-03 20:04:45.899 [info] > git for-each-ref --sort -committerdate --format %(refname)%00%(objectname)%00%(*objectname) [3ms]
2025-09-03 20:04:46.032 [info] > git status -z -uall [148ms]
2025-09-03 20:05:21.319 [info] > git config --get commit.template [11ms]
2025-09-03 20:05:21.320 [info] > git for-each-ref --format=%(refname)%00%(upstream:short)%00%(objectname)%00%(upstream:track)%00%(upstream:remotename)%00%(upstream:remoteref) refs/heads/main refs/remotes/main [4ms]
2025-09-03 20:05:21.343 [info] > git for-each-ref --sort -committerdate --format %(refname)%00%(objectname)%00%(*objectname) [3ms]
2025-09-03 20:05:21.479 [info] > git status -z -uall [150ms]
2025-09-03 20:05:26.684 [info] > git config --get commit.template [10ms]
2025-09-03 20:05:26.686 [info] > git for-each-ref --format=%(refname)%00%(upstream:short)%00%(objectname)%00%(upstream:track)%00%(upstream:remotename)%00%(upstream:remoteref) refs/heads/main refs/remotes/main [3ms]
2025-09-03 20:05:26.713 [info] > git for-each-ref --sort -committerdate --format %(refname)%00%(objectname)%00%(*objectname) [3ms]
2025-09-03 20:05:26.857 [info] > git status -z -uall [161ms]
2025-09-03 20:06:10.203 [info] > git show --textconv :public/index.html [11ms]
2025-09-03 20:06:10.209 [info] > git ls-files --stage -- public/index.html [8ms]
2025-09-03 20:06:10.223 [info] > git cat-file -s 0f37b3cab3d8e06bc68a9fed8d87dd41f8e1708e [2ms]
2025-09-03 20:06:31.431 [info] > git show --textconv :public/app.js [11ms]
2025-09-03 20:06:31.433 [info] > git ls-files --stage -- public/app.js [4ms]
2025-09-03 20:06:31.445 [info] > git cat-file -s 757de021d410685e97662932ca39d0f127f9127d [2ms]
2025-09-03 20:07:07.184 [info] > git show --textconv :functions/index.js [18ms]
2025-09-03 20:07:07.189 [info] > git ls-files --stage -- functions/index.js [7ms]
2025-09-03 20:07:07.205 [info] > git cat-file -s b49b746081b4deda3dab75c7aa47a31d5b101017 [3ms]
2025-09-03 20:15:54.022 [info] > git config --get commit.template [12ms]
2025-09-03 20:15:54.025 [info] > git for-each-ref --format=%(refname)%00%(upstream:short)%00%(objectname)%00%(upstream:track)%00%(upstream:remotename)%00%(upstream:remoteref) refs/heads/main refs/remotes/main [4ms]
2025-09-03 20:15:54.053 [info] > git for-each-ref --sort -committerdate --format %(refname)%00%(objectname)%00%(*objectname) [3ms]
2025-09-03 20:15:54.205 [info] > git status -z -uall [169ms]
2025-09-03 20:15:59.413 [info] > git config --get commit.template [12ms]
2025-09-03 20:15:59.414 [info] > git for-each-ref --format=%(refname)%00%(upstream:short)%00%(objectname)%00%(upstream:track)%00%(upstream:remotename)%00%(upstream:remoteref) refs/heads/main refs/remotes/main [3ms]
2025-09-03 20:15:59.443 [info] > git for-each-ref --sort -committerdate --format %(refname)%00%(objectname)%00%(*objectname) [3ms]
2025-09-03 20:15:59.574 [info] > git status -z -uall [149ms]
2025-09-03 20:18:09.558 [info] > git show -s --decorate=full --shortstat --format=%H%n%aN%n%aE%n%at%n%ct%n%P%n%D%n%B -z 476ea6dd937e790fc6198c3b50ab8cac73d83e23 -- [4007ms]
2025-09-03 20:26:25.763 [info] > git config --get commit.template [2ms]
2025-09-03 20:26:25.783 [info] > git for-each-ref --format=%(refname)%00%(upstream:short)%00%(objectname)%00%(upstream:track)%00%(upstream:remotename)%00%(upstream:remoteref) refs/heads/main refs/remotes/main [2ms]
2025-09-03 20:26:25.824 [info] > git for-each-ref --sort -committerdate --format %(refname)%00%(objectname)%00%(*objectname) [2ms]
2025-09-03 20:26:25.955 [info] > git status -z -uall [153ms]
2025-09-03 20:26:31.117 [info] > git config --get commit.template [17ms]
2025-09-03 20:26:31.119 [info] > git for-each-ref --format=%(refname)%00%(upstream:short)%00%(objectname)%00%(upstream:track)%00%(upstream:remotename)%00%(upstream:remoteref) refs/heads/main refs/remotes/main [3ms]
2025-09-03 20:26:31.158 [info] > git for-each-ref --sort -committerdate --format %(refname)%00%(objectname)%00%(*objectname) [2ms]
2025-09-03 20:26:31.278 [info] > git status -z -uall [142ms]
2025-09-03 20:44:37.652 [info] > git check-ignore -v -z --stdin [5ms]
2025-09-03 20:47:25.154 [info] > git config --get commit.template [12ms]
2025-09-03 20:47:25.155 [info] > git for-each-ref --format=%(refname)%00%(upstream:short)%00%(objectname)%00%(upstream:track)%00%(upstream:remotename)%00%(upstream:remoteref) refs/heads/main refs/remotes/main [3ms]
2025-09-03 20:47:25.182 [info] > git for-each-ref --sort -committerdate --format %(refname)%00%(objectname)%00%(*objectname) [3ms]
2025-09-03 20:47:25.313 [info] > git status -z -uall [146ms]
2025-09-03 20:47:30.448 [info] > git config --get commit.template [13ms]
2025-09-03 20:47:30.449 [info] > git for-each-ref --format=%(refname)%00%(upstream:short)%00%(objectname)%00%(upstream:track)%00%(upstream:remotename)%00%(upstream:remoteref) refs/heads/main refs/remotes/main [3ms]
2025-09-03 20:47:30.480 [info] > git for-each-ref --sort -committerdate --format %(refname)%00%(objectname)%00%(*objectname) [3ms]
2025-09-03 20:47:30.612 [info] > git status -z -uall [151ms]
2025-09-03 20:52:56.017 [info] > git config --get commit.template [10ms]
2025-09-03 20:52:56.030 [info] > git for-each-ref --format=%(refname)%00%(upstream:short)%00%(objectname)%00%(upstream:track)%00%(upstream:remotename)%00%(upstream:remoteref) refs/heads/main refs/remotes/main [3ms]
2025-09-03 20:52:56.059 [info] > git for-each-ref --sort -committerdate --format %(refname)%00%(objectname)%00%(*objectname) [4ms]
2025-09-03 20:52:56.198 [info] > git status -z -uall [156ms]
2025-09-03 20:52:57.669 [info] > git show --textconv :firebase.json [33ms]
2025-09-03 20:52:57.670 [info] > git ls-files --stage -- firebase.json [23ms]
2025-09-03 20:52:57.688 [info] > git cat-file -s b3c1cdc58a1aa8435a81bca31884377e754d9821 [3ms]
2025-09-03 20:52:58.137 [info] > git check-ignore -v -z --stdin [4ms]
2025-09-03 20:52:59.165 [info] > git blame --root --incremental fc3ecb4759882768a4dcb4d95fab6182f853f5de -- firebase.json [3ms]
2025-09-03 20:52:59.732 [info] > git show --textconv :functions/package.json [14ms]
2025-09-03 20:52:59.733 [info] > git ls-files --stage -- functions/package.json [5ms]
2025-09-03 20:52:59.760 [info] > git cat-file -s 812b7ba70cbf0103fc209a6e2fb0aedfb9d7feaa [14ms]
2025-09-03 20:53:00.531 [info] > git blame --root --incremental fc3ecb4759882768a4dcb4d95fab6182f853f5de -- functions/package.json [92ms]
2025-09-03 20:53:01.356 [info] > git config --get commit.template [4ms]
2025-09-03 20:53:01.377 [info] > git for-each-ref --format=%(refname)%00%(upstream:short)%00%(objectname)%00%(upstream:track)%00%(upstream:remotename)%00%(upstream:remoteref) refs/heads/main refs/remotes/main [3ms]
2025-09-03 20:53:01.422 [info] > git for-each-ref --sort -committerdate --format %(refname)%00%(objectname)%00%(*objectname) [5ms]
2025-09-03 20:53:01.596 [info] > git status -z -uall [203ms]
2025-09-03 20:53:19.077 [info] > git show --textconv :firebase.json [14ms]
2025-09-03 20:53:19.080 [info] > git ls-files --stage -- firebase.json [5ms]
2025-09-03 20:53:19.093 [info] > git cat-file -s b3c1cdc58a1aa8435a81bca31884377e754d9821 [2ms]
2025-09-03 20:53:23.726 [info] > git show --textconv :functions/package.json [12ms]
2025-09-03 20:53:23.729 [info] > git ls-files --stage -- functions/package.json [4ms]
2025-09-03 20:53:23.742 [info] > git cat-file -s 812b7ba70cbf0103fc209a6e2fb0aedfb9d7feaa [2ms]
2025-09-03 20:54:16.046 [info] > git config --get commit.template [4ms]
2025-09-03 20:54:16.063 [info] > git for-each-ref --format=%(refname)%00%(upstream:short)%00%(objectname)%00%(upstream:track)%00%(upstream:remotename)%00%(upstream:remoteref) refs/heads/main refs/remotes/main [3ms]
2025-09-03 20:54:16.100 [info] > git for-each-ref --sort -committerdate --format %(refname)%00%(objectname)%00%(*objectname) [4ms]
2025-09-03 20:54:16.299 [info] > git status -z -uall [222ms]
2025-09-03 20:54:21.594 [info] > git config --get commit.template [10ms]
2025-09-03 20:54:21.612 [info] > git for-each-ref --format=%(refname)%00%(upstream:short)%00%(objectname)%00%(upstream:track)%00%(upstream:remotename)%00%(upstream:remoteref) refs/heads/main refs/remotes/main [3ms]
2025-09-03 20:54:21.687 [info] > git for-each-ref --sort -committerdate --format %(refname)%00%(objectname)%00%(*objectname) [47ms]
2025-09-03 20:54:25.190 [info] > git status -z -uall [3566ms]
2025-09-03 21:00:53.063 [info] > git config --get commit.template [11ms]
2025-09-03 21:00:53.064 [info] > git for-each-ref --format=%(refname)%00%(upstream:short)%00%(objectname)%00%(upstream:track)%00%(upstream:remotename)%00%(upstream:remoteref) refs/heads/main refs/remotes/main [3ms]
2025-09-03 21:00:53.094 [info] > git for-each-ref --sort -committerdate --format %(refname)%00%(objectname)%00%(*objectname) [3ms]
2025-09-03 21:00:53.250 [info] > git status -z -uall [173ms]
2025-09-03 21:00:58.451 [info] > git config --get commit.template [11ms]
2025-09-03 21:00:58.452 [info] > git for-each-ref --format=%(refname)%00%(upstream:short)%00%(objectname)%00%(upstream:track)%00%(upstream:remotename)%00%(upstream:remoteref) refs/heads/main refs/remotes/main [2ms]
2025-09-03 21:00:58.479 [info] > git for-each-ref --sort -committerdate --format %(refname)%00%(objectname)%00%(*objectname) [3ms]
2025-09-03 21:00:58.622 [info] > git status -z -uall [159ms]
2025-09-03 21:01:37.405 [info] > git show --textconv :functions/index.js [16ms]
2025-09-03 21:01:37.407 [info] > git ls-files --stage -- functions/index.js [5ms]
2025-09-03 21:01:37.420 [info] > git cat-file -s b49b746081b4deda3dab75c7aa47a31d5b101017 [2ms]
2025-09-03 21:09:05.571 [info] > git check-ignore -v -z --stdin [4ms]
2025-09-03 21:11:50.137 [info] > git config --get commit.template [12ms]
2025-09-03 21:11:50.139 [info] > git for-each-ref --format=%(refname)%00%(upstream:short)%00%(objectname)%00%(upstream:track)%00%(upstream:remotename)%00%(upstream:remoteref) refs/heads/main refs/remotes/main [3ms]
2025-09-03 21:11:50.166 [info] > git for-each-ref --sort -committerdate --format %(refname)%00%(objectname)%00%(*objectname) [2ms]
2025-09-03 21:11:50.317 [info] > git status -z -uall [167ms]
2025-09-03 21:11:55.540 [info] > git config --get commit.template [12ms]
2025-09-03 21:11:55.541 [info] > git for-each-ref --format=%(refname)%00%(upstream:short)%00%(objectname)%00%(upstream:track)%00%(upstream:remotename)%00%(upstream:remoteref) refs/heads/main refs/remotes/main [2ms]
2025-09-03 21:11:55.573 [info] > git for-each-ref --sort -committerdate --format %(refname)%00%(objectname)%00%(*objectname) [4ms]
2025-09-03 21:11:55.719 [info] > git status -z -uall [166ms]
2025-09-03 21:14:14.436 [info] > git config --get commit.template [12ms]
2025-09-03 21:14:14.437 [info] > git for-each-ref --format=%(refname)%00%(upstream:short)%00%(objectname)%00%(upstream:track)%00%(upstream:remotename)%00%(upstream:remoteref) refs/heads/main refs/remotes/main [2ms]
2025-09-03 21:14:14.463 [info] > git for-each-ref --sort -committerdate --format %(refname)%00%(objectname)%00%(*objectname) [2ms]
2025-09-03 21:14:14.608 [info] > git status -z -uall [160ms]
2025-09-03 21:14:34.972 [info] > git config --get commit.template [11ms]
2025-09-03 21:14:34.973 [info] > git for-each-ref --format=%(refname)%00%(upstream:short)%00%(objectname)%00%(upstream:track)%00%(upstream:remotename)%00%(upstream:remoteref) refs/heads/main refs/remotes/main [2ms]
2025-09-03 21:14:35.003 [info] > git for-each-ref --sort -committerdate --format %(refname)%00%(objectname)%00%(*objectname) [3ms]
2025-09-03 21:14:35.148 [info] > git status -z -uall [163ms]
2025-09-03 21:16:46.338 [info] > git config --get commit.template [12ms]
2025-09-03 21:16:46.340 [info] > git for-each-ref --format=%(refname)%00%(upstream:short)%00%(objectname)%00%(upstream:track)%00%(upstream:remotename)%00%(upstream:remoteref) refs/heads/main refs/remotes/main [3ms]
2025-09-03 21:16:46.367 [info] > git for-each-ref --sort -committerdate --format %(refname)%00%(objectname)%00%(*objectname) [3ms]
2025-09-03 21:16:46.519 [info] > git status -z -uall [168ms]
2025-09-03 21:16:51.695 [info] > git config --get commit.template [12ms]
2025-09-03 21:16:51.696 [info] > git for-each-ref --format=%(refname)%00%(upstream:short)%00%(objectname)%00%(upstream:track)%00%(upstream:remotename)%00%(upstream:remoteref) refs/heads/main refs/remotes/main [2ms]
2025-09-03 21:16:51.724 [info] > git for-each-ref --sort -committerdate --format %(refname)%00%(objectname)%00%(*objectname) [3ms]
2025-09-03 21:16:51.865 [info] > git status -z -uall [157ms]
