2025-09-03 14:10:24.939 [info] [main] Log level: Info
2025-09-03 14:10:24.939 [info] [main] Validating found git in: "git"
2025-09-03 14:10:24.939 [info] [main] Using git "2.43.0" from "git"
2025-09-03 14:10:24.939 [info] [Model][doInitialScan] Initial repository scan started
2025-09-03 14:10:24.939 [info] > git rev-parse --show-toplevel [39ms]
2025-09-03 14:10:24.939 [info] > git rev-parse --git-dir --git-common-dir [1ms]
2025-09-03 14:10:24.939 [info] [Model][openRepository] Opened repository (path): /home/gabrielblucas
2025-09-03 14:10:24.939 [info] [Model][openRepository] Opened repository (real path): /home/gabrielblucas
2025-09-03 14:10:24.939 [info] > git config --get commit.template [8ms]
2025-09-03 14:10:24.939 [info] > git rev-parse --show-toplevel [3ms]
2025-09-03 14:10:24.939 [info] > git rev-parse --show-toplevel [2ms]
2025-09-03 14:10:24.939 [info] > git rev-parse --show-toplevel [2ms]
2025-09-03 14:10:24.939 [info] > git rev-parse --show-toplevel [2ms]
2025-09-03 14:10:24.939 [info] > git rev-parse --show-toplevel [1ms]
2025-09-03 14:10:24.939 [info] > git rev-parse --show-toplevel [2ms]
2025-09-03 14:10:24.939 [info] > git rev-parse --show-toplevel [1ms]
2025-09-03 14:10:24.939 [info] > git rev-parse --show-toplevel [2ms]
2025-09-03 14:10:24.939 [info] > git rev-parse --show-toplevel [3ms]
2025-09-03 14:10:24.939 [info] > git for-each-ref --format=%(refname)%00%(upstream:short)%00%(objectname)%00%(upstream:track)%00%(upstream:remotename)%00%(upstream:remoteref) refs/heads/main refs/remotes/main [74ms]
2025-09-03 14:10:24.939 [info] > git rev-parse --show-toplevel [2ms]
2025-09-03 14:10:24.939 [info] [Model][doInitialScan] Initial repository scan completed - repositories (1), closed repositories (0), parent repositories (0), unsafe repositories (0)
2025-09-03 14:10:24.939 [info] > git for-each-ref --sort -committerdate --format %(refname)%00%(objectname)%00%(*objectname) [479ms]
2025-09-03 14:10:25.145 [info] > git ls-files --stage -- .gitignore [28ms]
2025-09-03 14:10:27.920 [info] > git show --textconv :.gitignore [2810ms]
2025-09-03 14:10:27.921 [info] > git check-ignore -v -z --stdin [20ms]
2025-09-03 14:10:27.923 [info] > git cat-file -s 4b5cfa20e8eca1641125372ffc959ec3c453f5be [2770ms]
2025-09-03 14:10:28.643 [info] > git blame --root --incremental fc3ecb4759882768a4dcb4d95fab6182f853f5de -- .gitignore [27ms]
2025-09-03 14:10:30.909 [info] > git status -z -uall [6496ms]
2025-09-03 14:10:33.033 [info] > git for-each-ref --format=%(refname)%00%(upstream:short)%00%(objectname)%00%(upstream:track)%00%(upstream:remotename)%00%(upstream:remoteref) refs/heads/main refs/remotes/main [1911ms]
2025-09-03 14:10:33.071 [info] > git config --get --local branch.main.vscode-merge-base [24ms]
2025-09-03 14:10:33.071 [warning] [Git][config] git config failed: Failed to execute git
2025-09-03 14:10:33.092 [info] > git config --get commit.template [135ms]
2025-09-03 14:10:33.127 [info] > git for-each-ref --format=%(refname)%00%(upstream:short)%00%(objectname)%00%(upstream:track)%00%(upstream:remotename)%00%(upstream:remoteref) refs/heads/main refs/remotes/main [15ms]
2025-09-03 14:10:33.252 [info] > git for-each-ref --sort -committerdate --format %(refname)%00%(objectname)%00%(*objectname) [43ms]
2025-09-03 14:10:33.254 [info] > git reflog main --grep-reflog=branch: Created from *. [164ms]
2025-09-03 14:10:33.313 [info] > git symbolic-ref --short refs/remotes/origin/HEAD [22ms]
2025-09-03 14:10:33.313 [info] fatal: ref refs/remotes/origin/HEAD is not a symbolic ref
2025-09-03 14:10:33.313 [warning] [Repository][getDefaultBranch] Failed to get default branch details: Failed to execute git.
2025-09-03 14:10:33.354 [info] > git merge-base refs/heads/main refs/remotes/origin/main [15ms]
2025-09-03 14:10:33.407 [info] > git diff --name-status -z --diff-filter=ADMR fc3ecb4759882768a4dcb4d95fab6182f853f5de...refs/remotes/origin/main [18ms]
2025-09-03 14:10:33.497 [info] > git status -z -uall [318ms]
2025-09-03 14:10:35.744 [info] > git check-ignore -v -z --stdin [6ms]
2025-09-03 14:10:38.899 [info] > git config --get commit.template [4ms]
2025-09-03 14:10:38.918 [info] > git for-each-ref --format=%(refname)%00%(upstream:short)%00%(objectname)%00%(upstream:track)%00%(upstream:remotename)%00%(upstream:remoteref) refs/heads/main refs/remotes/main [5ms]
2025-09-03 14:10:38.967 [info] > git for-each-ref --sort -committerdate --format %(refname)%00%(objectname)%00%(*objectname) [4ms]
2025-09-03 14:10:39.156 [info] > git status -z -uall [212ms]
2025-09-03 14:13:45.546 [info] > git config --get commit.template [10ms]
2025-09-03 14:13:45.565 [info] > git for-each-ref --format=%(refname)%00%(upstream:short)%00%(objectname)%00%(upstream:track)%00%(upstream:remotename)%00%(upstream:remoteref) refs/heads/main refs/remotes/main [5ms]
2025-09-03 14:13:45.623 [info] > git for-each-ref --sort -committerdate --format %(refname)%00%(objectname)%00%(*objectname) [10ms]
2025-09-03 14:13:45.758 [info] > git ls-files --stage -- public/app.js [12ms]
2025-09-03 14:13:45.785 [info] > git show --textconv :public/app.js [58ms]
2025-09-03 14:13:45.786 [info] > git cat-file -s 757de021d410685e97662932ca39d0f127f9127d [11ms]
2025-09-03 14:13:45.925 [info] > git status -z -uall [343ms]
2025-09-03 14:13:48.810 [info] > git check-ignore -v -z --stdin [2561ms]
2025-09-03 14:13:49.263 [info] > git check-ignore -v -z --stdin [13ms]
2025-09-03 14:13:51.246 [info] > git config --get commit.template [12ms]
2025-09-03 14:13:51.247 [info] > git for-each-ref --format=%(refname)%00%(upstream:short)%00%(objectname)%00%(upstream:track)%00%(upstream:remotename)%00%(upstream:remoteref) refs/heads/main refs/remotes/main [4ms]
2025-09-03 14:13:51.314 [info] > git for-each-ref --sort -committerdate --format %(refname)%00%(objectname)%00%(*objectname) [40ms]
2025-09-03 14:13:51.345 [info] > git blame --root --incremental fc3ecb4759882768a4dcb4d95fab6182f853f5de -- public/app.js [51ms]
2025-09-03 14:13:51.465 [info] > git status -z -uall [204ms]
2025-09-03 14:14:51.055 [info] > git ls-files --stage -- functions/index.js [8ms]
2025-09-03 14:14:51.128 [info] > git show --textconv :functions/index.js [96ms]
2025-09-03 14:14:51.128 [info] > git cat-file -s b49b746081b4deda3dab75c7aa47a31d5b101017 [61ms]
2025-09-03 14:15:41.333 [info] > git blame --root --incremental fc3ecb4759882768a4dcb4d95fab6182f853f5de -- functions/index.js [50ms]
2025-09-03 14:16:19.106 [info] > git show --textconv :public/app.js [12ms]
2025-09-03 14:16:19.109 [info] > git ls-files --stage -- public/app.js [4ms]
2025-09-03 14:16:19.120 [info] > git cat-file -s 757de021d410685e97662932ca39d0f127f9127d [2ms]
2025-09-03 14:18:05.781 [info] > git config --get commit.template [11ms]
2025-09-03 14:18:05.782 [info] > git for-each-ref --format=%(refname)%00%(upstream:short)%00%(objectname)%00%(upstream:track)%00%(upstream:remotename)%00%(upstream:remoteref) refs/heads/main refs/remotes/main [2ms]
2025-09-03 14:18:05.807 [info] > git for-each-ref --sort -committerdate --format %(refname)%00%(objectname)%00%(*objectname) [3ms]
2025-09-03 14:18:05.964 [info] > git status -z -uall [172ms]
2025-09-03 14:18:11.155 [info] > git config --get commit.template [10ms]
2025-09-03 14:18:11.155 [info] > git for-each-ref --format=%(refname)%00%(upstream:short)%00%(objectname)%00%(upstream:track)%00%(upstream:remotename)%00%(upstream:remoteref) refs/heads/main refs/remotes/main [2ms]
2025-09-03 14:18:11.179 [info] > git for-each-ref --sort -committerdate --format %(refname)%00%(objectname)%00%(*objectname) [2ms]
2025-09-03 14:18:11.320 [info] > git status -z -uall [155ms]
2025-09-03 14:19:44.955 [info] > git show --textconv :functions/index.js [11ms]
2025-09-03 14:19:44.959 [info] > git ls-files --stage -- functions/index.js [5ms]
2025-09-03 14:19:44.970 [info] > git cat-file -s b49b746081b4deda3dab75c7aa47a31d5b101017 [2ms]
2025-09-03 14:20:08.091 [info] > git config --get commit.template [11ms]
2025-09-03 14:20:08.091 [info] > git for-each-ref --format=%(refname)%00%(upstream:short)%00%(objectname)%00%(upstream:track)%00%(upstream:remotename)%00%(upstream:remoteref) refs/heads/main refs/remotes/main [2ms]
2025-09-03 14:20:08.117 [info] > git for-each-ref --sort -committerdate --format %(refname)%00%(objectname)%00%(*objectname) [3ms]
2025-09-03 14:20:08.265 [info] > git status -z -uall [162ms]
2025-09-03 14:20:13.433 [info] > git config --get commit.template [12ms]
2025-09-03 14:20:13.434 [info] > git for-each-ref --format=%(refname)%00%(upstream:short)%00%(objectname)%00%(upstream:track)%00%(upstream:remotename)%00%(upstream:remoteref) refs/heads/main refs/remotes/main [3ms]
2025-09-03 14:20:13.461 [info] > git for-each-ref --sort -committerdate --format %(refname)%00%(objectname)%00%(*objectname) [3ms]
2025-09-03 14:20:13.618 [info] > git status -z -uall [174ms]
2025-09-03 14:24:05.413 [info] > git config --get commit.template [14ms]
2025-09-03 14:24:05.425 [info] > git for-each-ref --format=%(refname)%00%(upstream:short)%00%(objectname)%00%(upstream:track)%00%(upstream:remotename)%00%(upstream:remoteref) refs/heads/main refs/remotes/main [13ms]
2025-09-03 14:24:05.459 [info] > git for-each-ref --sort -committerdate --format %(refname)%00%(objectname)%00%(*objectname) [3ms]
2025-09-03 14:24:05.642 [info] > git status -z -uall [204ms]
2025-09-03 14:24:10.803 [info] > git config --get commit.template [11ms]
2025-09-03 14:24:10.805 [info] > git for-each-ref --format=%(refname)%00%(upstream:short)%00%(objectname)%00%(upstream:track)%00%(upstream:remotename)%00%(upstream:remoteref) refs/heads/main refs/remotes/main [3ms]
2025-09-03 14:24:10.833 [info] > git for-each-ref --sort -committerdate --format %(refname)%00%(objectname)%00%(*objectname) [2ms]
2025-09-03 14:24:10.987 [info] > git status -z -uall [170ms]
2025-09-03 14:25:32.238 [info] > git show -s --decorate=full --shortstat --format=%H%n%aN%n%aE%n%at%n%ct%n%P%n%D%n%B -z 476ea6dd937e790fc6198c3b50ab8cac73d83e23 -- [12418ms]
2025-09-03 14:29:58.586 [info] > git config --get commit.template [23ms]
2025-09-03 14:29:58.589 [info] > git for-each-ref --format=%(refname)%00%(upstream:short)%00%(objectname)%00%(upstream:track)%00%(upstream:remotename)%00%(upstream:remoteref) refs/heads/main refs/remotes/main [5ms]
2025-09-03 14:29:58.627 [info] > git for-each-ref --sort -committerdate --format %(refname)%00%(objectname)%00%(*objectname) [3ms]
2025-09-03 14:29:58.786 [info] > git status -z -uall [178ms]
2025-09-03 14:30:03.958 [info] > git config --get commit.template [13ms]
2025-09-03 14:30:03.961 [info] > git for-each-ref --format=%(refname)%00%(upstream:short)%00%(objectname)%00%(upstream:track)%00%(upstream:remotename)%00%(upstream:remoteref) refs/heads/main refs/remotes/main [4ms]
2025-09-03 14:30:03.989 [info] > git for-each-ref --sort -committerdate --format %(refname)%00%(objectname)%00%(*objectname) [3ms]
2025-09-03 14:30:04.188 [info] > git status -z -uall [216ms]
2025-09-03 14:31:33.382 [info] > git config --get commit.template [11ms]
2025-09-03 14:31:33.384 [info] > git for-each-ref --format=%(refname)%00%(upstream:short)%00%(objectname)%00%(upstream:track)%00%(upstream:remotename)%00%(upstream:remoteref) refs/heads/main refs/remotes/main [3ms]
2025-09-03 14:31:33.415 [info] > git for-each-ref --sort -committerdate --format %(refname)%00%(objectname)%00%(*objectname) [3ms]
2025-09-03 14:31:33.568 [info] > git status -z -uall [172ms]
2025-09-03 14:31:38.766 [info] > git config --get commit.template [11ms]
2025-09-03 14:31:38.767 [info] > git for-each-ref --format=%(refname)%00%(upstream:short)%00%(objectname)%00%(upstream:track)%00%(upstream:remotename)%00%(upstream:remoteref) refs/heads/main refs/remotes/main [3ms]
2025-09-03 14:31:38.791 [info] > git for-each-ref --sort -committerdate --format %(refname)%00%(objectname)%00%(*objectname) [2ms]
2025-09-03 14:31:38.933 [info] > git status -z -uall [155ms]
2025-09-03 14:40:31.724 [info] > git config --get commit.template [13ms]
2025-09-03 14:40:31.725 [info] > git for-each-ref --format=%(refname)%00%(upstream:short)%00%(objectname)%00%(upstream:track)%00%(upstream:remotename)%00%(upstream:remoteref) refs/heads/main refs/remotes/main [2ms]
2025-09-03 14:40:31.755 [info] > git for-each-ref --sort -committerdate --format %(refname)%00%(objectname)%00%(*objectname) [4ms]
2025-09-03 14:40:31.892 [info] > git status -z -uall [156ms]
2025-09-03 14:40:37.050 [info] > git config --get commit.template [15ms]
2025-09-03 14:40:37.052 [info] > git for-each-ref --format=%(refname)%00%(upstream:short)%00%(objectname)%00%(upstream:track)%00%(upstream:remotename)%00%(upstream:remoteref) refs/heads/main refs/remotes/main [3ms]
2025-09-03 14:40:37.092 [info] > git for-each-ref --sort -committerdate --format %(refname)%00%(objectname)%00%(*objectname) [3ms]
2025-09-03 14:40:37.226 [info] > git status -z -uall [160ms]
2025-09-03 14:46:31.141 [info] > git show --textconv :public/app.js [18ms]
2025-09-03 14:46:31.147 [info] > git ls-files --stage -- public/app.js [8ms]
2025-09-03 14:46:31.164 [info] > git cat-file -s 757de021d410685e97662932ca39d0f127f9127d [4ms]
2025-09-03 14:46:39.438 [info] > git show --textconv :functions/index.js [11ms]
2025-09-03 14:46:39.442 [info] > git ls-files --stage -- functions/index.js [5ms]
2025-09-03 14:46:39.455 [info] > git cat-file -s b49b746081b4deda3dab75c7aa47a31d5b101017 [3ms]
2025-09-03 14:50:06.177 [info] > git config --get commit.template [12ms]
2025-09-03 14:50:06.178 [info] > git for-each-ref --format=%(refname)%00%(upstream:short)%00%(objectname)%00%(upstream:track)%00%(upstream:remotename)%00%(upstream:remoteref) refs/heads/main refs/remotes/main [3ms]
2025-09-03 14:50:06.203 [info] > git for-each-ref --sort -committerdate --format %(refname)%00%(objectname)%00%(*objectname) [2ms]
2025-09-03 14:50:06.350 [info] > git status -z -uall [162ms]
2025-09-03 14:50:11.490 [info] > git config --get commit.template [11ms]
2025-09-03 14:50:11.491 [info] > git for-each-ref --format=%(refname)%00%(upstream:short)%00%(objectname)%00%(upstream:track)%00%(upstream:remotename)%00%(upstream:remoteref) refs/heads/main refs/remotes/main [2ms]
2025-09-03 14:50:11.515 [info] > git for-each-ref --sort -committerdate --format %(refname)%00%(objectname)%00%(*objectname) [2ms]
2025-09-03 14:50:11.658 [info] > git status -z -uall [157ms]
2025-09-03 14:57:47.162 [info] > git config --get commit.template [11ms]
2025-09-03 14:57:47.163 [info] > git for-each-ref --format=%(refname)%00%(upstream:short)%00%(objectname)%00%(upstream:track)%00%(upstream:remotename)%00%(upstream:remoteref) refs/heads/main refs/remotes/main [2ms]
2025-09-03 14:57:47.193 [info] > git for-each-ref --sort -committerdate --format %(refname)%00%(objectname)%00%(*objectname) [3ms]
2025-09-03 14:57:47.356 [info] > git status -z -uall [181ms]
2025-09-03 14:57:52.602 [info] > git config --get commit.template [13ms]
2025-09-03 14:57:52.606 [info] > git for-each-ref --format=%(refname)%00%(upstream:short)%00%(objectname)%00%(upstream:track)%00%(upstream:remotename)%00%(upstream:remoteref) refs/heads/main refs/remotes/main [5ms]
2025-09-03 14:57:52.641 [info] > git for-each-ref --sort -committerdate --format %(refname)%00%(objectname)%00%(*objectname) [3ms]
2025-09-03 14:57:52.790 [info] > git status -z -uall [165ms]
2025-09-03 15:00:00.110 [info] > git config --get commit.template [2ms]
2025-09-03 15:00:00.131 [info] > git for-each-ref --format=%(refname)%00%(upstream:short)%00%(objectname)%00%(upstream:track)%00%(upstream:remotename)%00%(upstream:remoteref) refs/heads/main refs/remotes/main [3ms]
2025-09-03 15:00:00.180 [info] > git for-each-ref --sort -committerdate --format %(refname)%00%(objectname)%00%(*objectname) [6ms]
2025-09-03 15:00:00.407 [info] > git status -z -uall [256ms]
2025-09-03 15:00:05.590 [info] > git config --get commit.template [20ms]
2025-09-03 15:00:05.591 [info] > git for-each-ref --format=%(refname)%00%(upstream:short)%00%(objectname)%00%(upstream:track)%00%(upstream:remotename)%00%(upstream:remoteref) refs/heads/main refs/remotes/main [2ms]
2025-09-03 15:00:05.643 [info] > git for-each-ref --sort -committerdate --format %(refname)%00%(objectname)%00%(*objectname) [3ms]
2025-09-03 15:00:05.821 [info] > git status -z -uall [209ms]
2025-09-03 15:01:09.434 [info] > git config --get commit.template [3ms]
2025-09-03 15:01:09.452 [info] > git for-each-ref --format=%(refname)%00%(upstream:short)%00%(objectname)%00%(upstream:track)%00%(upstream:remotename)%00%(upstream:remoteref) refs/heads/main refs/remotes/main [2ms]
2025-09-03 15:01:09.491 [info] > git for-each-ref --sort -committerdate --format %(refname)%00%(objectname)%00%(*objectname) [3ms]
2025-09-03 15:01:09.628 [info] > git status -z -uall [160ms]
2025-09-03 15:01:14.834 [info] > git config --get commit.template [23ms]
2025-09-03 15:01:14.835 [info] > git for-each-ref --format=%(refname)%00%(upstream:short)%00%(objectname)%00%(upstream:track)%00%(upstream:remotename)%00%(upstream:remoteref) refs/heads/main refs/remotes/main [3ms]
2025-09-03 15:01:14.885 [info] > git for-each-ref --sort -committerdate --format %(refname)%00%(objectname)%00%(*objectname) [3ms]
2025-09-03 15:01:15.019 [info] > git status -z -uall [163ms]
2025-09-03 15:06:32.407 [info] > git config --get commit.template [31ms]
2025-09-03 15:06:32.408 [info] > git for-each-ref --format=%(refname)%00%(upstream:short)%00%(objectname)%00%(upstream:track)%00%(upstream:remotename)%00%(upstream:remoteref) refs/heads/main refs/remotes/main [2ms]
2025-09-03 15:06:32.475 [info] > git for-each-ref --sort -committerdate --format %(refname)%00%(objectname)%00%(*objectname) [2ms]
2025-09-03 15:06:32.630 [info] > git status -z -uall [190ms]
2025-09-03 15:06:37.156 [info] > git show --textconv :public/logo.svg [30ms]
2025-09-03 15:06:37.183 [info] > git ls-files --stage -- public/logo.svg [29ms]
2025-09-03 15:06:37.212 [info] > git hash-object -t tree /dev/null [30ms]
2025-09-03 15:06:37.213 [warning] [GitFileSystemProvider][readFile] File not found - git:/home/gabrielblucas/public/logo.svg.git?%7B%22path%22%3A%22%2Fhome%2Fgabrielblucas%2Fpublic%2Flogo.svg%22%2C%22ref%22%3A%22%22%7D
2025-09-03 15:06:37.223 [info] > git hash-object -t tree /dev/null [13ms]
2025-09-03 15:06:37.224 [warning] [GitFileSystemProvider][stat] File not found - git:/home/gabrielblucas/public/logo.svg.git?%7B%22path%22%3A%22%2Fhome%2Fgabrielblucas%2Fpublic%2Flogo.svg%22%2C%22ref%22%3A%22%22%7D
2025-09-03 15:06:37.269 [info] > git check-ignore -v -z --stdin [4ms]
2025-09-03 15:06:37.848 [info] > git config --get commit.template [28ms]
2025-09-03 15:06:37.849 [info] > git for-each-ref --format=%(refname)%00%(upstream:short)%00%(objectname)%00%(upstream:track)%00%(upstream:remotename)%00%(upstream:remoteref) refs/heads/main refs/remotes/main [2ms]
2025-09-03 15:06:37.910 [info] > git for-each-ref --sort -committerdate --format %(refname)%00%(objectname)%00%(*objectname) [3ms]
2025-09-03 15:06:38.071 [info] > git status -z -uall [193ms]
2025-09-03 15:06:42.165 [info] > git show --textconv :public/app.js [28ms]
2025-09-03 15:06:42.169 [info] > git ls-files --stage -- public/app.js [5ms]
2025-09-03 15:06:42.197 [info] > git cat-file -s 757de021d410685e97662932ca39d0f127f9127d [2ms]
2025-09-03 15:07:43.667 [info] > git show --textconv :functions/index.js [34ms]
2025-09-03 15:07:43.676 [info] > git ls-files --stage -- functions/index.js [12ms]
2025-09-03 15:07:43.711 [info] > git cat-file -s b49b746081b4deda3dab75c7aa47a31d5b101017 [2ms]
2025-09-03 15:08:02.447 [info] > git show --textconv :public/app.js [35ms]
2025-09-03 15:08:02.449 [info] > git ls-files --stage -- public/app.js [9ms]
2025-09-03 15:08:02.477 [info] > git cat-file -s 757de021d410685e97662932ca39d0f127f9127d [3ms]
2025-09-03 15:14:40.422 [info] > git config --get commit.template [13ms]
2025-09-03 15:14:40.456 [info] > git for-each-ref --format=%(refname)%00%(upstream:short)%00%(objectname)%00%(upstream:track)%00%(upstream:remotename)%00%(upstream:remoteref) refs/heads/main refs/remotes/main [5ms]
2025-09-03 15:14:40.568 [info] > git for-each-ref --sort -committerdate --format %(refname)%00%(objectname)%00%(*objectname) [55ms]
2025-09-03 15:14:40.663 [info] > git show --textconv :public/index.html [31ms]
2025-09-03 15:14:40.667 [info] > git status -z -uall [185ms]
2025-09-03 15:14:40.667 [info] > git ls-files --stage -- public/index.html [6ms]
2025-09-03 15:14:42.216 [info] > git cat-file -s 0f37b3cab3d8e06bc68a9fed8d87dd41f8e1708e [1522ms]
2025-09-03 15:14:45.905 [info] > git config --get commit.template [26ms]
2025-09-03 15:14:45.907 [info] > git for-each-ref --format=%(refname)%00%(upstream:short)%00%(objectname)%00%(upstream:track)%00%(upstream:remotename)%00%(upstream:remoteref) refs/heads/main refs/remotes/main [3ms]
2025-09-03 15:14:45.960 [info] > git for-each-ref --sort -committerdate --format %(refname)%00%(objectname)%00%(*objectname) [4ms]
2025-09-03 15:14:46.117 [info] > git status -z -uall [186ms]
2025-09-03 15:17:22.707 [info] > git show --textconv :public/index.html [25ms]
2025-09-03 15:17:22.710 [info] > git ls-files --stage -- public/index.html [4ms]
2025-09-03 15:17:22.733 [info] > git cat-file -s 0f37b3cab3d8e06bc68a9fed8d87dd41f8e1708e [3ms]
2025-09-03 15:17:34.195 [info] > git check-ignore -v -z --stdin [4ms]
2025-09-03 15:21:36.984 [info] > git config --get commit.template [25ms]
2025-09-03 15:21:36.986 [info] > git for-each-ref --format=%(refname)%00%(upstream:short)%00%(objectname)%00%(upstream:track)%00%(upstream:remotename)%00%(upstream:remoteref) refs/heads/main refs/remotes/main [3ms]
2025-09-03 15:21:37.048 [info] > git for-each-ref --sort -committerdate --format %(refname)%00%(objectname)%00%(*objectname) [3ms]
2025-09-03 15:21:37.249 [info] > git status -z -uall [234ms]
2025-09-03 15:21:42.082 [info] > git show --textconv :public/app.js [25ms]
2025-09-03 15:21:42.085 [info] > git ls-files --stage -- public/app.js [5ms]
2025-09-03 15:21:42.108 [info] > git cat-file -s 757de021d410685e97662932ca39d0f127f9127d [2ms]
2025-09-03 15:21:42.517 [info] > git config --get commit.template [25ms]
2025-09-03 15:21:42.520 [info] > git for-each-ref --format=%(refname)%00%(upstream:short)%00%(objectname)%00%(upstream:track)%00%(upstream:remotename)%00%(upstream:remoteref) refs/heads/main refs/remotes/main [4ms]
2025-09-03 15:21:42.573 [info] > git for-each-ref --sort -committerdate --format %(refname)%00%(objectname)%00%(*objectname) [3ms]
2025-09-03 15:21:42.698 [info] > git status -z -uall [153ms]
2025-09-03 15:25:07.464 [info] > git show --textconv :public/index.html [29ms]
2025-09-03 15:25:07.467 [info] > git ls-files --stage -- public/index.html [5ms]
2025-09-03 15:25:07.493 [info] > git cat-file -s 0f37b3cab3d8e06bc68a9fed8d87dd41f8e1708e [2ms]
2025-09-03 15:25:12.724 [info] > git show --textconv :public/app.js [23ms]
2025-09-03 15:25:12.728 [info] > git ls-files --stage -- public/app.js [5ms]
2025-09-03 15:25:12.751 [info] > git cat-file -s 757de021d410685e97662932ca39d0f127f9127d [2ms]
2025-09-03 15:35:02.267 [info] > git config --get commit.template [27ms]
2025-09-03 15:35:02.268 [info] > git for-each-ref --format=%(refname)%00%(upstream:short)%00%(objectname)%00%(upstream:track)%00%(upstream:remotename)%00%(upstream:remoteref) refs/heads/main refs/remotes/main [3ms]
2025-09-03 15:35:02.320 [info] > git for-each-ref --sort -committerdate --format %(refname)%00%(objectname)%00%(*objectname) [2ms]
2025-09-03 15:35:02.467 [info] > git status -z -uall [176ms]
2025-09-03 15:35:07.711 [info] > git config --get commit.template [24ms]
2025-09-03 15:35:07.712 [info] > git for-each-ref --format=%(refname)%00%(upstream:short)%00%(objectname)%00%(upstream:track)%00%(upstream:remotename)%00%(upstream:remoteref) refs/heads/main refs/remotes/main [2ms]
2025-09-03 15:35:07.765 [info] > git for-each-ref --sort -committerdate --format %(refname)%00%(objectname)%00%(*objectname) [3ms]
2025-09-03 15:35:07.894 [info] > git status -z -uall [158ms]
2025-09-03 15:38:34.980 [info] > git config --get commit.template [24ms]
2025-09-03 15:38:34.984 [info] > git for-each-ref --format=%(refname)%00%(upstream:short)%00%(objectname)%00%(upstream:track)%00%(upstream:remotename)%00%(upstream:remoteref) refs/heads/main refs/remotes/main [5ms]
2025-09-03 15:38:35.038 [info] > git for-each-ref --sort -committerdate --format %(refname)%00%(objectname)%00%(*objectname) [3ms]
2025-09-03 15:38:35.172 [info] > git status -z -uall [163ms]
