2025-09-05 13:51:12.344 [info] [main] Log level: Info
2025-09-05 13:51:12.344 [info] [main] Validating found git in: "git"
2025-09-05 13:51:12.344 [info] [main] Using git "2.43.0" from "git"
2025-09-05 13:51:12.344 [info] [Model][doInitialScan] Initial repository scan started
2025-09-05 13:51:12.344 [info] > git rev-parse --show-toplevel [3ms]
2025-09-05 13:51:12.344 [info] > git rev-parse --git-dir --git-common-dir [2ms]
2025-09-05 13:51:12.344 [info] [Model][openRepository] Opened repository (path): /home/gabrielblucas
2025-09-05 13:51:12.344 [info] [Model][openRepository] Opened repository (real path): /home/gabrielblucas
2025-09-05 13:51:12.344 [info] > git config --get commit.template [8ms]
2025-09-05 13:51:12.344 [info] > git rev-parse --show-toplevel [8ms]
2025-09-05 13:51:12.344 [info] > git for-each-ref --format=%(refname)%00%(upstream:short)%00%(objectname)%00%(upstream:track)%00%(upstream:remotename)%00%(upstream:remoteref) refs/heads/main refs/remotes/main [8ms]
2025-09-05 13:51:12.344 [info] > git rev-parse --show-toplevel [3ms]
2025-09-05 13:51:12.344 [info] > git status -z -uall [2245ms]
2025-09-05 13:51:12.344 [info] > git for-each-ref --sort -committerdate --format %(refname)%00%(objectname)%00%(*objectname) [2240ms]
2025-09-05 13:51:12.344 [info] > git rev-parse --show-toplevel [2252ms]
2025-09-05 13:51:12.344 [info] > git for-each-ref --format=%(refname)%00%(upstream:short)%00%(objectname)%00%(upstream:track)%00%(upstream:remotename)%00%(upstream:remoteref) refs/heads/main refs/remotes/main [11ms]
2025-09-05 13:51:12.344 [info] > git rev-parse --show-toplevel [79ms]
2025-09-05 13:51:12.344 [info] > git config --get commit.template [13ms]
2025-09-05 13:51:12.344 [info] > git config --get --local branch.main.vscode-merge-base [8ms]
2025-09-05 13:51:12.344 [warning] [Git][config] git config failed: Failed to execute git
2025-09-05 13:51:12.344 [info] > git rev-parse --show-toplevel [16ms]
2025-09-05 13:51:12.344 [info] > git for-each-ref --format=%(refname)%00%(upstream:short)%00%(objectname)%00%(upstream:track)%00%(upstream:remotename)%00%(upstream:remoteref) refs/heads/main refs/remotes/main [7ms]
2025-09-05 13:51:12.344 [info] > git reflog main --grep-reflog=branch: Created from *. [14ms]
2025-09-05 13:51:12.344 [info] > git rev-parse --show-toplevel [7ms]
2025-09-05 13:51:12.352 [info] > git symbolic-ref --short refs/remotes/origin/HEAD [9ms]
2025-09-05 13:51:12.352 [info] fatal: ref refs/remotes/origin/HEAD is not a symbolic ref
2025-09-05 13:51:12.352 [warning] [Repository][getDefaultBranch] Failed to get default branch details: Failed to execute git.
2025-09-05 13:51:12.369 [info] > git rev-parse --show-toplevel [20ms]
2025-09-05 13:51:12.376 [info] > git merge-base refs/heads/main refs/remotes/origin/main [18ms]
2025-09-05 13:51:12.522 [info] > git diff --name-status -z --diff-filter=ADMR 6d9c630507338b941491efc1360b200c6e082f10...refs/remotes/origin/main [128ms]
2025-09-05 13:51:12.523 [info] > git rev-parse --show-toplevel [148ms]
2025-09-05 13:51:12.523 [info] > git for-each-ref --sort -committerdate --format %(refname)%00%(objectname)%00%(*objectname) [155ms]
2025-09-05 13:51:12.572 [info] > git status -z -uall [208ms]
2025-09-05 13:51:12.582 [info] > git rev-parse --show-toplevel [17ms]
2025-09-05 13:51:12.667 [info] > git rev-parse --show-toplevel [65ms]
2025-09-05 13:51:12.668 [info] [Model][doInitialScan] Initial repository scan completed - repositories (1), closed repositories (0), parent repositories (0), unsafe repositories (0)
2025-09-05 13:51:15.215 [info] > git check-ignore -v -z --stdin [60ms]
2025-09-05 13:54:29.851 [info] > git check-ignore -v -z --stdin [11ms]
2025-09-05 13:54:45.353 [info] > git config --get commit.template [11ms]
2025-09-05 13:54:45.354 [info] > git for-each-ref --format=%(refname)%00%(upstream:short)%00%(objectname)%00%(upstream:track)%00%(upstream:remotename)%00%(upstream:remoteref) refs/heads/main refs/remotes/main [3ms]
2025-09-05 13:54:45.387 [info] > git for-each-ref --sort -committerdate --format %(refname)%00%(objectname)%00%(*objectname) [3ms]
2025-09-05 13:54:45.517 [info] > git status -z -uall [153ms]
2025-09-05 13:54:50.558 [info] > git for-each-ref --format=%(refname)%00%(upstream:short)%00%(objectname)%00%(upstream:track)%00%(upstream:remotename)%00%(upstream:remoteref) refs/heads/main refs/remotes/main [3ms]
2025-09-05 13:54:50.559 [info] > git config --get commit.template [14ms]
2025-09-05 13:54:50.592 [info] > git for-each-ref --sort -committerdate --format %(refname)%00%(objectname)%00%(*objectname) [4ms]
2025-09-05 13:54:50.730 [info] > git status -z -uall [160ms]
2025-09-05 13:54:54.979 [info] > git show --textconv :public/app.js [27ms]
2025-09-05 13:54:54.991 [info] > git ls-files --stage -- public/app.js [16ms]
2025-09-05 13:54:55.036 [info] > git cat-file -s bb61c502dadecab47915e3b7f5d712f1bd3d3f56 [15ms]
2025-09-05 13:54:55.813 [info] > git check-ignore -v -z --stdin [24ms]
2025-09-05 13:56:09.690 [info] > git blame --root --incremental 6d9c630507338b941491efc1360b200c6e082f10 -- public/app.js [5ms]
2025-09-05 13:56:26.800 [info] > git config --get commit.template [11ms]
2025-09-05 13:56:26.802 [info] > git for-each-ref --format=%(refname)%00%(upstream:short)%00%(objectname)%00%(upstream:track)%00%(upstream:remotename)%00%(upstream:remoteref) refs/heads/main refs/remotes/main [2ms]
2025-09-05 13:56:26.845 [info] > git for-each-ref --sort -committerdate --format %(refname)%00%(objectname)%00%(*objectname) [3ms]
2025-09-05 13:56:26.968 [info] > git status -z -uall [155ms]
2025-09-05 13:57:44.314 [info] > git config --get commit.template [12ms]
2025-09-05 13:57:44.316 [info] > git for-each-ref --format=%(refname)%00%(upstream:short)%00%(objectname)%00%(upstream:track)%00%(upstream:remotename)%00%(upstream:remoteref) refs/heads/main refs/remotes/main [3ms]
2025-09-05 13:57:44.355 [info] > git for-each-ref --sort -committerdate --format %(refname)%00%(objectname)%00%(*objectname) [5ms]
2025-09-05 13:57:44.484 [info] > git status -z -uall [156ms]
2025-09-05 13:57:49.541 [info] > git config --get commit.template [14ms]
2025-09-05 13:57:49.542 [info] > git for-each-ref --format=%(refname)%00%(upstream:short)%00%(objectname)%00%(upstream:track)%00%(upstream:remotename)%00%(upstream:remoteref) refs/heads/main refs/remotes/main [3ms]
2025-09-05 13:57:49.596 [info] > git for-each-ref --sort -committerdate --format %(refname)%00%(objectname)%00%(*objectname) [9ms]
2025-09-05 13:57:49.728 [info] > git status -z -uall [171ms]
2025-09-05 14:01:28.991 [info] > git config --get commit.template [11ms]
2025-09-05 14:01:28.993 [info] > git for-each-ref --format=%(refname)%00%(upstream:short)%00%(objectname)%00%(upstream:track)%00%(upstream:remotename)%00%(upstream:remoteref) refs/heads/main refs/remotes/main [2ms]
2025-09-05 14:01:29.029 [info] > git for-each-ref --sort -committerdate --format %(refname)%00%(objectname)%00%(*objectname) [6ms]
2025-09-05 14:01:29.165 [info] > git status -z -uall [161ms]
2025-09-05 14:01:34.194 [info] > git config --get commit.template [3ms]
2025-09-05 14:01:34.208 [info] > git for-each-ref --format=%(refname)%00%(upstream:short)%00%(objectname)%00%(upstream:track)%00%(upstream:remotename)%00%(upstream:remoteref) refs/heads/main refs/remotes/main [3ms]
2025-09-05 14:01:34.249 [info] > git for-each-ref --sort -committerdate --format %(refname)%00%(objectname)%00%(*objectname) [5ms]
2025-09-05 14:01:34.386 [info] > git status -z -uall [165ms]
2025-09-05 14:02:12.034 [info] > git config --get commit.template [12ms]
2025-09-05 14:02:12.035 [info] > git for-each-ref --format=%(refname)%00%(upstream:short)%00%(objectname)%00%(upstream:track)%00%(upstream:remotename)%00%(upstream:remoteref) refs/heads/main refs/remotes/main [3ms]
2025-09-05 14:02:12.069 [info] > git for-each-ref --sort -committerdate --format %(refname)%00%(objectname)%00%(*objectname) [3ms]
2025-09-05 14:02:12.202 [info] > git status -z -uall [155ms]
2025-09-05 14:02:17.242 [info] > git config --get commit.template [12ms]
2025-09-05 14:02:17.243 [info] > git for-each-ref --format=%(refname)%00%(upstream:short)%00%(objectname)%00%(upstream:track)%00%(upstream:remotename)%00%(upstream:remoteref) refs/heads/main refs/remotes/main [2ms]
2025-09-05 14:02:17.286 [info] > git for-each-ref --sort -committerdate --format %(refname)%00%(objectname)%00%(*objectname) [4ms]
2025-09-05 14:02:17.412 [info] > git status -z -uall [158ms]
2025-09-05 14:02:55.077 [info] > git config --get commit.template [12ms]
2025-09-05 14:02:55.079 [info] > git for-each-ref --format=%(refname)%00%(upstream:short)%00%(objectname)%00%(upstream:track)%00%(upstream:remotename)%00%(upstream:remoteref) refs/heads/main refs/remotes/main [3ms]
2025-09-05 14:02:55.119 [info] > git for-each-ref --sort -committerdate --format %(refname)%00%(objectname)%00%(*objectname) [3ms]
2025-09-05 14:02:55.248 [info] > git status -z -uall [158ms]
2025-09-05 14:03:00.283 [info] > git config --get commit.template [11ms]
2025-09-05 14:03:00.285 [info] > git for-each-ref --format=%(refname)%00%(upstream:short)%00%(objectname)%00%(upstream:track)%00%(upstream:remotename)%00%(upstream:remoteref) refs/heads/main refs/remotes/main [2ms]
2025-09-05 14:03:00.325 [info] > git for-each-ref --sort -committerdate --format %(refname)%00%(objectname)%00%(*objectname) [1ms]
2025-09-05 14:03:00.456 [info] > git status -z -uall [159ms]
2025-09-05 14:03:07.980 [info] > git config --get commit.template [12ms]
2025-09-05 14:03:07.981 [info] > git for-each-ref --format=%(refname)%00%(upstream:short)%00%(objectname)%00%(upstream:track)%00%(upstream:remotename)%00%(upstream:remoteref) refs/heads/main refs/remotes/main [2ms]
2025-09-05 14:03:08.026 [info] > git for-each-ref --sort -committerdate --format %(refname)%00%(objectname)%00%(*objectname) [3ms]
2025-09-05 14:03:08.153 [info] > git status -z -uall [161ms]
2025-09-05 14:03:46.987 [info] > git config --get commit.template [13ms]
2025-09-05 14:03:47.000 [info] > git for-each-ref --format=%(refname)%00%(upstream:short)%00%(objectname)%00%(upstream:track)%00%(upstream:remotename)%00%(upstream:remoteref) refs/heads/main refs/remotes/main [2ms]
2025-09-05 14:03:47.044 [info] > git for-each-ref --sort -committerdate --format %(refname)%00%(objectname)%00%(*objectname) [10ms]
2025-09-05 14:03:47.173 [info] > git status -z -uall [161ms]
2025-09-05 14:03:52.223 [info] > git for-each-ref --format=%(refname)%00%(upstream:short)%00%(objectname)%00%(upstream:track)%00%(upstream:remotename)%00%(upstream:remoteref) refs/heads/main refs/remotes/main [13ms]
2025-09-05 14:03:52.223 [info] > git config --get commit.template [24ms]
2025-09-05 14:03:52.269 [info] > git for-each-ref --sort -committerdate --format %(refname)%00%(objectname)%00%(*objectname) [5ms]
2025-09-05 14:03:52.400 [info] > git status -z -uall [164ms]
2025-09-05 14:06:56.833 [info] > git show --textconv :handlers.js [13ms]
2025-09-05 14:06:56.840 [info] > git ls-files --stage -- handlers.js [9ms]
2025-09-05 14:06:56.855 [info] > git cat-file -s e69de29bb2d1d6434b8b29ae775ad8c2e48c5391 [4ms]
2025-09-05 14:07:05.719 [info] > git config --get commit.template [11ms]
2025-09-05 14:07:05.733 [info] > git for-each-ref --format=%(refname)%00%(upstream:short)%00%(objectname)%00%(upstream:track)%00%(upstream:remotename)%00%(upstream:remoteref) refs/heads/main refs/remotes/main [3ms]
2025-09-05 14:07:05.777 [info] > git for-each-ref --sort -committerdate --format %(refname)%00%(objectname)%00%(*objectname) [4ms]
2025-09-05 14:07:05.899 [info] > git status -z -uall [155ms]
2025-09-05 14:07:10.938 [info] > git config --get commit.template [12ms]
2025-09-05 14:07:10.940 [info] > git for-each-ref --format=%(refname)%00%(upstream:short)%00%(objectname)%00%(upstream:track)%00%(upstream:remotename)%00%(upstream:remoteref) refs/heads/main refs/remotes/main [3ms]
2025-09-05 14:07:10.972 [info] > git for-each-ref --sort -committerdate --format %(refname)%00%(objectname)%00%(*objectname) [1ms]
2025-09-05 14:07:11.112 [info] > git status -z -uall [160ms]
2025-09-05 14:08:16.364 [info] > git check-ignore -v -z --stdin [31ms]
2025-09-05 14:08:16.365 [info] > git show --textconv :public/modules [19ms]
2025-09-05 14:08:16.379 [info] > git ls-files --stage -- public/modules [17ms]
2025-09-05 14:08:16.393 [info] > git hash-object -t tree /dev/null [15ms]
2025-09-05 14:08:16.394 [warning] [GitFileSystemProvider][readFile] File not found - git:/home/gabrielblucas/public/modules.git?%7B%22path%22%3A%22%2Fhome%2Fgabrielblucas%2Fpublic%2Fmodules%22%2C%22ref%22%3A%22%22%7D
2025-09-05 14:08:16.402 [info] > git hash-object -t tree /dev/null [12ms]
2025-09-05 14:08:16.403 [warning] [GitFileSystemProvider][stat] File not found - git:/home/gabrielblucas/public/modules.git?%7B%22path%22%3A%22%2Fhome%2Fgabrielblucas%2Fpublic%2Fmodules%22%2C%22ref%22%3A%22%22%7D
2025-09-05 14:08:28.067 [info] > git show --textconv :handlers.js [12ms]
2025-09-05 14:08:28.075 [info] > git ls-files --stage -- handlers.js [9ms]
2025-09-05 14:08:28.090 [info] > git cat-file -s e69de29bb2d1d6434b8b29ae775ad8c2e48c5391 [4ms]
2025-09-05 14:08:57.881 [info] > git show --textconv :public/modules/ui.js [32ms]
2025-09-05 14:08:57.881 [info] > git ls-files --stage -- public/modules/ui.js [16ms]
2025-09-05 14:08:57.882 [warning] [GitFileSystemProvider][stat] File not found - git:/home/gabrielblucas/public/modules/ui.js.git?%7B%22path%22%3A%22%2Fhome%2Fgabrielblucas%2Fpublic%2Fmodules%2Fui.js%22%2C%22ref%22%3A%22%22%7D
2025-09-05 14:08:57.882 [warning] [GitFileSystemProvider][readFile] File not found - git:/home/gabrielblucas/public/modules/ui.js.git?%7B%22path%22%3A%22%2Fhome%2Fgabrielblucas%2Fpublic%2Fmodules%2Fui.js%22%2C%22ref%22%3A%22%22%7D
2025-09-05 14:08:57.888 [info] > git check-ignore -v -z --stdin [12ms]
2025-09-05 14:09:11.505 [info] > git show --textconv :public/modules/handler.js [28ms]
2025-09-05 14:09:11.506 [info] > git ls-files --stage -- public/modules/handler.js [15ms]
2025-09-05 14:09:11.507 [warning] [GitFileSystemProvider][stat] File not found - git:/home/gabrielblucas/public/modules/handler.js.git?%7B%22path%22%3A%22%2Fhome%2Fgabrielblucas%2Fpublic%2Fmodules%2Fhandler.js%22%2C%22ref%22%3A%22%22%7D
2025-09-05 14:09:11.508 [warning] [GitFileSystemProvider][readFile] File not found - git:/home/gabrielblucas/public/modules/handler.js.git?%7B%22path%22%3A%22%2Fhome%2Fgabrielblucas%2Fpublic%2Fmodules%2Fhandler.js%22%2C%22ref%22%3A%22%22%7D
2025-09-05 14:09:11.512 [info] > git check-ignore -v -z --stdin [10ms]
2025-09-05 14:09:45.037 [info] > git check-ignore -v -z --stdin [43ms]
2025-09-05 14:09:45.038 [info] > git show --textconv :public/modules/handlers.js [22ms]
2025-09-05 14:09:45.039 [warning] [GitFileSystemProvider][readFile] File not found - git:/home/gabrielblucas/public/modules/handlers.js.git?%7B%22path%22%3A%22%2Fhome%2Fgabrielblucas%2Fpublic%2Fmodules%2Fhandlers.js%22%2C%22ref%22%3A%22%22%7D
2025-09-05 14:09:45.047 [info] > git ls-files --stage -- public/modules/handlers.js [11ms]
2025-09-05 14:09:45.048 [warning] [GitFileSystemProvider][stat] File not found - git:/home/gabrielblucas/public/modules/handlers.js.git?%7B%22path%22%3A%22%2Fhome%2Fgabrielblucas%2Fpublic%2Fmodules%2Fhandlers.js%22%2C%22ref%22%3A%22%22%7D
2025-09-05 14:09:49.339 [info] > git blame --root --incremental 6d9c630507338b941491efc1360b200c6e082f10 -- public/modules/handlers.js [4ms]
2025-09-05 14:09:49.339 [info] fatal: no such path public/modules/handlers.js in 6d9c630507338b941491efc1360b200c6e082f10
2025-09-05 14:09:55.759 [info] > git show --textconv :public/modules/ui.js [12ms]
2025-09-05 14:09:55.760 [warning] [GitFileSystemProvider][readFile] File not found - git:/home/gabrielblucas/public/modules/ui.js.git?%7B%22path%22%3A%22%2Fhome%2Fgabrielblucas%2Fpublic%2Fmodules%2Fui.js%22%2C%22ref%22%3A%22%22%7D
2025-09-05 14:09:55.765 [info] > git ls-files --stage -- public/modules/ui.js [8ms]
2025-09-05 14:09:55.766 [warning] [GitFileSystemProvider][stat] File not found - git:/home/gabrielblucas/public/modules/ui.js.git?%7B%22path%22%3A%22%2Fhome%2Fgabrielblucas%2Fpublic%2Fmodules%2Fui.js%22%2C%22ref%22%3A%22%22%7D
2025-09-05 14:09:56.477 [info] > git blame --root --incremental 6d9c630507338b941491efc1360b200c6e082f10 -- public/modules/ui.js [7ms]
2025-09-05 14:09:56.477 [info] fatal: no such path public/modules/ui.js in 6d9c630507338b941491efc1360b200c6e082f10
2025-09-05 14:13:16.017 [info] > git config --get commit.template [12ms]
2025-09-05 14:13:16.019 [info] > git for-each-ref --format=%(refname)%00%(upstream:short)%00%(objectname)%00%(upstream:track)%00%(upstream:remotename)%00%(upstream:remoteref) refs/heads/main refs/remotes/main [2ms]
2025-09-05 14:13:16.068 [info] > git for-each-ref --sort -committerdate --format %(refname)%00%(objectname)%00%(*objectname) [9ms]
2025-09-05 14:13:16.280 [info] > git status -z -uall [250ms]
2025-09-05 14:13:17.403 [info] > git show --textconv :public/index.html [29ms]
2025-09-05 14:13:17.415 [info] > git ls-files --stage -- public/index.html [15ms]
2025-09-05 14:13:17.437 [info] > git cat-file -s 6d958f49eb9dbbc94caa5553db44e673d527008b [6ms]
2025-09-05 14:13:17.888 [info] > git blame --root --incremental 6d9c630507338b941491efc1360b200c6e082f10 -- public/index.html [10ms]
2025-09-05 14:13:48.591 [info] > git config --get commit.template [13ms]
2025-09-05 14:13:48.593 [info] > git for-each-ref --format=%(refname)%00%(upstream:short)%00%(objectname)%00%(upstream:track)%00%(upstream:remotename)%00%(upstream:remoteref) refs/heads/main refs/remotes/main [3ms]
2025-09-05 14:13:48.637 [info] > git for-each-ref --sort -committerdate --format %(refname)%00%(objectname)%00%(*objectname) [5ms]
2025-09-05 14:13:48.763 [info] > git status -z -uall [157ms]
2025-09-05 14:14:02.277 [info] > git config --get commit.template [4ms]
2025-09-05 14:14:02.292 [info] > git for-each-ref --format=%(refname)%00%(upstream:short)%00%(objectname)%00%(upstream:track)%00%(upstream:remotename)%00%(upstream:remoteref) refs/heads/main refs/remotes/main [3ms]
2025-09-05 14:14:02.331 [info] > git for-each-ref --sort -committerdate --format %(refname)%00%(objectname)%00%(*objectname) [6ms]
2025-09-05 14:14:02.475 [info] > git status -z -uall [172ms]
2025-09-05 14:14:06.949 [info] > git show --textconv :public/index.html [12ms]
2025-09-05 14:14:06.956 [info] > git ls-files --stage -- public/index.html [8ms]
2025-09-05 14:14:06.969 [info] > git cat-file -s 6d958f49eb9dbbc94caa5553db44e673d527008b [2ms]
2025-09-05 14:17:31.059 [info] > git config --get commit.template [6ms]
2025-09-05 14:17:31.074 [info] > git for-each-ref --format=%(refname)%00%(upstream:short)%00%(objectname)%00%(upstream:track)%00%(upstream:remotename)%00%(upstream:remoteref) refs/heads/main refs/remotes/main [3ms]
2025-09-05 14:17:31.107 [info] > git for-each-ref --sort -committerdate --format %(refname)%00%(objectname)%00%(*objectname) [5ms]
2025-09-05 14:17:31.249 [info] > git status -z -uall [164ms]
2025-09-05 14:17:36.283 [info] > git config --get commit.template [12ms]
2025-09-05 14:17:36.297 [info] > git for-each-ref --format=%(refname)%00%(upstream:short)%00%(objectname)%00%(upstream:track)%00%(upstream:remotename)%00%(upstream:remoteref) refs/heads/main refs/remotes/main [2ms]
2025-09-05 14:17:36.342 [info] > git for-each-ref --sort -committerdate --format %(refname)%00%(objectname)%00%(*objectname) [7ms]
2025-09-05 14:17:36.472 [info] > git status -z -uall [163ms]
2025-09-05 14:22:33.771 [info] > git config --get commit.template [13ms]
2025-09-05 14:22:33.774 [info] > git for-each-ref --format=%(refname)%00%(upstream:short)%00%(objectname)%00%(upstream:track)%00%(upstream:remotename)%00%(upstream:remoteref) refs/heads/main refs/remotes/main [4ms]
2025-09-05 14:22:33.815 [info] > git for-each-ref --sort -committerdate --format %(refname)%00%(objectname)%00%(*objectname) [9ms]
2025-09-05 14:22:33.949 [info] > git status -z -uall [163ms]
2025-09-05 14:22:38.991 [info] > git config --get commit.template [14ms]
2025-09-05 14:22:38.992 [info] > git for-each-ref --format=%(refname)%00%(upstream:short)%00%(objectname)%00%(upstream:track)%00%(upstream:remotename)%00%(upstream:remoteref) refs/heads/main refs/remotes/main [4ms]
2025-09-05 14:22:39.033 [info] > git for-each-ref --sort -committerdate --format %(refname)%00%(objectname)%00%(*objectname) [7ms]
2025-09-05 14:22:39.168 [info] > git status -z -uall [164ms]
