Initializing document watcher...
Document watcher initialized
gabrielblucas/public/app.js: {}
gabrielblucas/public/app.js: Using EditorConfig core...
gabrielblucas/public/app.js: {}
gabrielblucas/public/app.js: {}
gabrielblucas/public/app.js: {}
gabrielblucas/.codeoss/data/User/History/723e6793/qjT1.js: {}
gabrielblucas/.codeoss/data/User/History/723e6793/qjT1.js: Using EditorConfig core...
gabrielblucas/.codeoss/data/User/History/723e6793/qjT1.js: {}
gabrielblucas/.codeoss/data/User/History/723e6793/qjT1.js: {}
gabrielblucas/functions/index.js: {}
gabrielblucas/functions/index.js: Using EditorConfig core...
gabrielblucas/functions/index.js: {}
gabrielblucas/functions/index.js: {}
gabrielblucas/public/app.js: {}
gabrielblucas/public/app.js: {}
gabrielblucas/public/app.js: Using EditorConfig core...
gabrielblucas/functions/index.js: {}
gabrielblucas/public/profile.js: {}
gabrielblucas/functions/index.js: Using EditorConfig core...
gabrielblucas/public/profile.js: Using EditorConfig core...
gabrielblucas/public/profile.js: {}
gabrielblucas/public/app.js: {}
gabrielblucas/public/app.js: {}
gabrielblucas/functions/index.js: {}
gabrielblucas/public/profile.js: {}
gabrielblucas/public/login.html: {}
gabrielblucas/public/login.html: {}
gabrielblucas/public/login.html: {}
gabrielblucas/public/index.html: {}
No more open editors.
gabrielblucas/public/login.html: {}
gabrielblucas/public/index.html: {}
gabrielblucas/public/login.html: {}
gabrielblucas/public/login.html: Using EditorConfig core...
gabrielblucas/public/login.html: {}
gabrielblucas/public/login.html: Using EditorConfig core...
gabrielblucas/public/login.html: {}
gabrielblucas/public/login.html: {}
gabrielblucas/public/login.html: {}
gabrielblucas/public/login.html: Using EditorConfig core...
gabrielblucas/public/login.html: {}
gabrielblucas/public/index.html: {}
gabrielblucas/public/index.html: {}
gabrielblucas/public/index.html: Using EditorConfig core...
gabrielblucas/public/app.js: {}
gabrielblucas/public/app.js: Using EditorConfig core...
gabrielblucas/public/app.js: {}
gabrielblucas/public/index.html: {}
gabrielblucas/public/index.html: {}
gabrielblucas/public/app.js: {}
No more open editors.
gabrielblucas/functions/index.js: {}
gabrielblucas/functions/index.js: {}
gabrielblucas/functions/index.js: {}
gabrielblucas/functions/index.js: {}
gabrielblucas/functions/index.js: Using EditorConfig core...
gabrielblucas/functions/index.js: Using EditorConfig core...
gabrielblucas/functions/index.js: {}
gabrielblucas/functions/index.js: Using EditorConfig core...
gabrielblucas/functions/index.js: {}
gabrielblucas/functions/index.js: {}
gabrielblucas/functions/index.js: Using EditorConfig core...
gabrielblucas/functions/index.js: {}
gabrielblucas/functions/index.js: {}
gabrielblucas/firebase.json: {}
gabrielblucas/firebase.json: {}
gabrielblucas/firebase.json: Using EditorConfig core...
gabrielblucas/functions/package.json: {}
gabrielblucas/functions/package.json: Using EditorConfig core...
gabrielblucas/functions/package.json: {}
gabrielblucas/firebase.json: {}
gabrielblucas/firebase.json: {}
gabrielblucas/firebase.json: Using EditorConfig core...
gabrielblucas/functions/package.json: {}
gabrielblucas/functions/package.json: {}
gabrielblucas/functions/package.json: {}
gabrielblucas/functions/index.js: {}
gabrielblucas/functions/index.js: {}
gabrielblucas/functions/index.js: {}
gabrielblucas/functions/index.js: {}
/User/settings.json: Using EditorConfig core...
gabrielblucas/functions/index.js: {}
gabrielblucas/functions/index.js: {}
gabrielblucas/functions/index.js: {}
gabrielblucas/functions/index.js: {}
gabrielblucas/functions/index.js: {}
gabrielblucas/functions/index.js: {}
gabrielblucas/functions/index.js: Using EditorConfig core...
gabrielblucas/functions/index.js: {}
gabrielblucas/functions/index.js: Using EditorConfig core...
gabrielblucas/functions/index.js: Using EditorConfig core...
gabrielblucas/functions/index.js: {}
gabrielblucas/functions/index.js: {}
gabrielblucas/functions/index.js: {}
gabrielblucas/functions/index.js: Using EditorConfig core...
gabrielblucas/functions/index.js: {}
gabrielblucas/functions/index.js: Using EditorConfig core...
gabrielblucas/functions/index.js: {}
gabrielblucas/functions/index.js: Using EditorConfig core...
gabrielblucas/functions/index.js: {}
