Initializing document watcher...
Document watcher initialized
/User/settings.json: Using EditorConfig core...
/User/settings.json: Using EditorConfig core...
/User/settings.json: Using EditorConfig core...
gabrielblucas/public/app.js: {}
gabrielblucas/public/app.js: {}
gabrielblucas/public/app.js: {}
gabrielblucas/public/app.js: {}
gabrielblucas/public/app.js: {}
gabrielblucas/public/app.js: {}
gabrielblucas/public/app.js: Using EditorConfig core...
gabrielblucas/public/app.js: Using EditorConfig core...
gabrielblucas/public/app.js: Using EditorConfig core...
gabrielblucas/public/app.js: Using EditorConfig core...
gabrielblucas/public/app.js: Using EditorConfig core...
gabrielblucas/public/app.js: Using EditorConfig core...
gabrielblucas/public/app.js: {}
gabrielblucas/public/app.js: Using EditorConfig core...
gabrielblucas/public/app.js: {}
gabrielblucas/public/app.js: {}
gabrielblucas/public/app.js: {}
gabrielblucas/public/app.js: {}
gabrielblucas/public/app.js: {}
gabrielblucas/public/app.js: {}
gabrielblucas/ui.js: {}
gabrielblucas/handlers.js: {}
gabrielblucas/handlers.js: {}
gabrielblucas/handlers.js: {}
gabrielblucas/public/modules: {}
gabrielblucas/handlers.js: {}
gabrielblucas/public/modules/ui.js: {}
gabrielblucas/public/modules/handler.js: {}
gabrielblucas/public/modules/handlers.js: {}
gabrielblucas/public/modules/handlers.js: Using EditorConfig core...
gabrielblucas/public/modules/ui.js: {}
gabrielblucas/public/modules/ui.js: Using EditorConfig core...
gabrielblucas/public/modules/ui.js: {}
gabrielblucas/public/index.html: {}
gabrielblucas/public/modules/ui.js: Using EditorConfig core...
gabrielblucas/public/index.html: Using EditorConfig core...
gabrielblucas/public/index.html: {}
gabrielblucas/public/modules/ui.js: {}
gabrielblucas/public/modules/ui.js: {}
gabrielblucas/public/index.html: {}
gabrielblucas/public/modules/ui.js: {}
gabrielblucas/public/modules/ui.js: {}
gabrielblucas/public/modules/handlers.js: {}
gabrielblucas/public/modules/ui.js: Using EditorConfig core...
gabrielblucas/public/modules/handlers.js: Using EditorConfig core...
gabrielblucas/public/modules/ui.js: {}
gabrielblucas/public/modules/ui.js: {}
