2025-09-04 16:52:42.265 [info] [main] Log level: Info
2025-09-04 16:52:42.265 [info] [main] Validating found git in: "git"
2025-09-04 16:52:42.265 [info] [main] Using git "2.43.0" from "git"
2025-09-04 16:52:42.265 [info] [Model][doInitialScan] Initial repository scan started
2025-09-04 16:52:42.265 [info] > git rev-parse --show-toplevel [21ms]
2025-09-04 16:52:42.265 [info] > git rev-parse --git-dir --git-common-dir [11ms]
2025-09-04 16:52:42.265 [info] [Model][openRepository] Opened repository (path): /home/gabrielblucas
2025-09-04 16:52:42.265 [info] [Model][openRepository] Opened repository (real path): /home/gabrielblucas
2025-09-04 16:52:42.265 [info] > git config --get commit.template [38ms]
2025-09-04 16:52:42.265 [info] > git rev-parse --show-toplevel [22ms]
2025-09-04 16:52:42.265 [info] > git for-each-ref --format=%(refname)%00%(upstream:short)%00%(objectname)%00%(upstream:track)%00%(upstream:remotename)%00%(upstream:remoteref) refs/heads/main refs/remotes/main [30ms]
2025-09-04 16:52:42.265 [info] > git rev-parse --show-toplevel [9ms]
2025-09-04 16:52:42.265 [info] > git rev-parse --show-toplevel [5ms]
2025-09-04 16:52:42.265 [info] > git for-each-ref --sort -committerdate --format %(refname)%00%(objectname)%00%(*objectname) [23ms]
2025-09-04 16:52:42.265 [info] > git rev-parse --show-toplevel [6ms]
2025-09-04 16:52:42.265 [info] > git rev-parse --show-toplevel [3ms]
2025-09-04 16:52:42.265 [info] > git rev-parse --show-toplevel [13ms]
2025-09-04 16:52:42.265 [info] > git rev-parse --show-toplevel [5ms]
2025-09-04 16:52:42.265 [info] > git rev-parse --show-toplevel [22ms]
2025-09-04 16:52:42.265 [info] > git rev-parse --show-toplevel [3ms]
2025-09-04 16:52:42.265 [info] > git rev-parse --show-toplevel [6ms]
2025-09-04 16:52:42.266 [info] > git rev-parse --show-toplevel [3ms]
2025-09-04 16:52:42.266 [info] [Model][doInitialScan] Initial repository scan completed - repositories (1), closed repositories (0), parent repositories (0), unsafe repositories (0)
2025-09-04 16:52:42.266 [info] > git check-ignore -v -z --stdin [22ms]
2025-09-04 16:52:42.612 [info] > git ls-files --stage -- public/app.js [32ms]
2025-09-04 16:52:42.633 [info] > git cat-file -s 757de021d410685e97662932ca39d0f127f9127d [16ms]
2025-09-04 16:52:42.636 [info] > git show --textconv :public/app.js [61ms]
2025-09-04 16:52:43.045 [info] > git blame --root --incremental fc3ecb4759882768a4dcb4d95fab6182f853f5de -- public/app.js [85ms]
2025-09-04 16:52:44.134 [info] > git status -z -uall [6128ms]
2025-09-04 16:52:46.293 [info] > git for-each-ref --format=%(refname)%00%(upstream:short)%00%(objectname)%00%(upstream:track)%00%(upstream:remotename)%00%(upstream:remoteref) refs/heads/main refs/remotes/main [1928ms]
2025-09-04 16:52:46.324 [info] > git config --get --local branch.main.vscode-merge-base [26ms]
2025-09-04 16:52:46.325 [warning] [Git][config] git config failed: Failed to execute git
2025-09-04 16:52:46.337 [info] > git config --get commit.template [104ms]
2025-09-04 16:52:46.352 [info] > git for-each-ref --format=%(refname)%00%(upstream:short)%00%(objectname)%00%(upstream:track)%00%(upstream:remotename)%00%(upstream:remoteref) refs/heads/main refs/remotes/main [4ms]
2025-09-04 16:52:46.372 [info] > git for-each-ref --sort -committerdate --format %(refname)%00%(objectname)%00%(*objectname) [3ms]
2025-09-04 16:52:46.375 [info] > git reflog main --grep-reflog=branch: Created from *. [38ms]
2025-09-04 16:52:46.387 [info] > git symbolic-ref --short refs/remotes/origin/HEAD [4ms]
2025-09-04 16:52:46.388 [info] fatal: ref refs/remotes/origin/HEAD is not a symbolic ref
2025-09-04 16:52:46.388 [warning] [Repository][getDefaultBranch] Failed to get default branch details: Failed to execute git.
2025-09-04 16:52:46.397 [info] > git merge-base refs/heads/main refs/remotes/origin/main [1ms]
2025-09-04 16:52:46.413 [info] > git diff --name-status -z --diff-filter=ADMR fc3ecb4759882768a4dcb4d95fab6182f853f5de...refs/remotes/origin/main [7ms]
2025-09-04 16:52:46.542 [info] > git status -z -uall [183ms]
2025-09-04 16:52:50.536 [info] > git config --get commit.template [7ms]
2025-09-04 16:52:50.537 [info] > git for-each-ref --format=%(refname)%00%(upstream:short)%00%(objectname)%00%(upstream:track)%00%(upstream:remotename)%00%(upstream:remoteref) refs/heads/main refs/remotes/main [2ms]
2025-09-04 16:52:50.554 [info] > git for-each-ref --sort -committerdate --format %(refname)%00%(objectname)%00%(*objectname) [2ms]
2025-09-04 16:52:50.688 [info] > git status -z -uall [144ms]
2025-09-04 16:52:57.589 [info] > git config --get commit.template [7ms]
2025-09-04 16:52:57.591 [info] > git for-each-ref --format=%(refname)%00%(upstream:short)%00%(objectname)%00%(upstream:track)%00%(upstream:remotename)%00%(upstream:remoteref) refs/heads/main refs/remotes/main [3ms]
2025-09-04 16:52:57.606 [info] > git for-each-ref --sort -committerdate --format %(refname)%00%(objectname)%00%(*objectname) [2ms]
2025-09-04 16:52:57.738 [info] > git status -z -uall [141ms]
2025-09-04 16:53:02.873 [info] > git config --get commit.template [6ms]
2025-09-04 16:53:02.875 [info] > git for-each-ref --format=%(refname)%00%(upstream:short)%00%(objectname)%00%(upstream:track)%00%(upstream:remotename)%00%(upstream:remoteref) refs/heads/main refs/remotes/main [4ms]
2025-09-04 16:53:02.907 [info] > git for-each-ref --sort -committerdate --format %(refname)%00%(objectname)%00%(*objectname) [6ms]
2025-09-04 16:53:03.081 [info] > git status -z -uall [189ms]
2025-09-04 16:53:08.227 [info] > git config --get commit.template [6ms]
2025-09-04 16:53:08.228 [info] > git for-each-ref --format=%(refname)%00%(upstream:short)%00%(objectname)%00%(upstream:track)%00%(upstream:remotename)%00%(upstream:remoteref) refs/heads/main refs/remotes/main [3ms]
2025-09-04 16:53:08.248 [info] > git for-each-ref --sort -committerdate --format %(refname)%00%(objectname)%00%(*objectname) [3ms]
2025-09-04 16:53:08.388 [info] > git status -z -uall [152ms]
2025-09-04 16:53:13.510 [info] > git config --get commit.template [6ms]
2025-09-04 16:53:13.511 [info] > git for-each-ref --format=%(refname)%00%(upstream:short)%00%(objectname)%00%(upstream:track)%00%(upstream:remotename)%00%(upstream:remoteref) refs/heads/main refs/remotes/main [2ms]
2025-09-04 16:53:13.529 [info] > git for-each-ref --sort -committerdate --format %(refname)%00%(objectname)%00%(*objectname) [2ms]
2025-09-04 16:53:13.664 [info] > git status -z -uall [147ms]
2025-09-04 16:53:18.815 [info] > git config --get commit.template [6ms]
2025-09-04 16:53:18.816 [info] > git for-each-ref --format=%(refname)%00%(upstream:short)%00%(objectname)%00%(upstream:track)%00%(upstream:remotename)%00%(upstream:remoteref) refs/heads/main refs/remotes/main [3ms]
2025-09-04 16:53:18.833 [info] > git for-each-ref --sort -committerdate --format %(refname)%00%(objectname)%00%(*objectname) [3ms]
2025-09-04 16:53:18.963 [info] > git status -z -uall [139ms]
2025-09-04 16:53:24.095 [info] > git config --get commit.template [6ms]
2025-09-04 16:53:24.097 [info] > git for-each-ref --format=%(refname)%00%(upstream:short)%00%(objectname)%00%(upstream:track)%00%(upstream:remotename)%00%(upstream:remoteref) refs/heads/main refs/remotes/main [2ms]
2025-09-04 16:53:24.113 [info] > git for-each-ref --sort -committerdate --format %(refname)%00%(objectname)%00%(*objectname) [3ms]
2025-09-04 16:53:24.250 [info] > git status -z -uall [147ms]
2025-09-04 16:53:29.375 [info] > git config --get commit.template [7ms]
2025-09-04 16:53:29.376 [info] > git for-each-ref --format=%(refname)%00%(upstream:short)%00%(objectname)%00%(upstream:track)%00%(upstream:remotename)%00%(upstream:remoteref) refs/heads/main refs/remotes/main [2ms]
2025-09-04 16:53:29.397 [info] > git for-each-ref --sort -committerdate --format %(refname)%00%(objectname)%00%(*objectname) [2ms]
2025-09-04 16:53:29.529 [info] > git status -z -uall [143ms]
2025-09-04 16:53:42.033 [info] > git config --get commit.template [3ms]
2025-09-04 16:53:42.183 [info] > git for-each-ref --format=%(refname)%00%(upstream:short)%00%(objectname)%00%(upstream:track)%00%(upstream:remotename)%00%(upstream:remoteref) refs/heads/main refs/remotes/main [144ms]
2025-09-04 16:53:42.203 [info] > git for-each-ref --sort -committerdate --format %(refname)%00%(objectname)%00%(*objectname) [3ms]
2025-09-04 16:53:42.340 [info] > git status -z -uall [149ms]
2025-09-04 16:53:49.195 [info] > git config --get commit.template [8ms]
2025-09-04 16:53:49.197 [info] > git for-each-ref --format=%(refname)%00%(upstream:short)%00%(objectname)%00%(upstream:track)%00%(upstream:remotename)%00%(upstream:remoteref) refs/heads/main refs/remotes/main [3ms]
2025-09-04 16:53:49.217 [info] > git for-each-ref --sort -committerdate --format %(refname)%00%(objectname)%00%(*objectname) [2ms]
2025-09-04 16:53:49.347 [info] > git status -z -uall [143ms]
2025-09-04 16:53:54.483 [info] > git config --get commit.template [6ms]
2025-09-04 16:53:54.484 [info] > git for-each-ref --format=%(refname)%00%(upstream:short)%00%(objectname)%00%(upstream:track)%00%(upstream:remotename)%00%(upstream:remoteref) refs/heads/main refs/remotes/main [2ms]
2025-09-04 16:53:54.502 [info] > git for-each-ref --sort -committerdate --format %(refname)%00%(objectname)%00%(*objectname) [2ms]
2025-09-04 16:53:54.638 [info] > git status -z -uall [147ms]
2025-09-04 16:53:59.762 [info] > git config --get commit.template [9ms]
2025-09-04 16:53:59.763 [info] > git for-each-ref --format=%(refname)%00%(upstream:short)%00%(objectname)%00%(upstream:track)%00%(upstream:remotename)%00%(upstream:remoteref) refs/heads/main refs/remotes/main [2ms]
2025-09-04 16:53:59.782 [info] > git for-each-ref --sort -committerdate --format %(refname)%00%(objectname)%00%(*objectname) [3ms]
2025-09-04 16:53:59.911 [info] > git status -z -uall [141ms]
2025-09-04 16:54:05.048 [info] > git config --get commit.template [8ms]
2025-09-04 16:54:05.049 [info] > git for-each-ref --format=%(refname)%00%(upstream:short)%00%(objectname)%00%(upstream:track)%00%(upstream:remotename)%00%(upstream:remoteref) refs/heads/main refs/remotes/main [2ms]
2025-09-04 16:54:05.068 [info] > git for-each-ref --sort -committerdate --format %(refname)%00%(objectname)%00%(*objectname) [3ms]
2025-09-04 16:54:05.202 [info] > git status -z -uall [146ms]
2025-09-04 16:54:10.336 [info] > git config --get commit.template [8ms]
2025-09-04 16:54:10.338 [info] > git for-each-ref --format=%(refname)%00%(upstream:short)%00%(objectname)%00%(upstream:track)%00%(upstream:remotename)%00%(upstream:remoteref) refs/heads/main refs/remotes/main [3ms]
2025-09-04 16:54:10.356 [info] > git for-each-ref --sort -committerdate --format %(refname)%00%(objectname)%00%(*objectname) [2ms]
2025-09-04 16:54:10.495 [info] > git status -z -uall [150ms]
2025-09-04 16:54:15.637 [info] > git config --get commit.template [8ms]
2025-09-04 16:54:15.639 [info] > git for-each-ref --format=%(refname)%00%(upstream:short)%00%(objectname)%00%(upstream:track)%00%(upstream:remotename)%00%(upstream:remoteref) refs/heads/main refs/remotes/main [3ms]
2025-09-04 16:54:15.660 [info] > git for-each-ref --sort -committerdate --format %(refname)%00%(objectname)%00%(*objectname) [3ms]
2025-09-04 16:54:15.794 [info] > git status -z -uall [148ms]
2025-09-04 16:54:20.950 [info] > git config --get commit.template [37ms]
2025-09-04 16:54:20.950 [info] > git for-each-ref --format=%(refname)%00%(upstream:short)%00%(objectname)%00%(upstream:track)%00%(upstream:remotename)%00%(upstream:remoteref) refs/heads/main refs/remotes/main [30ms]
2025-09-04 16:54:20.975 [info] > git for-each-ref --sort -committerdate --format %(refname)%00%(objectname)%00%(*objectname) [2ms]
2025-09-04 16:54:21.100 [info] > git status -z -uall [137ms]
2025-09-04 16:54:26.249 [info] > git config --get commit.template [8ms]
2025-09-04 16:54:26.250 [info] > git for-each-ref --format=%(refname)%00%(upstream:short)%00%(objectname)%00%(upstream:track)%00%(upstream:remotename)%00%(upstream:remoteref) refs/heads/main refs/remotes/main [2ms]
2025-09-04 16:54:26.271 [info] > git for-each-ref --sort -committerdate --format %(refname)%00%(objectname)%00%(*objectname) [2ms]
2025-09-04 16:54:26.399 [info] > git status -z -uall [140ms]
2025-09-04 16:54:31.542 [info] > git config --get commit.template [8ms]
2025-09-04 16:54:31.544 [info] > git for-each-ref --format=%(refname)%00%(upstream:short)%00%(objectname)%00%(upstream:track)%00%(upstream:remotename)%00%(upstream:remoteref) refs/heads/main refs/remotes/main [3ms]
2025-09-04 16:54:31.565 [info] > git for-each-ref --sort -committerdate --format %(refname)%00%(objectname)%00%(*objectname) [4ms]
2025-09-04 16:54:31.697 [info] > git status -z -uall [145ms]
2025-09-04 16:54:36.823 [info] > git config --get commit.template [9ms]
2025-09-04 16:54:36.824 [info] > git for-each-ref --format=%(refname)%00%(upstream:short)%00%(objectname)%00%(upstream:track)%00%(upstream:remotename)%00%(upstream:remoteref) refs/heads/main refs/remotes/main [2ms]
2025-09-04 16:54:36.845 [info] > git for-each-ref --sort -committerdate --format %(refname)%00%(objectname)%00%(*objectname) [3ms]
2025-09-04 16:54:36.973 [info] > git status -z -uall [141ms]
2025-09-04 16:54:42.113 [info] > git config --get commit.template [8ms]
2025-09-04 16:54:42.114 [info] > git for-each-ref --format=%(refname)%00%(upstream:short)%00%(objectname)%00%(upstream:track)%00%(upstream:remotename)%00%(upstream:remoteref) refs/heads/main refs/remotes/main [2ms]
2025-09-04 16:54:42.136 [info] > git for-each-ref --sort -committerdate --format %(refname)%00%(objectname)%00%(*objectname) [3ms]
2025-09-04 16:54:42.287 [info] > git status -z -uall [162ms]
2025-09-04 16:54:47.426 [info] > git config --get commit.template [11ms]
2025-09-04 16:54:47.427 [info] > git for-each-ref --format=%(refname)%00%(upstream:short)%00%(objectname)%00%(upstream:track)%00%(upstream:remotename)%00%(upstream:remoteref) refs/heads/main refs/remotes/main [2ms]
2025-09-04 16:54:47.449 [info] > git for-each-ref --sort -committerdate --format %(refname)%00%(objectname)%00%(*objectname) [3ms]
2025-09-04 16:54:47.584 [info] > git status -z -uall [148ms]
2025-09-04 16:54:52.732 [info] > git config --get commit.template [8ms]
2025-09-04 16:54:52.733 [info] > git for-each-ref --format=%(refname)%00%(upstream:short)%00%(objectname)%00%(upstream:track)%00%(upstream:remotename)%00%(upstream:remoteref) refs/heads/main refs/remotes/main [2ms]
2025-09-04 16:54:52.755 [info] > git for-each-ref --sort -committerdate --format %(refname)%00%(objectname)%00%(*objectname) [2ms]
2025-09-04 16:54:52.895 [info] > git status -z -uall [153ms]
2025-09-04 16:54:58.797 [info] > git config --get commit.template [3ms]
2025-09-04 16:54:58.805 [info] > git for-each-ref --format=%(refname)%00%(upstream:short)%00%(objectname)%00%(upstream:track)%00%(upstream:remotename)%00%(upstream:remoteref) refs/heads/main refs/remotes/main [2ms]
2025-09-04 16:54:58.825 [info] > git for-each-ref --sort -committerdate --format %(refname)%00%(objectname)%00%(*objectname) [3ms]
2025-09-04 16:54:58.959 [info] > git status -z -uall [148ms]
2025-09-04 16:55:04.094 [info] > git config --get commit.template [4ms]
2025-09-04 16:55:04.103 [info] > git for-each-ref --format=%(refname)%00%(upstream:short)%00%(objectname)%00%(upstream:track)%00%(upstream:remotename)%00%(upstream:remoteref) refs/heads/main refs/remotes/main [2ms]
2025-09-04 16:55:04.122 [info] > git for-each-ref --sort -committerdate --format %(refname)%00%(objectname)%00%(*objectname) [2ms]
2025-09-04 16:55:04.263 [info] > git status -z -uall [153ms]
2025-09-04 16:55:09.400 [info] > git config --get commit.template [7ms]
2025-09-04 16:55:09.401 [info] > git for-each-ref --format=%(refname)%00%(upstream:short)%00%(objectname)%00%(upstream:track)%00%(upstream:remotename)%00%(upstream:remoteref) refs/heads/main refs/remotes/main [2ms]
2025-09-04 16:55:09.419 [info] > git for-each-ref --sort -committerdate --format %(refname)%00%(objectname)%00%(*objectname) [2ms]
2025-09-04 16:55:09.551 [info] > git status -z -uall [142ms]
2025-09-04 16:55:14.677 [info] > git config --get commit.template [7ms]
2025-09-04 16:55:14.678 [info] > git for-each-ref --format=%(refname)%00%(upstream:short)%00%(objectname)%00%(upstream:track)%00%(upstream:remotename)%00%(upstream:remoteref) refs/heads/main refs/remotes/main [2ms]
2025-09-04 16:55:14.697 [info] > git for-each-ref --sort -committerdate --format %(refname)%00%(objectname)%00%(*objectname) [2ms]
2025-09-04 16:55:14.830 [info] > git status -z -uall [144ms]
2025-09-04 16:55:19.977 [info] > git config --get commit.template [8ms]
2025-09-04 16:55:19.978 [info] > git for-each-ref --format=%(refname)%00%(upstream:short)%00%(objectname)%00%(upstream:track)%00%(upstream:remotename)%00%(upstream:remoteref) refs/heads/main refs/remotes/main [2ms]
2025-09-04 16:55:19.998 [info] > git for-each-ref --sort -committerdate --format %(refname)%00%(objectname)%00%(*objectname) [2ms]
2025-09-04 16:55:20.159 [info] > git status -z -uall [173ms]
2025-09-04 16:55:25.907 [info] > git config --get commit.template [9ms]
2025-09-04 16:55:25.908 [info] > git for-each-ref --format=%(refname)%00%(upstream:short)%00%(objectname)%00%(upstream:track)%00%(upstream:remotename)%00%(upstream:remoteref) refs/heads/main refs/remotes/main [2ms]
2025-09-04 16:55:25.929 [info] > git for-each-ref --sort -committerdate --format %(refname)%00%(objectname)%00%(*objectname) [3ms]
2025-09-04 16:55:26.059 [info] > git status -z -uall [142ms]
2025-09-04 16:55:31.200 [info] > git config --get commit.template [8ms]
2025-09-04 16:55:31.201 [info] > git for-each-ref --format=%(refname)%00%(upstream:short)%00%(objectname)%00%(upstream:track)%00%(upstream:remotename)%00%(upstream:remoteref) refs/heads/main refs/remotes/main [2ms]
2025-09-04 16:55:31.222 [info] > git for-each-ref --sort -committerdate --format %(refname)%00%(objectname)%00%(*objectname) [2ms]
2025-09-04 16:55:31.356 [info] > git status -z -uall [147ms]
2025-09-04 16:55:36.484 [info] > git config --get commit.template [9ms]
2025-09-04 16:55:36.486 [info] > git for-each-ref --format=%(refname)%00%(upstream:short)%00%(objectname)%00%(upstream:track)%00%(upstream:remotename)%00%(upstream:remoteref) refs/heads/main refs/remotes/main [3ms]
2025-09-04 16:55:36.506 [info] > git for-each-ref --sort -committerdate --format %(refname)%00%(objectname)%00%(*objectname) [2ms]
2025-09-04 16:55:36.640 [info] > git status -z -uall [146ms]
2025-09-04 16:55:41.787 [info] > git config --get commit.template [9ms]
2025-09-04 16:55:41.788 [info] > git for-each-ref --format=%(refname)%00%(upstream:short)%00%(objectname)%00%(upstream:track)%00%(upstream:remotename)%00%(upstream:remoteref) refs/heads/main refs/remotes/main [2ms]
2025-09-04 16:55:41.812 [info] > git for-each-ref --sort -committerdate --format %(refname)%00%(objectname)%00%(*objectname) [5ms]
2025-09-04 16:55:41.935 [info] > git status -z -uall [139ms]
2025-09-04 16:55:47.076 [info] > git config --get commit.template [9ms]
2025-09-04 16:55:47.077 [info] > git for-each-ref --format=%(refname)%00%(upstream:short)%00%(objectname)%00%(upstream:track)%00%(upstream:remotename)%00%(upstream:remoteref) refs/heads/main refs/remotes/main [2ms]
2025-09-04 16:55:47.097 [info] > git for-each-ref --sort -committerdate --format %(refname)%00%(objectname)%00%(*objectname) [3ms]
2025-09-04 16:55:47.235 [info] > git status -z -uall [150ms]
2025-09-04 16:55:52.363 [info] > git config --get commit.template [8ms]
2025-09-04 16:55:52.365 [info] > git for-each-ref --format=%(refname)%00%(upstream:short)%00%(objectname)%00%(upstream:track)%00%(upstream:remotename)%00%(upstream:remoteref) refs/heads/main refs/remotes/main [2ms]
2025-09-04 16:55:52.385 [info] > git for-each-ref --sort -committerdate --format %(refname)%00%(objectname)%00%(*objectname) [3ms]
2025-09-04 16:55:52.515 [info] > git status -z -uall [142ms]
2025-09-04 16:55:57.664 [info] > git config --get commit.template [7ms]
2025-09-04 16:55:57.665 [info] > git for-each-ref --format=%(refname)%00%(upstream:short)%00%(objectname)%00%(upstream:track)%00%(upstream:remotename)%00%(upstream:remoteref) refs/heads/main refs/remotes/main [2ms]
2025-09-04 16:55:57.686 [info] > git for-each-ref --sort -committerdate --format %(refname)%00%(objectname)%00%(*objectname) [3ms]
2025-09-04 16:55:57.824 [info] > git status -z -uall [151ms]
2025-09-04 16:56:02.948 [info] > git config --get commit.template [8ms]
2025-09-04 16:56:02.949 [info] > git for-each-ref --format=%(refname)%00%(upstream:short)%00%(objectname)%00%(upstream:track)%00%(upstream:remotename)%00%(upstream:remoteref) refs/heads/main refs/remotes/main [2ms]
2025-09-04 16:56:02.968 [info] > git for-each-ref --sort -committerdate --format %(refname)%00%(objectname)%00%(*objectname) [2ms]
2025-09-04 16:56:03.102 [info] > git status -z -uall [144ms]
